{"name":"1741580392","hostname":"DESKTOP-ATRG469","pid":3756,"level":20,"msg":"Sync server version: 1.3.8 2022-02-25 10:58:11 -0600 50659ecda06a8b79a41f24c1fdff05187324402b","time":"2025-03-10T04:19:51.901Z","v":0}
{"name":"1741580392","hostname":"DESKTOP-ATRG469","pid":3756,"level":30,"msg":"Acquiring actors for session 1741580392: ACTOR1","time":"2025-03-10T04:19:51.902Z","v":0}
{"name":"1741580392","hostname":"DESKTOP-ATRG469","pid":3756,"level":30,"msg":"Session 1741580392 with label \"Session 1741579598 6\" started at 2025-03-10 04:19:51 UTC","time":"2025-03-10T04:19:51.902Z","v":0}
{"name":"1741580392","hostname":"DESKTOP-ATRG469","pid":3756,"level":30,"actorType":"ACTOR1","actorId":"48376","time":"2025-03-10T04:19:55.9285517Z","msg":"Actor 48376 of type ACTOR1 was acquired by test session 1741580392","v":0}
{"name":"1741580392","hostname":"DESKTOP-ATRG469","pid":3756,"level":20,"actorType":"ACTOR1","actorId":"48376","time":"2025-03-10T04:19:55.9474401Z","msg":"DEBUG: Test actor JAR versions:","v":0}
{"name":"1741580392","hostname":"DESKTOP-ATRG469","pid":3756,"level":20,"actorType":"ACTOR1","actorId":"48376","time":"2025-03-10T04:19:55.9474401Z","msg":"DEBUG:   opentest-appium-0.0.1.jar: 2022-02-25 10:58 -0600 0.0.1-50659ecda06a8b79a41f24c1fdff05187324402b-dirty","v":0}
{"name":"1741580392","hostname":"DESKTOP-ATRG469","pid":3756,"level":20,"actorType":"ACTOR1","actorId":"48376","time":"2025-03-10T04:19:55.9484411Z","msg":"DEBUG:   opentest-base-0.0.1.jar: 2022-02-25 10:58 -0600 0.0.1-50659ecda06a8b79a41f24c1fdff05187324402b-dirty","v":0}
{"name":"1741580392","hostname":"DESKTOP-ATRG469","pid":3756,"level":20,"actorType":"ACTOR1","actorId":"48376","time":"2025-03-10T04:19:55.9484411Z","msg":"DEBUG:   opentest-selenium-0.0.1.jar: 2022-02-25 10:58 -0600 0.0.1-50659ecda06a8b79a41f24c1fdff05187324402b-dirty","v":0}
{"name":"1741580392","hostname":"DESKTOP-ATRG469","pid":3756,"level":40,"actorType":"ACTOR1","actorId":"48376","time":"2025-03-10T04:19:55.9484411Z","msg":"WARN: Failed to log extension JARs","v":0}
{"name":"1741580392","hostname":"DESKTOP-ATRG469","pid":3756,"level":10,"actorType":"ACTOR1","actorId":"48376","time":"2025-03-10T04:19:55.9494765Z","msg":"TRACE: Firing SESSION_STARTED event...","v":0}
{"name":"1741580392","hostname":"DESKTOP-ATRG469","pid":3756,"level":30,"actorType":"ACTOR1","actorId":"48376","time":"2025-03-10T04:19:55.9804388Z","msg":"==================== ACTOR1: web/DemoBlaze/Caso1 ====================","v":0}
{"name":"1741580392","hostname":"DESKTOP-ATRG469","pid":3756,"level":30,"actorType":"ACTOR1","actorId":"48376","time":"2025-03-10T04:19:55.9814417Z","msg":"Actor ACTOR1 started executing test web/DemoBlaze/Caso1...","v":0}
{"name":"1741580392","hostname":"DESKTOP-ATRG469","pid":3756,"level":10,"actorType":"ACTOR1","actorId":"48376","time":"2025-03-10T04:19:55.9814417Z","msg":"TRACE: Firing TEST_STARTED event...","v":0}
{"name":"1741580392","hostname":"DESKTOP-ATRG469","pid":3756,"level":30,"actorType":"ACTOR1","actorId":"48376","time":"2025-03-10T04:19:55.9984398Z","msg":"Executing segment 1 of test web/DemoBlaze/Caso1...","v":0}
{"name":"1741580392","hostname":"DESKTOP-ATRG469","pid":3756,"level":30,"actorType":"ACTOR1","actorId":"48376","time":"2025-03-10T04:19:55.9984398Z","msg":"Evaluating action 1/2 (DemoBlaze.GoTo) in segment 1...","v":0}
{"name":"1741580392","hostname":"DESKTOP-ATRG469","pid":3756,"level":30,"actorType":"ACTOR1","actorId":"48376","time":"2025-03-10T04:19:56.0054393Z","msg":"Executing macro DemoBlaze/GoTo with arguments {\"website\":\"https://www.demoblaze.com/index.html\"}...","v":0}
{"name":"1741580392","hostname":"DESKTOP-ATRG469","pid":3756,"level":30,"actorType":"ACTOR1","actorId":"48376","time":"2025-03-10T04:19:56.0054393Z","msg":"Evaluating action 1/2 in macro DemoBlaze/GoTo (Navigate to the wiki page)...","v":0}
{"name":"1741580392","hostname":"DESKTOP-ATRG469","pid":3756,"level":10,"actorType":"ACTOR1","actorId":"48376","time":"2025-03-10T04:19:56.0084395Z","msg":"TRACE: Initializing action org.getopentest.selenium.NavigateTo...","v":0}
{"name":"1741580392","hostname":"DESKTOP-ATRG469","pid":3756,"level":30,"actorType":"ACTOR1","actorId":"48376","time":"2025-03-10T04:19:56.0084395Z","msg":"Using local Selenium server","v":0}
{"name":"1741580392","hostname":"DESKTOP-ATRG469","pid":3756,"level":10,"actorType":"ACTOR1","actorId":"48376","time":"2025-03-10T04:19:56.0094393Z","msg":"TRACE: Setting system property \"webdriver.chrome.driver\" to \"C:/Users/casa/Documents/opentest/forza/driver/chromedriver.exe\"","v":0}
{"name":"1741580392","hostname":"DESKTOP-ATRG469","pid":3756,"level":30,"actorType":"ACTOR1","actorId":"48376","time":"2025-03-10T04:19:56.6698157Z","msg":"Executing action org.getopentest.selenium.NavigateTo with arguments {\"url\":\"https://www.demoblaze.com/index.html\"}...","v":0}
{"name":"1741580392","hostname":"DESKTOP-ATRG469","pid":3756,"level":30,"actorType":"ACTOR1","actorId":"48376","time":"2025-03-10T04:19:57.3835703Z","msg":"Evaluating action 2/2 in macro DemoBlaze/GoTo...","v":0}
{"name":"1741580392","hostname":"DESKTOP-ATRG469","pid":3756,"level":10,"actorType":"ACTOR1","actorId":"48376","time":"2025-03-10T04:19:57.3835703Z","msg":"TRACE: Initializing action org.getopentest.base.ScriptAction...","v":0}
{"name":"1741580392","hostname":"DESKTOP-ATRG469","pid":3756,"level":30,"actorType":"ACTOR1","actorId":"48376","time":"2025-03-10T04:19:57.3835703Z","msg":"Executing action org.getopentest.base.ScriptAction (no arguments were provided)...","v":0}
{"name":"1741580392","hostname":"DESKTOP-ATRG469","pid":3756,"level":30,"actorType":"ACTOR1","actorId":"48376","time":"2025-03-10T04:20:02.391724Z","msg":"Evaluating action 2/2 (DemoBlaze.SelectItem) in segment 1...","v":0}
{"name":"1741580392","hostname":"DESKTOP-ATRG469","pid":3756,"level":30,"actorType":"ACTOR1","actorId":"48376","time":"2025-03-10T04:20:02.4177303Z","msg":"Executing macro DemoBlaze/SelectItem (no arguments were provided)...","v":0}
{"name":"1741580392","hostname":"DESKTOP-ATRG469","pid":3756,"level":30,"actorType":"ACTOR1","actorId":"48376","time":"2025-03-10T04:20:02.4187157Z","msg":"Evaluating action 1/2 in macro DemoBlaze/SelectItem (Navigate to the wiki page)...","v":0}
{"name":"1741580392","hostname":"DESKTOP-ATRG469","pid":3756,"level":10,"actorType":"ACTOR1","actorId":"48376","time":"2025-03-10T04:20:02.4267156Z","msg":"TRACE: Initializing action org.getopentest.selenium.Click...","v":0}
{"name":"1741580392","hostname":"DESKTOP-ATRG469","pid":3756,"level":30,"actorType":"ACTOR1","actorId":"48376","time":"2025-03-10T04:20:02.427716Z","msg":"Executing action org.getopentest.selenium.Click with arguments {\"locator\":\"//h4/a[text()='Samsung galaxy s6']\"}...","v":0}
{"name":"1741580392","hostname":"DESKTOP-ATRG469","pid":3756,"level":30,"actorType":"ACTOR1","actorId":"48376","time":"2025-03-10T04:20:03.6417695Z","msg":"Captured screenshot at C:\\Users\\casa\\Documents\\opentest\\forza\\actor1\\out\\screenshots\\SID1741580392_ACTOR1_T01_SG01_ST02_error.png","v":0}
{"name":"1741580392","hostname":"DESKTOP-ATRG469","pid":3756,"level":50,"actorType":"ACTOR1","actorId":"48376","time":"2025-03-10T04:20:03.6477717Z","msg":"ERROR: java.lang.Exception: Failed executing test web/DemoBlaze/Caso1, segment 1\r\n\tat org.getopentest.base.TestActor.executeTestSegment(TestActor.java:2208)\r\n\tat org.getopentest.base.TestActor.runOneSession(TestActor.java:3077)\r\n\tat org.getopentest.base.TestActor.runOneSession(TestActor.java:3113)\r\n\tat org.getopentest.Main.main(Main.java:20)\r\nCaused by: java.lang.RuntimeException: There was an error while executing action no. 2 (DemoBlaze.SelectItem) in segment 1 of test web/DemoBlaze/Caso1.\nThe action definition was:\n{\n  \"action\": \"org.getopentest.base.MacroAction\",\n  \"macro\": \"DemoBlaze.SelectItem\"\n}\r\n\tat org.getopentest.base.TestActor.executeTestSegment(TestActor.java:2142)\r\n\t... 3 more\r\nCaused by: java.lang.RuntimeException: Failed executing action org.getopentest.base.MacroAction (no arguments were provided)\r\n\tat org.getopentest.base.TestActor.executeActionByDef(TestActor.java:1872)\r\n\tat org.getopentest.base.TestActor.executeTestSegment(TestActor.java:2092)\r\n\t... 3 more\r\nCaused by: java.lang.Exception: There was an error executing macro action DemoBlaze.SelectItem (no arguments were provided)\r\n\tat org.getopentest.base.TestActor.executeMacroActionByName(TestActor.java:2021)\r\n\tat org.getopentest.base.TestActor.executeActionByDef(TestActor.java:1745)\r\n\t... 4 more\r\nCaused by: java.lang.RuntimeException: There was an error while executing action no. 1 (org.getopentest.selenium.Click) in macro DemoBlaze/SelectItem.\nThe action definition was:\n{\n  \"action\": \"org.getopentest.selenium.Click\",\n  \"args\": {\n    \"locator\": \"//h4/a[text()='Samsung galaxy s6']\"\n  },\n  \"description\": \"Navigate to the wiki page\"\n}\r\n\tat org.getopentest.base.TestActor.executeMacroActionByDef(TestActor.java:1973)\r\n\tat org.getopentest.base.TestActor.executeMacroActionByName(TestActor.java:2013)\r\n\t... 5 more\r\nCaused by: java.lang.RuntimeException: Failed executing action org.getopentest.selenium.Click with arguments {\"locator\":\"//h4/a[text()='Samsung galaxy s6']\"}\r\n\tat org.getopentest.base.TestActor.executeActionByDef(TestActor.java:1872)\r\n\tat org.getopentest.base.TestActor.executeMacroActionByDef(TestActor.java:1938)\r\n\t... 6 more\r\nCaused by: java.lang.RuntimeException: java.lang.RuntimeException: Invalid locator: //h4/a[text()='Samsung galaxy s6']. Locators are expected to be passed as objects that contain at least one of the following properties: id, name, text, class, tag, css or xpath.\r\n\tat org.getopentest.base.TestActor.executeActionByClassName(TestActor.java:1670)\r\n\tat org.getopentest.base.TestActor.executeActionByDef(TestActor.java:1749)\r\n\t... 7 more\r\nCaused by: java.lang.RuntimeException: Invalid locator: //h4/a[text()='Samsung galaxy s6']. Locators are expected to be passed as objects that contain at least one of the following properties: id, name, text, class, tag, css or xpath.\r\n\tat org.getopentest.selenium.core.SeleniumTestAction.getLocator(SeleniumTestAction.java:125)\r\n\tat org.getopentest.selenium.core.SeleniumTestAction.readLocatorArgument(SeleniumTestAction.java:234)\r\n\tat org.getopentest.selenium.Click.run(Click.java:24)\r\n\tat org.getopentest.base.TestActor.executeAction(TestActor.java:1571)\r\n\tat org.getopentest.base.TestActor.executeActionByClassName(TestActor.java:1647)\r\n\t... 8 more\r\n","v":0}
{"name":"1741580392","hostname":"DESKTOP-ATRG469","pid":3756,"level":30,"actorType":"ACTOR1","actorId":"48376","time":"2025-03-10T04:20:04.1695395Z","msg":"Test session has completed","v":0}
{"name":"1741580392","hostname":"DESKTOP-ATRG469","pid":3756,"level":10,"actorType":"ACTOR1","actorId":"48376","time":"2025-03-10T04:20:04.1705363Z","msg":"TRACE: Firing TEST_COMPLETED event...","v":0}
{"name":"1741580392","hostname":"DESKTOP-ATRG469","pid":3756,"level":10,"actorType":"ACTOR1","actorId":"48376","time":"2025-03-10T04:20:04.3017571Z","msg":"TRACE: Firing SESSION_COMPLETED event...","v":0}
{"name":"1741580392","hostname":"DESKTOP-ATRG469","pid":3756,"level":30,"actorType":"ACTOR1","actorId":"48376","time":"2025-03-10T04:20:04.3017571Z","msg":"Actor 48376 of type ACTOR1 with no tags is waiting to be acquired by a test session...","v":0}
{"name":"1741580392","hostname":"DESKTOP-ATRG469","pid":3756,"level":10,"actorType":"ACTOR1","actorId":"48376","time":"2025-03-10T04:20:35.8021133Z","msg":"TRACE: Initializing test session information in the \"announce\" method...","v":0}
{"name":"1741580392","hostname":"DESKTOP-ATRG469","pid":3756,"level":10,"actorType":"ACTOR1","actorId":"48376","time":"2025-03-10T04:20:35.8031028Z","msg":"TRACE: Session ID in sync server response was 1741580435; actor session ID was null","v":0}
