{"name":"1741640111","hostname":"DESKTOP-ATRG469","pid":8464,"level":20,"msg":"Sync server version: 1.3.8 2022-02-25 10:58:11 -0600 50659ecda06a8b79a41f24c1fdff05187324402b","time":"2025-03-10T20:55:11.281Z","v":0}
{"name":"1741640111","hostname":"DESKTOP-ATRG469","pid":8464,"level":30,"msg":"Acquiring actors for session 1741640111: ACTOR1","time":"2025-03-10T20:55:11.282Z","v":0}
{"name":"1741640111","hostname":"DESKTOP-ATRG469","pid":8464,"level":30,"msg":"Session 1741640111 with label \"Session 1741639883 4\" started at 2025-03-10 20:55:11 UTC","time":"2025-03-10T20:55:11.287Z","v":0}
{"name":"1741640111","hostname":"DESKTOP-ATRG469","pid":8464,"level":30,"actorType":"ACTOR1","actorId":"51646","time":"2025-03-10T20:55:14.4260967Z","msg":"Actor 51646 of type ACTOR1 was acquired by test session 1741640111","v":0}
{"name":"1741640111","hostname":"DESKTOP-ATRG469","pid":8464,"level":20,"actorType":"ACTOR1","actorId":"51646","time":"2025-03-10T20:55:14.4300789Z","msg":"DEBUG: Test actor JAR versions:","v":0}
{"name":"1741640111","hostname":"DESKTOP-ATRG469","pid":8464,"level":20,"actorType":"ACTOR1","actorId":"51646","time":"2025-03-10T20:55:14.4310755Z","msg":"DEBUG:   opentest-appium-0.0.1.jar: 2022-02-25 10:58 -0600 0.0.1-50659ecda06a8b79a41f24c1fdff05187324402b-dirty","v":0}
{"name":"1741640111","hostname":"DESKTOP-ATRG469","pid":8464,"level":20,"actorType":"ACTOR1","actorId":"51646","time":"2025-03-10T20:55:14.4310755Z","msg":"DEBUG:   opentest-base-0.0.1.jar: 2022-02-25 10:58 -0600 0.0.1-50659ecda06a8b79a41f24c1fdff05187324402b-dirty","v":0}
{"name":"1741640111","hostname":"DESKTOP-ATRG469","pid":8464,"level":20,"actorType":"ACTOR1","actorId":"51646","time":"2025-03-10T20:55:14.4320773Z","msg":"DEBUG:   opentest-selenium-0.0.1.jar: 2022-02-25 10:58 -0600 0.0.1-50659ecda06a8b79a41f24c1fdff05187324402b-dirty","v":0}
{"name":"1741640111","hostname":"DESKTOP-ATRG469","pid":8464,"level":40,"actorType":"ACTOR1","actorId":"51646","time":"2025-03-10T20:55:14.4320773Z","msg":"WARN: Failed to log extension JARs","v":0}
{"name":"1741640111","hostname":"DESKTOP-ATRG469","pid":8464,"level":10,"actorType":"ACTOR1","actorId":"51646","time":"2025-03-10T20:55:14.4320773Z","msg":"TRACE: Firing SESSION_STARTED event...","v":0}
{"name":"1741640111","hostname":"DESKTOP-ATRG469","pid":8464,"level":30,"actorType":"ACTOR1","actorId":"51646","time":"2025-03-10T20:55:14.4520768Z","msg":"==================== ACTOR1: web/DemoBlaze/Caso3 ====================","v":0}
{"name":"1741640111","hostname":"DESKTOP-ATRG469","pid":8464,"level":30,"actorType":"ACTOR1","actorId":"51646","time":"2025-03-10T20:55:14.4520768Z","msg":"Actor ACTOR1 started executing test web/DemoBlaze/Caso3...","v":0}
{"name":"1741640111","hostname":"DESKTOP-ATRG469","pid":8464,"level":10,"actorType":"ACTOR1","actorId":"51646","time":"2025-03-10T20:55:14.4520768Z","msg":"TRACE: Firing TEST_STARTED event...","v":0}
{"name":"1741640111","hostname":"DESKTOP-ATRG469","pid":8464,"level":30,"actorType":"ACTOR1","actorId":"51646","time":"2025-03-10T20:55:14.4670775Z","msg":"Executing segment 1 of test web/DemoBlaze/Caso3...","v":0}
{"name":"1741640111","hostname":"DESKTOP-ATRG469","pid":8464,"level":30,"actorType":"ACTOR1","actorId":"51646","time":"2025-03-10T20:55:14.4670775Z","msg":"Evaluating action 1/9 (DemoBlaze.GoTo) in segment 1...","v":0}
{"name":"1741640111","hostname":"DESKTOP-ATRG469","pid":8464,"level":30,"actorType":"ACTOR1","actorId":"51646","time":"2025-03-10T20:55:14.4710807Z","msg":"Executing macro DemoBlaze/GoTo with arguments {\"website\":\"https://www.demoblaze.com/index.html\"}...","v":0}
{"name":"1741640111","hostname":"DESKTOP-ATRG469","pid":8464,"level":30,"actorType":"ACTOR1","actorId":"51646","time":"2025-03-10T20:55:14.4720785Z","msg":"Evaluating action 1/2 in macro DemoBlaze/GoTo (Navigate to the wiki page)...","v":0}
{"name":"1741640111","hostname":"DESKTOP-ATRG469","pid":8464,"level":10,"actorType":"ACTOR1","actorId":"51646","time":"2025-03-10T20:55:14.473079Z","msg":"TRACE: Initializing action org.getopentest.selenium.NavigateTo...","v":0}
{"name":"1741640111","hostname":"DESKTOP-ATRG469","pid":8464,"level":30,"actorType":"ACTOR1","actorId":"51646","time":"2025-03-10T20:55:14.473079Z","msg":"Using local Selenium server","v":0}
{"name":"1741640111","hostname":"DESKTOP-ATRG469","pid":8464,"level":10,"actorType":"ACTOR1","actorId":"51646","time":"2025-03-10T20:55:14.47408Z","msg":"TRACE: Setting system property \"webdriver.chrome.driver\" to \"C:/Users/casa/Documents/opentest/forza/driver/chromedriver.exe\"","v":0}
{"name":"1741640111","hostname":"DESKTOP-ATRG469","pid":8464,"level":30,"actorType":"ACTOR1","actorId":"51646","time":"2025-03-10T20:55:15.0529169Z","msg":"Executing action org.getopentest.selenium.NavigateTo with arguments {\"url\":\"https://www.demoblaze.com/index.html\"}...","v":0}
{"name":"1741640111","hostname":"DESKTOP-ATRG469","pid":8464,"level":30,"actorType":"ACTOR1","actorId":"51646","time":"2025-03-10T20:55:17.1839752Z","msg":"Evaluating action 2/2 in macro DemoBlaze/GoTo...","v":0}
{"name":"1741640111","hostname":"DESKTOP-ATRG469","pid":8464,"level":10,"actorType":"ACTOR1","actorId":"51646","time":"2025-03-10T20:55:17.1849745Z","msg":"TRACE: Initializing action org.getopentest.base.ScriptAction...","v":0}
{"name":"1741640111","hostname":"DESKTOP-ATRG469","pid":8464,"level":30,"actorType":"ACTOR1","actorId":"51646","time":"2025-03-10T20:55:17.1849745Z","msg":"Executing action org.getopentest.base.ScriptAction (no arguments were provided)...","v":0}
{"name":"1741640111","hostname":"DESKTOP-ATRG469","pid":8464,"level":30,"actorType":"ACTOR1","actorId":"51646","time":"2025-03-10T20:55:22.1989097Z","msg":"Evaluating action 2/9 (DemoBlaze.ChooseCategory) in segment 1...","v":0}
{"name":"1741640111","hostname":"DESKTOP-ATRG469","pid":8464,"level":30,"actorType":"ACTOR1","actorId":"51646","time":"2025-03-10T20:55:22.2129487Z","msg":"Executing macro DemoBlaze/ChooseCategory with arguments {\"category\":\"Laptops\"}...","v":0}
{"name":"1741640111","hostname":"DESKTOP-ATRG469","pid":8464,"level":30,"actorType":"ACTOR1","actorId":"51646","time":"2025-03-10T20:55:22.2129487Z","msg":"Evaluating action 1/1 in macro DemoBlaze/ChooseCategory...","v":0}
{"name":"1741640111","hostname":"DESKTOP-ATRG469","pid":8464,"level":10,"actorType":"ACTOR1","actorId":"51646","time":"2025-03-10T20:55:22.2129487Z","msg":"TRACE: Initializing action org.getopentest.base.ScriptAction...","v":0}
{"name":"1741640111","hostname":"DESKTOP-ATRG469","pid":8464,"level":30,"actorType":"ACTOR1","actorId":"51646","time":"2025-03-10T20:55:22.2139221Z","msg":"Executing action org.getopentest.base.ScriptAction (no arguments were provided)...","v":0}
{"name":"1741640111","hostname":"DESKTOP-ATRG469","pid":8464,"level":10,"actorType":"ACTOR1","actorId":"51646","time":"2025-03-10T20:55:22.2409179Z","msg":"TRACE: Initializing action org.getopentest.selenium.Click...","v":0}
{"name":"1741640111","hostname":"DESKTOP-ATRG469","pid":8464,"level":30,"actorType":"ACTOR1","actorId":"51646","time":"2025-03-10T20:55:22.2409179Z","msg":"Executing action org.getopentest.selenium.Click with arguments {\"locator\":{\"xpath\":\"//div[a[text()='CATEGORIES']]/a[text()='Laptops']\"}}...","v":0}
{"name":"1741640111","hostname":"DESKTOP-ATRG469","pid":8464,"level":30,"actorType":"ACTOR1","actorId":"51646","time":"2025-03-10T20:55:22.3581092Z","msg":"Evaluating action 3/9 (DemoBlaze.AddToCart) in segment 1...","v":0}
{"name":"1741640111","hostname":"DESKTOP-ATRG469","pid":8464,"level":30,"actorType":"ACTOR1","actorId":"51646","time":"2025-03-10T20:55:22.3631199Z","msg":"Executing macro DemoBlaze/AddToCart with arguments {\"item\":\"Sony vaio i5\"}...","v":0}
{"name":"1741640111","hostname":"DESKTOP-ATRG469","pid":8464,"level":30,"actorType":"ACTOR1","actorId":"51646","time":"2025-03-10T20:55:22.3631199Z","msg":"Evaluating action 1/1 in macro DemoBlaze/AddToCart...","v":0}
{"name":"1741640111","hostname":"DESKTOP-ATRG469","pid":8464,"level":10,"actorType":"ACTOR1","actorId":"51646","time":"2025-03-10T20:55:22.3641145Z","msg":"TRACE: Initializing action org.getopentest.base.ScriptAction...","v":0}
{"name":"1741640111","hostname":"DESKTOP-ATRG469","pid":8464,"level":30,"actorType":"ACTOR1","actorId":"51646","time":"2025-03-10T20:55:22.3641145Z","msg":"Executing action org.getopentest.base.ScriptAction (no arguments were provided)...","v":0}
{"name":"1741640111","hostname":"DESKTOP-ATRG469","pid":8464,"level":10,"actorType":"ACTOR1","actorId":"51646","time":"2025-03-10T20:55:22.3771086Z","msg":"TRACE: Initializing action org.getopentest.selenium.Click...","v":0}
{"name":"1741640111","hostname":"DESKTOP-ATRG469","pid":8464,"level":30,"actorType":"ACTOR1","actorId":"51646","time":"2025-03-10T20:55:22.3781084Z","msg":"Executing action org.getopentest.selenium.Click with arguments {\"locator\":{\"xpath\":\"//h4/a[text()='Sony vaio i5']\"}}...","v":0}
{"name":"1741640111","hostname":"DESKTOP-ATRG469","pid":8464,"level":10,"actorType":"ACTOR1","actorId":"51646","time":"2025-03-10T20:55:22.7302504Z","msg":"TRACE: Initializing action org.getopentest.selenium.Click...","v":0}
{"name":"1741640111","hostname":"DESKTOP-ATRG469","pid":8464,"level":30,"actorType":"ACTOR1","actorId":"51646","time":"2025-03-10T20:55:22.7302504Z","msg":"Executing action org.getopentest.selenium.Click with arguments {\"locator\":{\"xpath\":\"//div/div/a[text()=\\\"Add to cart\\\"]\"}}...","v":0}
{"name":"1741640111","hostname":"DESKTOP-ATRG469","pid":8464,"level":10,"actorType":"ACTOR1","actorId":"51646","time":"2025-03-10T20:55:23.3796125Z","msg":"TRACE: Initializing action org.getopentest.selenium.HandleModal...","v":0}
{"name":"1741640111","hostname":"DESKTOP-ATRG469","pid":8464,"level":30,"actorType":"ACTOR1","actorId":"51646","time":"2025-03-10T20:55:23.3796125Z","msg":"Executing action org.getopentest.selenium.HandleModal with arguments {\"perform\":\"getText\"}...","v":0}
{"name":"1741640111","hostname":"DESKTOP-ATRG469","pid":8464,"level":20,"actorType":"ACTOR1","actorId":"51646","time":"2025-03-10T20:55:23.9119067Z","msg":"DEBUG: The output values from action org.getopentest.selenium.HandleModal were: \n\t>>>>> text = \"Product added\"","v":0}
{"name":"1741640111","hostname":"DESKTOP-ATRG469","pid":8464,"level":30,"actorType":"ACTOR1","actorId":"51646","time":"2025-03-10T20:55:23.9210132Z","msg":"The dialog box said: Product added","v":0}
{"name":"1741640111","hostname":"DESKTOP-ATRG469","pid":8464,"level":30,"actorType":"ACTOR1","actorId":"51646","time":"2025-03-10T20:55:25.9321237Z","msg":"Evaluating action 4/9 (DemoBlaze.ChooseNavOption) in segment 1...","v":0}
{"name":"1741640111","hostname":"DESKTOP-ATRG469","pid":8464,"level":30,"actorType":"ACTOR1","actorId":"51646","time":"2025-03-10T20:55:25.9351234Z","msg":"Executing macro DemoBlaze/ChooseNavOption with arguments {\"item\":\"Home \"}...","v":0}
{"name":"1741640111","hostname":"DESKTOP-ATRG469","pid":8464,"level":30,"actorType":"ACTOR1","actorId":"51646","time":"2025-03-10T20:55:25.9351234Z","msg":"Evaluating action 1/1 in macro DemoBlaze/ChooseNavOption...","v":0}
{"name":"1741640111","hostname":"DESKTOP-ATRG469","pid":8464,"level":10,"actorType":"ACTOR1","actorId":"51646","time":"2025-03-10T20:55:25.9351234Z","msg":"TRACE: Initializing action org.getopentest.base.ScriptAction...","v":0}
{"name":"1741640111","hostname":"DESKTOP-ATRG469","pid":8464,"level":30,"actorType":"ACTOR1","actorId":"51646","time":"2025-03-10T20:55:25.9351234Z","msg":"Executing action org.getopentest.base.ScriptAction (no arguments were provided)...","v":0}
{"name":"1741640111","hostname":"DESKTOP-ATRG469","pid":8464,"level":10,"actorType":"ACTOR1","actorId":"51646","time":"2025-03-10T20:55:25.9441244Z","msg":"TRACE: Initializing action org.getopentest.selenium.Click...","v":0}
{"name":"1741640111","hostname":"DESKTOP-ATRG469","pid":8464,"level":30,"actorType":"ACTOR1","actorId":"51646","time":"2025-03-10T20:55:25.9441244Z","msg":"Executing action org.getopentest.selenium.Click with arguments {\"locator\":{\"xpath\":\"//ul/li/a[text()=\\\"Home \\\"]\"}}...","v":0}
{"name":"1741640111","hostname":"DESKTOP-ATRG469","pid":8464,"level":40,"actorType":"ACTOR1","actorId":"51646","time":"2025-03-10T20:55:25.9491246Z","msg":"WARN: The waitForAsyncCallsToFinish method failed.","v":0}
{"name":"1741640111","hostname":"DESKTOP-ATRG469","pid":8464,"level":40,"actorType":"ACTOR1","actorId":"51646","time":"2025-03-10T20:55:25.9491246Z","msg":"WARN: org.openqa.selenium.UnhandledAlertException: unexpected alert open: {Alert text : Product added}\n  (Session info: chrome=134.0.6998.36): Product added\nBuild info: version: '3.141.59', revision: 'e82be7d358', time: '2018-11-14T08:17:03'\nSystem info: host: 'DESKTOP-ATRG469', ip: '192.168.0.5', os.name: 'Windows 10', os.arch: 'amd64', os.version: '10.0', java.version: '11.0.26'\nDriver info: org.openqa.selenium.chrome.ChromeDriver\nCapabilities {acceptInsecureCerts: false, browserName: chrome, browserVersion: 134.0.6998.36, chrome: {chromedriverVersion: 134.0.6998.35 (ea6ef4c2ac15..., userDataDir: C:\\Users\\casa\\AppData\\Local...}, fedcm:accounts: true, goog:chromeOptions: {debuggerAddress: localhost:51939}, javascriptEnabled: true, networkConnectionEnabled: false, pageLoadStrategy: normal, platform: WINDOWS, platformName: WINDOWS, proxy: Proxy(), setWindowRect: true, strictFileInteractability: false, timeouts: {implicit: 0, pageLoad: 300000, script: 30000}, unhandledPromptBehavior: dismiss and notify, webauthn:extension:credBlob: true, webauthn:extension:largeBlob: true, webauthn:extension:minPinLength: true, webauthn:extension:prf: true, webauthn:virtualAuthenticators: true}\nSession ID: 75ab7f4ec901fb0759e4aa0142141a79\r\n\tat org.openqa.selenium.remote.http.W3CHttpResponseCodec.decode(W3CHttpResponseCodec.java:120)\r\n\tat org.openqa.selenium.remote.http.W3CHttpResponseCodec.decode(W3CHttpResponseCodec.java:49)\r\n\tat org.openqa.selenium.remote.HttpCommandExecutor.execute(HttpCommandExecutor.java:158)\r\n\tat org.openqa.selenium.remote.service.DriverCommandExecutor.execute(DriverCommandExecutor.java:83)\r\n\tat org.openqa.selenium.remote.RemoteWebDriver.execute(RemoteWebDriver.java:552)\r\n\tat org.openqa.selenium.remote.RemoteWebDriver.executeAsyncScript(RemoteWebDriver.java:506)\r\n\tat com.paulhammant.ngwebdriver.NgWebDriver.waitForAngularRequestsToFinish(NgWebDriver.java:68)\r\n\tat org.getopentest.selenium.core.SeleniumTestAction.waitForAsyncCallsToFinish(SeleniumTestAction.java:318)\r\n\tat org.getopentest.selenium.Click.run(Click.java:26)\r\n\tat org.getopentest.base.TestActor.executeAction(TestActor.java:1571)\r\n\tat org.getopentest.base.TestActor.executeActionByClassName(TestActor.java:1647)\r\n\tat org.getopentest.base.TestActor.executeActionByDef(TestActor.java:1749)\r\n\tat org.getopentest.base.TestActor.access$1200(TestActor.java:84)\r\n\tat org.getopentest.base.TestActor$23.call(TestActor.java:873)\r\n\tat jdk.scripting.nashorn/jdk.nashorn.internal.runtime.linker.JSObjectLinker.jsObjectScopeCall(JSObjectLinker.java:254)\r\n\tat jdk.scripting.nashorn.scripts/jdk.nashorn.internal.scripts.Script$Recompilation$937$\\^eval\\_$cu1$restOf/0x00000008005b2c40.:program(<eval>:3)\r\n\tat jdk.scripting.nashorn/jdk.nashorn.internal.runtime.ScriptFunctionData.invoke(ScriptFunctionData.java:655)\r\n\tat jdk.scripting.nashorn/jdk.nashorn.internal.runtime.ScriptFunction.invoke(ScriptFunction.java:513)\r\n\tat jdk.scripting.nashorn/jdk.nashorn.internal.runtime.ScriptRuntime.apply(ScriptRuntime.java:527)\r\n\tat jdk.scripting.nashorn/jdk.nashorn.api.scripting.NashornScriptEngine.evalImpl(NashornScriptEngine.java:456)\r\n\tat jdk.scripting.nashorn/jdk.nashorn.api.scripting.NashornScriptEngine.evalImpl(NashornScriptEngine.java:413)\r\n\tat jdk.scripting.nashorn/jdk.nashorn.api.scripting.NashornScriptEngine.evalImpl(NashornScriptEngine.java:409)\r\n\tat jdk.scripting.nashorn/jdk.nashorn.api.scripting.NashornScriptEngine.eval(NashornScriptEngine.java:162)\r\n\tat java.scripting/javax.script.AbstractScriptEngine.eval(AbstractScriptEngine.java:264)\r\n\tat org.getopentest.base.TestActor.evalScript(TestActor.java:1476)\r\n\tat org.getopentest.base.ScriptAction.run(ScriptAction.java:32)\r\n\tat org.getopentest.base.TestActor.executeAction(TestActor.java:1571)\r\n\tat org.getopentest.base.TestActor.executeActionByDef(TestActor.java:1739)\r\n\tat org.getopentest.base.TestActor.executeMacroActionByDef(TestActor.java:1938)\r\n\tat org.getopentest.base.TestActor.executeMacroActionByName(TestActor.java:2013)\r\n\tat org.getopentest.base.TestActor.executeActionByDef(TestActor.java:1745)\r\n\tat org.getopentest.base.TestActor.executeTestSegment(TestActor.java:2092)\r\n\tat org.getopentest.base.TestActor.runOneSession(TestActor.java:3077)\r\n\tat org.getopentest.base.TestActor.runOneSession(TestActor.java:3113)\r\n\tat org.getopentest.Main.main(Main.java:20)\r\n","v":0}
{"name":"1741640111","hostname":"DESKTOP-ATRG469","pid":8464,"level":30,"actorType":"ACTOR1","actorId":"51646","time":"2025-03-10T20:55:28.2635115Z","msg":"Evaluating action 5/9 (DemoBlaze.ChooseCategory) in segment 1...","v":0}
{"name":"1741640111","hostname":"DESKTOP-ATRG469","pid":8464,"level":30,"actorType":"ACTOR1","actorId":"51646","time":"2025-03-10T20:55:28.267506Z","msg":"Executing macro DemoBlaze/ChooseCategory with arguments {\"category\":\"Phones\"}...","v":0}
{"name":"1741640111","hostname":"DESKTOP-ATRG469","pid":8464,"level":30,"actorType":"ACTOR1","actorId":"51646","time":"2025-03-10T20:55:28.2685049Z","msg":"Evaluating action 1/1 in macro DemoBlaze/ChooseCategory...","v":0}
{"name":"1741640111","hostname":"DESKTOP-ATRG469","pid":8464,"level":10,"actorType":"ACTOR1","actorId":"51646","time":"2025-03-10T20:55:28.2695051Z","msg":"TRACE: Initializing action org.getopentest.base.ScriptAction...","v":0}
{"name":"1741640111","hostname":"DESKTOP-ATRG469","pid":8464,"level":30,"actorType":"ACTOR1","actorId":"51646","time":"2025-03-10T20:55:28.2705171Z","msg":"Executing action org.getopentest.base.ScriptAction (no arguments were provided)...","v":0}
{"name":"1741640111","hostname":"DESKTOP-ATRG469","pid":8464,"level":10,"actorType":"ACTOR1","actorId":"51646","time":"2025-03-10T20:55:28.2785242Z","msg":"TRACE: Initializing action org.getopentest.selenium.Click...","v":0}
{"name":"1741640111","hostname":"DESKTOP-ATRG469","pid":8464,"level":30,"actorType":"ACTOR1","actorId":"51646","time":"2025-03-10T20:55:28.2805105Z","msg":"Executing action org.getopentest.selenium.Click with arguments {\"locator\":{\"xpath\":\"//div[a[text()='CATEGORIES']]/a[text()='Laptops']\"}}...","v":0}
{"name":"1741640111","hostname":"DESKTOP-ATRG469","pid":8464,"level":30,"actorType":"ACTOR1","actorId":"51646","time":"2025-03-10T20:55:28.3704916Z","msg":"Evaluating action 6/9 (DemoBlaze.AddToCart) in segment 1...","v":0}
{"name":"1741640111","hostname":"DESKTOP-ATRG469","pid":8464,"level":30,"actorType":"ACTOR1","actorId":"51646","time":"2025-03-10T20:55:28.3714915Z","msg":"Executing macro DemoBlaze/AddToCart with arguments {\"item\":\"Samsung galaxy s6\"}...","v":0}
{"name":"1741640111","hostname":"DESKTOP-ATRG469","pid":8464,"level":30,"actorType":"ACTOR1","actorId":"51646","time":"2025-03-10T20:55:28.3714915Z","msg":"Evaluating action 1/1 in macro DemoBlaze/AddToCart...","v":0}
{"name":"1741640111","hostname":"DESKTOP-ATRG469","pid":8464,"level":10,"actorType":"ACTOR1","actorId":"51646","time":"2025-03-10T20:55:28.3714915Z","msg":"TRACE: Initializing action org.getopentest.base.ScriptAction...","v":0}
{"name":"1741640111","hostname":"DESKTOP-ATRG469","pid":8464,"level":30,"actorType":"ACTOR1","actorId":"51646","time":"2025-03-10T20:55:28.3714915Z","msg":"Executing action org.getopentest.base.ScriptAction (no arguments were provided)...","v":0}
{"name":"1741640111","hostname":"DESKTOP-ATRG469","pid":8464,"level":10,"actorType":"ACTOR1","actorId":"51646","time":"2025-03-10T20:55:28.3734983Z","msg":"TRACE: Initializing action org.getopentest.selenium.Click...","v":0}
{"name":"1741640111","hostname":"DESKTOP-ATRG469","pid":8464,"level":30,"actorType":"ACTOR1","actorId":"51646","time":"2025-03-10T20:55:28.3734983Z","msg":"Executing action org.getopentest.selenium.Click with arguments {\"locator\":{\"xpath\":\"//h4/a[text()='Sony vaio i5']\"}}...","v":0}
{"name":"1741640111","hostname":"DESKTOP-ATRG469","pid":8464,"level":10,"actorType":"ACTOR1","actorId":"51646","time":"2025-03-10T20:55:28.6109014Z","msg":"TRACE: Initializing action org.getopentest.selenium.Click...","v":0}
{"name":"1741640111","hostname":"DESKTOP-ATRG469","pid":8464,"level":30,"actorType":"ACTOR1","actorId":"51646","time":"2025-03-10T20:55:28.6109014Z","msg":"Executing action org.getopentest.selenium.Click with arguments {\"locator\":{\"xpath\":\"//div/div/a[text()=\\\"Add to cart\\\"]\"}}...","v":0}
{"name":"1741640111","hostname":"DESKTOP-ATRG469","pid":8464,"level":10,"actorType":"ACTOR1","actorId":"51646","time":"2025-03-10T20:55:29.2799594Z","msg":"TRACE: Initializing action org.getopentest.selenium.HandleModal...","v":0}
{"name":"1741640111","hostname":"DESKTOP-ATRG469","pid":8464,"level":30,"actorType":"ACTOR1","actorId":"51646","time":"2025-03-10T20:55:29.2799594Z","msg":"Executing action org.getopentest.selenium.HandleModal with arguments {\"perform\":\"getText\"}...","v":0}
{"name":"1741640111","hostname":"DESKTOP-ATRG469","pid":8464,"level":20,"actorType":"ACTOR1","actorId":"51646","time":"2025-03-10T20:55:29.8094657Z","msg":"DEBUG: The output values from action org.getopentest.selenium.HandleModal were: \n\t>>>>> text = \"Product added\"","v":0}
{"name":"1741640111","hostname":"DESKTOP-ATRG469","pid":8464,"level":30,"actorType":"ACTOR1","actorId":"51646","time":"2025-03-10T20:55:29.8134613Z","msg":"The dialog box said: Product added","v":0}
{"name":"1741640111","hostname":"DESKTOP-ATRG469","pid":8464,"level":30,"actorType":"ACTOR1","actorId":"51646","time":"2025-03-10T20:55:31.8211474Z","msg":"Evaluating action 7/9 (DemoBlaze.ChooseNavOption) in segment 1...","v":0}
{"name":"1741640111","hostname":"DESKTOP-ATRG469","pid":8464,"level":30,"actorType":"ACTOR1","actorId":"51646","time":"2025-03-10T20:55:31.8251504Z","msg":"Executing macro DemoBlaze/ChooseNavOption with arguments {\"item\":\"Cart\"}...","v":0}
{"name":"1741640111","hostname":"DESKTOP-ATRG469","pid":8464,"level":30,"actorType":"ACTOR1","actorId":"51646","time":"2025-03-10T20:55:31.8261596Z","msg":"Evaluating action 1/1 in macro DemoBlaze/ChooseNavOption...","v":0}
{"name":"1741640111","hostname":"DESKTOP-ATRG469","pid":8464,"level":10,"actorType":"ACTOR1","actorId":"51646","time":"2025-03-10T20:55:31.8271512Z","msg":"TRACE: Initializing action org.getopentest.base.ScriptAction...","v":0}
{"name":"1741640111","hostname":"DESKTOP-ATRG469","pid":8464,"level":30,"actorType":"ACTOR1","actorId":"51646","time":"2025-03-10T20:55:31.8281512Z","msg":"Executing action org.getopentest.base.ScriptAction (no arguments were provided)...","v":0}
{"name":"1741640111","hostname":"DESKTOP-ATRG469","pid":8464,"level":10,"actorType":"ACTOR1","actorId":"51646","time":"2025-03-10T20:55:31.8331535Z","msg":"TRACE: Initializing action org.getopentest.selenium.Click...","v":0}
{"name":"1741640111","hostname":"DESKTOP-ATRG469","pid":8464,"level":30,"actorType":"ACTOR1","actorId":"51646","time":"2025-03-10T20:55:31.8351515Z","msg":"Executing action org.getopentest.selenium.Click with arguments {\"locator\":{\"xpath\":\"//ul/li/a[text()=\\\"Home \\\"]\"}}...","v":0}
{"name":"1741640111","hostname":"DESKTOP-ATRG469","pid":8464,"level":40,"actorType":"ACTOR1","actorId":"51646","time":"2025-03-10T20:55:31.8553836Z","msg":"WARN: The waitForAsyncCallsToFinish method failed.","v":0}
{"name":"1741640111","hostname":"DESKTOP-ATRG469","pid":8464,"level":40,"actorType":"ACTOR1","actorId":"51646","time":"2025-03-10T20:55:31.8563841Z","msg":"WARN: org.openqa.selenium.UnhandledAlertException: unexpected alert open: {Alert text : Product added}\n  (Session info: chrome=134.0.6998.36): Product added\nBuild info: version: '3.141.59', revision: 'e82be7d358', time: '2018-11-14T08:17:03'\nSystem info: host: 'DESKTOP-ATRG469', ip: '192.168.0.5', os.name: 'Windows 10', os.arch: 'amd64', os.version: '10.0', java.version: '11.0.26'\nDriver info: org.openqa.selenium.chrome.ChromeDriver\nCapabilities {acceptInsecureCerts: false, browserName: chrome, browserVersion: 134.0.6998.36, chrome: {chromedriverVersion: 134.0.6998.35 (ea6ef4c2ac15..., userDataDir: C:\\Users\\casa\\AppData\\Local...}, fedcm:accounts: true, goog:chromeOptions: {debuggerAddress: localhost:51939}, javascriptEnabled: true, networkConnectionEnabled: false, pageLoadStrategy: normal, platform: WINDOWS, platformName: WINDOWS, proxy: Proxy(), setWindowRect: true, strictFileInteractability: false, timeouts: {implicit: 0, pageLoad: 300000, script: 30000}, unhandledPromptBehavior: dismiss and notify, webauthn:extension:credBlob: true, webauthn:extension:largeBlob: true, webauthn:extension:minPinLength: true, webauthn:extension:prf: true, webauthn:virtualAuthenticators: true}\nSession ID: 75ab7f4ec901fb0759e4aa0142141a79\r\n\tat org.openqa.selenium.remote.http.W3CHttpResponseCodec.decode(W3CHttpResponseCodec.java:120)\r\n\tat org.openqa.selenium.remote.http.W3CHttpResponseCodec.decode(W3CHttpResponseCodec.java:49)\r\n\tat org.openqa.selenium.remote.HttpCommandExecutor.execute(HttpCommandExecutor.java:158)\r\n\tat org.openqa.selenium.remote.service.DriverCommandExecutor.execute(DriverCommandExecutor.java:83)\r\n\tat org.openqa.selenium.remote.RemoteWebDriver.execute(RemoteWebDriver.java:552)\r\n\tat org.openqa.selenium.remote.RemoteWebDriver.executeAsyncScript(RemoteWebDriver.java:506)\r\n\tat com.paulhammant.ngwebdriver.NgWebDriver.waitForAngularRequestsToFinish(NgWebDriver.java:68)\r\n\tat org.getopentest.selenium.core.SeleniumTestAction.waitForAsyncCallsToFinish(SeleniumTestAction.java:318)\r\n\tat org.getopentest.selenium.Click.run(Click.java:26)\r\n\tat org.getopentest.base.TestActor.executeAction(TestActor.java:1571)\r\n\tat org.getopentest.base.TestActor.executeActionByClassName(TestActor.java:1647)\r\n\tat org.getopentest.base.TestActor.executeActionByDef(TestActor.java:1749)\r\n\tat org.getopentest.base.TestActor.access$1200(TestActor.java:84)\r\n\tat org.getopentest.base.TestActor$23.call(TestActor.java:873)\r\n\tat jdk.scripting.nashorn/jdk.nashorn.internal.runtime.linker.JSObjectLinker.jsObjectScopeCall(JSObjectLinker.java:254)\r\n\tat jdk.scripting.nashorn.scripts/jdk.nashorn.internal.scripts.Script$Recompilation$937$\\^eval\\_/0x00000008005b2840.:program(<eval>:3)\r\n\tat jdk.scripting.nashorn/jdk.nashorn.internal.runtime.ScriptFunctionData.invoke(ScriptFunctionData.java:655)\r\n\tat jdk.scripting.nashorn/jdk.nashorn.internal.runtime.ScriptFunction.invoke(ScriptFunction.java:513)\r\n\tat jdk.scripting.nashorn/jdk.nashorn.internal.runtime.ScriptRuntime.apply(ScriptRuntime.java:527)\r\n\tat jdk.scripting.nashorn/jdk.nashorn.api.scripting.NashornScriptEngine.evalImpl(NashornScriptEngine.java:456)\r\n\tat jdk.scripting.nashorn/jdk.nashorn.api.scripting.NashornScriptEngine.evalImpl(NashornScriptEngine.java:413)\r\n\tat jdk.scripting.nashorn/jdk.nashorn.api.scripting.NashornScriptEngine.evalImpl(NashornScriptEngine.java:409)\r\n\tat jdk.scripting.nashorn/jdk.nashorn.api.scripting.NashornScriptEngine.eval(NashornScriptEngine.java:162)\r\n\tat java.scripting/javax.script.AbstractScriptEngine.eval(AbstractScriptEngine.java:264)\r\n\tat org.getopentest.base.TestActor.evalScript(TestActor.java:1476)\r\n\tat org.getopentest.base.ScriptAction.run(ScriptAction.java:32)\r\n\tat org.getopentest.base.TestActor.executeAction(TestActor.java:1571)\r\n\tat org.getopentest.base.TestActor.executeActionByDef(TestActor.java:1739)\r\n\tat org.getopentest.base.TestActor.executeMacroActionByDef(TestActor.java:1938)\r\n\tat org.getopentest.base.TestActor.executeMacroActionByName(TestActor.java:2013)\r\n\tat org.getopentest.base.TestActor.executeActionByDef(TestActor.java:1745)\r\n\tat org.getopentest.base.TestActor.executeTestSegment(TestActor.java:2092)\r\n\tat org.getopentest.base.TestActor.runOneSession(TestActor.java:3077)\r\n\tat org.getopentest.base.TestActor.runOneSession(TestActor.java:3113)\r\n\tat org.getopentest.Main.main(Main.java:20)\r\n","v":0}
{"name":"1741640111","hostname":"DESKTOP-ATRG469","pid":8464,"level":30,"actorType":"ACTOR1","actorId":"51646","time":"2025-03-10T20:55:34.064916Z","msg":"Evaluating action 8/9 (DemoBlaze.PlaceOrder) in segment 1...","v":0}
{"name":"1741640111","hostname":"DESKTOP-ATRG469","pid":8464,"level":30,"actorType":"ACTOR1","actorId":"51646","time":"2025-03-10T20:55:34.0771421Z","msg":"Executing macro DemoBlaze/PlaceOrder (no arguments were provided)...","v":0}
{"name":"1741640111","hostname":"DESKTOP-ATRG469","pid":8464,"level":30,"actorType":"ACTOR1","actorId":"51646","time":"2025-03-10T20:55:34.0771421Z","msg":"Evaluating action 1/1 in macro DemoBlaze/PlaceOrder...","v":0}
{"name":"1741640111","hostname":"DESKTOP-ATRG469","pid":8464,"level":10,"actorType":"ACTOR1","actorId":"51646","time":"2025-03-10T20:55:34.0771421Z","msg":"TRACE: Initializing action org.getopentest.base.ScriptAction...","v":0}
{"name":"1741640111","hostname":"DESKTOP-ATRG469","pid":8464,"level":30,"actorType":"ACTOR1","actorId":"51646","time":"2025-03-10T20:55:34.0771421Z","msg":"Executing action org.getopentest.base.ScriptAction (no arguments were provided)...","v":0}
{"name":"1741640111","hostname":"DESKTOP-ATRG469","pid":8464,"level":10,"actorType":"ACTOR1","actorId":"51646","time":"2025-03-10T20:55:34.0981452Z","msg":"TRACE: Initializing action org.getopentest.selenium.Click...","v":0}
{"name":"1741640111","hostname":"DESKTOP-ATRG469","pid":8464,"level":30,"actorType":"ACTOR1","actorId":"51646","time":"2025-03-10T20:55:34.0991448Z","msg":"Executing action org.getopentest.selenium.Click with arguments {\"locator\":{\"xpath\":\"//div/div/button[text()=\\\"Place Order\\\"]\"}}...","v":0}
{"name":"1741640111","hostname":"DESKTOP-ATRG469","pid":8464,"level":30,"actorType":"ACTOR1","actorId":"51646","time":"2025-03-10T20:55:45.6925416Z","msg":"Captured screenshot at C:\\Users\\casa\\Documents\\opentest\\forza\\actor1\\out\\screenshots\\SID1741640111_ACTOR1_T01_SG01_ST08_error.png","v":0}
{"name":"1741640111","hostname":"DESKTOP-ATRG469","pid":8464,"level":50,"actorType":"ACTOR1","actorId":"51646","time":"2025-03-10T20:55:45.6975425Z","msg":"ERROR: java.lang.Exception: Failed executing test web/DemoBlaze/Caso3, segment 1\r\n\tat org.getopentest.base.TestActor.executeTestSegment(TestActor.java:2208)\r\n\tat org.getopentest.base.TestActor.runOneSession(TestActor.java:3077)\r\n\tat org.getopentest.base.TestActor.runOneSession(TestActor.java:3113)\r\n\tat org.getopentest.Main.main(Main.java:20)\r\nCaused by: java.lang.RuntimeException: There was an error while executing action no. 8 (DemoBlaze.PlaceOrder) in segment 1 of test web/DemoBlaze/Caso3.\nThe action definition was:\n{\n  \"action\": \"org.getopentest.base.MacroAction\",\n  \"macro\": \"DemoBlaze.PlaceOrder\"\n}\r\n\tat org.getopentest.base.TestActor.executeTestSegment(TestActor.java:2142)\r\n\t... 3 more\r\nCaused by: java.lang.RuntimeException: Failed executing action org.getopentest.base.MacroAction (no arguments were provided)\r\n\tat org.getopentest.base.TestActor.executeActionByDef(TestActor.java:1872)\r\n\tat org.getopentest.base.TestActor.executeTestSegment(TestActor.java:2092)\r\n\t... 3 more\r\nCaused by: java.lang.Exception: There was an error executing macro action DemoBlaze.PlaceOrder (no arguments were provided)\r\n\tat org.getopentest.base.TestActor.executeMacroActionByName(TestActor.java:2021)\r\n\tat org.getopentest.base.TestActor.executeActionByDef(TestActor.java:1745)\r\n\t... 4 more\r\nCaused by: java.lang.RuntimeException: There was an error while executing action no. 1 (org.getopentest.base.ScriptAction) in macro DemoBlaze/PlaceOrder.\nThe action definition was:\n{\n  \"action\": \"org.getopentest.base.ScriptAction\",\n  \"script\": \"$runAction(\\\"org.getopentest.selenium.Click\\\", {\\n    locator: $data(\\\"DemoBlaze/PlaceOrder/locators\\\").homepage.placeOrder\\n});\\n\\n$runAction(\\\"org.getopentest.selenium.AssertElementVisible\\\", {\\n    locator: $data(\\\"DemoBlaze/PlaceOrder/locators\\\").homepage.assertOrderPlace\\n});\\n\\n$delay(3000);\"\n}\r\n\tat org.getopentest.base.TestActor.executeMacroActionByDef(TestActor.java:1973)\r\n\tat org.getopentest.base.TestActor.executeMacroActionByName(TestActor.java:2013)\r\n\t... 5 more\r\nCaused by: java.lang.RuntimeException: Failed executing action org.getopentest.base.ScriptAction (no arguments were provided)\r\n\tat org.getopentest.base.TestActor.executeActionByDef(TestActor.java:1872)\r\n\tat org.getopentest.base.TestActor.executeMacroActionByDef(TestActor.java:1938)\r\n\t... 6 more\r\nCaused by: java.lang.RuntimeException: Failed to evaluate JavaScript code at line number 2. The script content was: \n$runAction(\"org.getopentest.selenium.Click\", {\n    locator: $data(\"DemoBlaze/PlaceOrder/locators\").homepage.placeOrder\n});\n\n$runAction(\"org.getopentest.selenium.AssertElementVisible\", {\n    locator: $data(\"DemoBlaze/PlaceOrder/locators\").homepage.assertOrderPlace\n});\n\n$delay(3000);\r\n\tat org.getopentest.base.TestActor.evalScript(TestActor.java:1490)\r\n\tat org.getopentest.base.ScriptAction.run(ScriptAction.java:32)\r\n\tat org.getopentest.base.TestActor.executeAction(TestActor.java:1571)\r\n\tat org.getopentest.base.TestActor.executeActionByDef(TestActor.java:1739)\r\n\t... 7 more\r\nCaused by: java.lang.RuntimeException: Failed executing action org.getopentest.selenium.Click with arguments {\"locator\":{\"xpath\":\"//div/div/button[text()=\\\"Place Order\\\"]\"}}\r\n\tat org.getopentest.base.TestActor$23.call(TestActor.java:901)\r\n\tat jdk.scripting.nashorn/jdk.nashorn.internal.runtime.linker.JSObjectLinker.jsObjectScopeCall(JSObjectLinker.java:254)\r\n\tat jdk.scripting.nashorn.scripts/jdk.nashorn.internal.scripts.Script$Recompilation$940$\\^eval\\_$cu1$restOf/0x00000008005b4040.:program(<eval>:2)\r\n\tat jdk.scripting.nashorn/jdk.nashorn.internal.runtime.ScriptFunctionData.invoke(ScriptFunctionData.java:655)\r\n\tat jdk.scripting.nashorn/jdk.nashorn.internal.runtime.ScriptFunction.invoke(ScriptFunction.java:513)\r\n\tat jdk.scripting.nashorn/jdk.nashorn.internal.runtime.ScriptRuntime.apply(ScriptRuntime.java:527)\r\n\tat jdk.scripting.nashorn/jdk.nashorn.api.scripting.NashornScriptEngine.evalImpl(NashornScriptEngine.java:456)\r\n\tat jdk.scripting.nashorn/jdk.nashorn.api.scripting.NashornScriptEngine.evalImpl(NashornScriptEngine.java:413)\r\n\tat jdk.scripting.nashorn/jdk.nashorn.api.scripting.NashornScriptEngine.evalImpl(NashornScriptEngine.java:409)\r\n\tat jdk.scripting.nashorn/jdk.nashorn.api.scripting.NashornScriptEngine.eval(NashornScriptEngine.java:162)\r\n\tat java.scripting/javax.script.AbstractScriptEngine.eval(AbstractScriptEngine.java:264)\r\n\tat org.getopentest.base.TestActor.evalScript(TestActor.java:1476)\r\n\t... 10 more\r\nCaused by: java.lang.RuntimeException: Failed executing action org.getopentest.selenium.Click with arguments {\"locator\":{\"xpath\":\"//div/div/button[text()=\\\"Place Order\\\"]\"}}\r\n\tat org.getopentest.base.TestActor.executeActionByDef(TestActor.java:1872)\r\n\tat org.getopentest.base.TestActor.access$1200(TestActor.java:84)\r\n\tat org.getopentest.base.TestActor$23.call(TestActor.java:873)\r\n\t... 21 more\r\nCaused by: java.lang.RuntimeException: java.lang.RuntimeException: Failed clicking on element By.xpath: //div/div/button[text()=\"Place Order\"]\r\n\tat org.getopentest.base.TestActor.executeActionByClassName(TestActor.java:1670)\r\n\tat org.getopentest.base.TestActor.executeActionByDef(TestActor.java:1749)\r\n\t... 23 more\r\nCaused by: java.lang.RuntimeException: Failed clicking on element By.xpath: //div/div/button[text()=\"Place Order\"]\r\n\tat org.getopentest.selenium.Click.run(Click.java:34)\r\n\tat org.getopentest.base.TestActor.executeAction(TestActor.java:1571)\r\n\tat org.getopentest.base.TestActor.executeActionByClassName(TestActor.java:1647)\r\n\t... 24 more\r\nCaused by: org.openqa.selenium.TimeoutException: Expected condition failed: waiting for presence of element located by: By.xpath: //div/div/button[text()=\"Place Order\"] (tried for 10 second(s) with 500 milliseconds interval)\r\n\tat org.openqa.selenium.support.ui.WebDriverWait.timeoutException(WebDriverWait.java:95)\r\n\tat org.openqa.selenium.support.ui.FluentWait.until(FluentWait.java:272)\r\n\tat org.getopentest.selenium.core.SeleniumTestAction.getElement(SeleniumTestAction.java:58)\r\n\tat org.getopentest.selenium.core.SeleniumTestAction.getElement(SeleniumTestAction.java:50)\r\n\tat org.getopentest.selenium.Click.run(Click.java:29)\r\n\t... 26 more\r\nCaused by: org.openqa.selenium.NoSuchElementException: no such element: Unable to locate element: {\"method\":\"xpath\",\"selector\":\"//div/div/button[text()=\"Place Order\"]\"}\n  (Session info: chrome=134.0.6998.36)\nFor documentation on this error, please visit: https://www.seleniumhq.org/exceptions/no_such_element.html\nBuild info: version: '3.141.59', revision: 'e82be7d358', time: '2018-11-14T08:17:03'\nSystem info: host: 'DESKTOP-ATRG469', ip: '192.168.0.5', os.name: 'Windows 10', os.arch: 'amd64', os.version: '10.0', java.version: '11.0.26'\nDriver info: org.openqa.selenium.chrome.ChromeDriver\nCapabilities {acceptInsecureCerts: false, browserName: chrome, browserVersion: 134.0.6998.36, chrome: {chromedriverVersion: 134.0.6998.35 (ea6ef4c2ac15..., userDataDir: C:\\Users\\casa\\AppData\\Local...}, fedcm:accounts: true, goog:chromeOptions: {debuggerAddress: localhost:51939}, javascriptEnabled: true, networkConnectionEnabled: false, pageLoadStrategy: normal, platform: WINDOWS, platformName: WINDOWS, proxy: Proxy(), setWindowRect: true, strictFileInteractability: false, timeouts: {implicit: 0, pageLoad: 300000, script: 30000}, unhandledPromptBehavior: dismiss and notify, webauthn:extension:credBlob: true, webauthn:extension:largeBlob: true, webauthn:extension:minPinLength: true, webauthn:extension:prf: true, webauthn:virtualAuthenticators: true}\nSession ID: 75ab7f4ec901fb0759e4aa0142141a79\n*** Element info: {Using=xpath, value=//div/div/button[text()=\"Place Order\"]}\r\n\tat jdk.internal.reflect.GeneratedConstructorAccessor33.newInstance(Unknown Source)\r\n\tat java.base/jdk.internal.reflect.DelegatingConstructorAccessorImpl.newInstance(DelegatingConstructorAccessorImpl.java:45)\r\n\tat java.base/java.lang.reflect.Constructor.newInstance(Constructor.java:490)\r\n\tat org.openqa.selenium.remote.http.W3CHttpResponseCodec.createException(W3CHttpResponseCodec.java:187)\r\n\tat org.openqa.selenium.remote.http.W3CHttpResponseCodec.decode(W3CHttpResponseCodec.java:122)\r\n\tat org.openqa.selenium.remote.http.W3CHttpResponseCodec.decode(W3CHttpResponseCodec.java:49)\r\n\tat org.openqa.selenium.remote.HttpCommandExecutor.execute(HttpCommandExecutor.java:158)\r\n\tat org.openqa.selenium.remote.service.DriverCommandExecutor.execute(DriverCommandExecutor.java:83)\r\n\tat org.openqa.selenium.remote.RemoteWebDriver.execute(RemoteWebDriver.java:552)\r\n\tat org.openqa.selenium.remote.RemoteWebDriver.findElement(RemoteWebDriver.java:323)\r\n\tat org.openqa.selenium.remote.RemoteWebDriver.findElementByXPath(RemoteWebDriver.java:428)\r\n\tat org.openqa.selenium.By$ByXPath.findElement(By.java:353)\r\n\tat org.openqa.selenium.remote.RemoteWebDriver.findElement(RemoteWebDriver.java:315)\r\n\tat org.openqa.selenium.support.ui.ExpectedConditions$6.apply(ExpectedConditions.java:182)\r\n\tat org.openqa.selenium.support.ui.ExpectedConditions$6.apply(ExpectedConditions.java:179)\r\n\tat org.openqa.selenium.support.ui.FluentWait.until(FluentWait.java:249)\r\n\t... 29 more\r\n","v":0}
{"name":"1741640111","hostname":"DESKTOP-ATRG469","pid":8464,"level":30,"actorType":"ACTOR1","actorId":"51646","time":"2025-03-10T20:55:46.2090422Z","msg":"Test session has completed","v":0}
{"name":"1741640111","hostname":"DESKTOP-ATRG469","pid":8464,"level":10,"actorType":"ACTOR1","actorId":"51646","time":"2025-03-10T20:55:46.2090422Z","msg":"TRACE: Firing TEST_COMPLETED event...","v":0}
{"name":"1741640111","hostname":"DESKTOP-ATRG469","pid":8464,"level":10,"actorType":"ACTOR1","actorId":"51646","time":"2025-03-10T20:55:46.3279961Z","msg":"TRACE: Firing SESSION_COMPLETED event...","v":0}
{"name":"1741640111","hostname":"DESKTOP-ATRG469","pid":8464,"level":30,"actorType":"ACTOR1","actorId":"51646","time":"2025-03-10T20:55:46.3279961Z","msg":"Actor 51646 of type ACTOR1 with no tags is waiting to be acquired by a test session...","v":0}
{"name":"1741640111","hostname":"DESKTOP-ATRG469","pid":8464,"level":10,"actorType":"ACTOR1","actorId":"51646","time":"2025-03-10T21:01:34.668788Z","msg":"TRACE: Initializing test session information in the \"announce\" method...","v":0}
{"name":"1741640111","hostname":"DESKTOP-ATRG469","pid":8464,"level":10,"actorType":"ACTOR1","actorId":"51646","time":"2025-03-10T21:01:34.6707926Z","msg":"TRACE: Session ID in sync server response was 1741640494; actor session ID was null","v":0}
