{"name":"1741643400","hostname":"DESKTOP-ATRG469","pid":25244,"level":20,"msg":"Sync server version: 1.3.8 2022-02-25 10:58:11 -0600 50659ecda06a8b79a41f24c1fdff05187324402b","time":"2025-03-10T21:50:00.272Z","v":0}
{"name":"1741643400","hostname":"DESKTOP-ATRG469","pid":25244,"level":30,"msg":"Acquiring actors for session 1741643400: ACTOR1","time":"2025-03-10T21:50:00.273Z","v":0}
{"name":"1741643400","hostname":"DESKTOP-ATRG469","pid":25244,"level":30,"msg":"Session 1741643400 with label \"Session 1741643072 4\" started at 2025-03-10 21:50:00 UTC","time":"2025-03-10T21:50:00.274Z","v":0}
{"name":"1741643400","hostname":"DESKTOP-ATRG469","pid":25244,"level":30,"actorType":"ACTOR1","actorId":"22256","time":"2025-03-10T21:50:03.2794032Z","msg":"Actor 22256 of type ACTOR1 was acquired by test session 1741643400","v":0}
{"name":"1741643400","hostname":"DESKTOP-ATRG469","pid":25244,"level":20,"actorType":"ACTOR1","actorId":"22256","time":"2025-03-10T21:50:03.286379Z","msg":"DEBUG: Test actor JAR versions:","v":0}
{"name":"1741643400","hostname":"DESKTOP-ATRG469","pid":25244,"level":20,"actorType":"ACTOR1","actorId":"22256","time":"2025-03-10T21:50:03.286379Z","msg":"DEBUG:   opentest-appium-0.0.1.jar: 2022-02-25 10:58 -0600 0.0.1-50659ecda06a8b79a41f24c1fdff05187324402b-dirty","v":0}
{"name":"1741643400","hostname":"DESKTOP-ATRG469","pid":25244,"level":20,"actorType":"ACTOR1","actorId":"22256","time":"2025-03-10T21:50:03.2873801Z","msg":"DEBUG:   opentest-base-0.0.1.jar: 2022-02-25 10:58 -0600 0.0.1-50659ecda06a8b79a41f24c1fdff05187324402b-dirty","v":0}
{"name":"1741643400","hostname":"DESKTOP-ATRG469","pid":25244,"level":20,"actorType":"ACTOR1","actorId":"22256","time":"2025-03-10T21:50:03.2873801Z","msg":"DEBUG:   opentest-selenium-0.0.1.jar: 2022-02-25 10:58 -0600 0.0.1-50659ecda06a8b79a41f24c1fdff05187324402b-dirty","v":0}
{"name":"1741643400","hostname":"DESKTOP-ATRG469","pid":25244,"level":40,"actorType":"ACTOR1","actorId":"22256","time":"2025-03-10T21:50:03.2883828Z","msg":"WARN: Failed to log extension JARs","v":0}
{"name":"1741643400","hostname":"DESKTOP-ATRG469","pid":25244,"level":10,"actorType":"ACTOR1","actorId":"22256","time":"2025-03-10T21:50:03.2883828Z","msg":"TRACE: Firing SESSION_STARTED event...","v":0}
{"name":"1741643400","hostname":"DESKTOP-ATRG469","pid":25244,"level":30,"actorType":"ACTOR1","actorId":"22256","time":"2025-03-10T21:50:03.323379Z","msg":"==================== ACTOR1: web/DemoBlaze/Caso3 ====================","v":0}
{"name":"1741643400","hostname":"DESKTOP-ATRG469","pid":25244,"level":30,"actorType":"ACTOR1","actorId":"22256","time":"2025-03-10T21:50:03.3243787Z","msg":"Actor ACTOR1 started executing test web/DemoBlaze/Caso3...","v":0}
{"name":"1741643400","hostname":"DESKTOP-ATRG469","pid":25244,"level":10,"actorType":"ACTOR1","actorId":"22256","time":"2025-03-10T21:50:03.3243787Z","msg":"TRACE: Firing TEST_STARTED event...","v":0}
{"name":"1741643400","hostname":"DESKTOP-ATRG469","pid":25244,"level":30,"actorType":"ACTOR1","actorId":"22256","time":"2025-03-10T21:50:03.3453799Z","msg":"Executing segment 1 of test web/DemoBlaze/Caso3...","v":0}
{"name":"1741643400","hostname":"DESKTOP-ATRG469","pid":25244,"level":30,"actorType":"ACTOR1","actorId":"22256","time":"2025-03-10T21:50:03.3453799Z","msg":"Evaluating action 1/9 (DemoBlaze.GoTo) in segment 1...","v":0}
{"name":"1741643400","hostname":"DESKTOP-ATRG469","pid":25244,"level":30,"actorType":"ACTOR1","actorId":"22256","time":"2025-03-10T21:50:03.3513788Z","msg":"Executing macro DemoBlaze/GoTo with arguments {\"website\":\"https://www.demoblaze.com/index.html\"}...","v":0}
{"name":"1741643400","hostname":"DESKTOP-ATRG469","pid":25244,"level":30,"actorType":"ACTOR1","actorId":"22256","time":"2025-03-10T21:50:03.3513788Z","msg":"Evaluating action 1/2 in macro DemoBlaze/GoTo (Navigate to the wiki page)...","v":0}
{"name":"1741643400","hostname":"DESKTOP-ATRG469","pid":25244,"level":10,"actorType":"ACTOR1","actorId":"22256","time":"2025-03-10T21:50:03.3533842Z","msg":"TRACE: Initializing action org.getopentest.selenium.NavigateTo...","v":0}
{"name":"1741643400","hostname":"DESKTOP-ATRG469","pid":25244,"level":30,"actorType":"ACTOR1","actorId":"22256","time":"2025-03-10T21:50:03.3533842Z","msg":"Using local Selenium server","v":0}
{"name":"1741643400","hostname":"DESKTOP-ATRG469","pid":25244,"level":10,"actorType":"ACTOR1","actorId":"22256","time":"2025-03-10T21:50:03.3543822Z","msg":"TRACE: Setting system property \"webdriver.chrome.driver\" to \"C:/Users/casa/Documents/opentest/forza/driver/chromedriver.exe\"","v":0}
{"name":"1741643400","hostname":"DESKTOP-ATRG469","pid":25244,"level":30,"actorType":"ACTOR1","actorId":"22256","time":"2025-03-10T21:50:04.0584192Z","msg":"Executing action org.getopentest.selenium.NavigateTo with arguments {\"url\":\"https://www.demoblaze.com/index.html\"}...","v":0}
{"name":"1741643400","hostname":"DESKTOP-ATRG469","pid":25244,"level":30,"actorType":"ACTOR1","actorId":"22256","time":"2025-03-10T21:50:06.0400822Z","msg":"Evaluating action 2/2 in macro DemoBlaze/GoTo...","v":0}
{"name":"1741643400","hostname":"DESKTOP-ATRG469","pid":25244,"level":10,"actorType":"ACTOR1","actorId":"22256","time":"2025-03-10T21:50:06.0400822Z","msg":"TRACE: Initializing action org.getopentest.base.ScriptAction...","v":0}
{"name":"1741643400","hostname":"DESKTOP-ATRG469","pid":25244,"level":30,"actorType":"ACTOR1","actorId":"22256","time":"2025-03-10T21:50:06.0400822Z","msg":"Executing action org.getopentest.base.ScriptAction (no arguments were provided)...","v":0}
{"name":"1741643400","hostname":"DESKTOP-ATRG469","pid":25244,"level":30,"actorType":"ACTOR1","actorId":"22256","time":"2025-03-10T21:50:11.0528811Z","msg":"Evaluating action 2/9 (DemoBlaze.ChooseCategory) in segment 1...","v":0}
{"name":"1741643400","hostname":"DESKTOP-ATRG469","pid":25244,"level":30,"actorType":"ACTOR1","actorId":"22256","time":"2025-03-10T21:50:11.0818701Z","msg":"Executing macro DemoBlaze/ChooseCategory with arguments {\"category\":\"Laptops\"}...","v":0}
{"name":"1741643400","hostname":"DESKTOP-ATRG469","pid":25244,"level":30,"actorType":"ACTOR1","actorId":"22256","time":"2025-03-10T21:50:11.0848652Z","msg":"Evaluating action 1/1 in macro DemoBlaze/ChooseCategory...","v":0}
{"name":"1741643400","hostname":"DESKTOP-ATRG469","pid":25244,"level":10,"actorType":"ACTOR1","actorId":"22256","time":"2025-03-10T21:50:11.0848652Z","msg":"TRACE: Initializing action org.getopentest.base.ScriptAction...","v":0}
{"name":"1741643400","hostname":"DESKTOP-ATRG469","pid":25244,"level":30,"actorType":"ACTOR1","actorId":"22256","time":"2025-03-10T21:50:11.0858657Z","msg":"Executing action org.getopentest.base.ScriptAction (no arguments were provided)...","v":0}
{"name":"1741643400","hostname":"DESKTOP-ATRG469","pid":25244,"level":50,"actorType":"ACTOR1","actorId":"22256","time":"2025-03-10T21:50:11.094863Z","msg":"ERROR: java.lang.Exception: Failed executing test web/DemoBlaze/Caso3, segment 1\r\n\tat org.getopentest.base.TestActor.executeTestSegment(TestActor.java:2208)\r\n\tat org.getopentest.base.TestActor.runOneSession(TestActor.java:3077)\r\n\tat org.getopentest.base.TestActor.runOneSession(TestActor.java:3113)\r\n\tat org.getopentest.Main.main(Main.java:20)\r\nCaused by: java.lang.RuntimeException: There was an error while executing action no. 2 (DemoBlaze.ChooseCategory) in segment 1 of test web/DemoBlaze/Caso3.\nThe action definition was:\n{\n  \"action\": \"org.getopentest.base.MacroAction\",\n  \"args\": {\n    \"category\": \"Laptops\"\n  },\n  \"macro\": \"DemoBlaze.ChooseCategory\"\n}\r\n\tat org.getopentest.base.TestActor.executeTestSegment(TestActor.java:2142)\r\n\t... 3 more\r\nCaused by: java.lang.RuntimeException: Failed executing action org.getopentest.base.MacroAction with arguments {\"category\":\"Laptops\"}\r\n\tat org.getopentest.base.TestActor.executeActionByDef(TestActor.java:1872)\r\n\tat org.getopentest.base.TestActor.executeTestSegment(TestActor.java:2092)\r\n\t... 3 more\r\nCaused by: java.lang.Exception: There was an error executing macro action DemoBlaze.ChooseCategory with arguments {\"category\":\"Laptops\"}\r\n\tat org.getopentest.base.TestActor.executeMacroActionByName(TestActor.java:2021)\r\n\tat org.getopentest.base.TestActor.executeActionByDef(TestActor.java:1745)\r\n\t... 4 more\r\nCaused by: java.lang.RuntimeException: There was an error while executing action no. 1 (org.getopentest.base.ScriptAction) in macro DemoBlaze/ChooseCategory.\nThe action definition was:\n{\n  \"action\": \"org.getopentest.base.ScriptAction\",\n  \"script\": \"const locator = $data(\\\"DemoBlaze/ChooseCategory/locators\\\").homepage.category;\\nlocator.xpath = locator.xpath.replace(\\\"##category##\\\", $macroArgs.category);\\n$runAction(\\\"org.getopentest.selenium.Click\\\", {\\n    locator: locator\\n});\"\n}\r\n\tat org.getopentest.base.TestActor.executeMacroActionByDef(TestActor.java:1973)\r\n\tat org.getopentest.base.TestActor.executeMacroActionByName(TestActor.java:2013)\r\n\t... 5 more\r\nCaused by: java.lang.RuntimeException: Failed executing action org.getopentest.base.ScriptAction (no arguments were provided)\r\n\tat org.getopentest.base.TestActor.executeActionByDef(TestActor.java:1872)\r\n\tat org.getopentest.base.TestActor.executeMacroActionByDef(TestActor.java:1938)\r\n\t... 6 more\r\nCaused by: java.lang.RuntimeException: Failed to evaluate JavaScript code at line number ?. The script content was: \nconst locator = $data(\"DemoBlaze/ChooseCategory/locators\").homepage.category;\nlocator.xpath = locator.xpath.replace(\"##category##\", $macroArgs.category);\n$runAction(\"org.getopentest.selenium.Click\", {\n    locator: locator\n});\r\n\tat org.getopentest.base.TestActor.evalScript(TestActor.java:1490)\r\n\tat org.getopentest.base.ScriptAction.run(ScriptAction.java:32)\r\n\tat org.getopentest.base.TestActor.executeAction(TestActor.java:1571)\r\n\tat org.getopentest.base.TestActor.executeActionByDef(TestActor.java:1739)\r\n\t... 7 more\r\nCaused by: javax.script.ScriptException: <eval>:1:0 Expected an operand but found const\r\nconst locator = $data(\"DemoBlaze/ChooseCategory/locators\").homepage.category;\r\n^ in <eval> at line number 1 at column number 0\r\n\tat jdk.scripting.nashorn/jdk.nashorn.api.scripting.NashornScriptEngine.throwAsScriptException(NashornScriptEngine.java:477)\r\n\tat jdk.scripting.nashorn/jdk.nashorn.api.scripting.NashornScriptEngine.compileImpl(NashornScriptEngine.java:544)\r\n\tat jdk.scripting.nashorn/jdk.nashorn.api.scripting.NashornScriptEngine.compileImpl(NashornScriptEngine.java:531)\r\n\tat jdk.scripting.nashorn/jdk.nashorn.api.scripting.NashornScriptEngine.evalImpl(NashornScriptEngine.java:409)\r\n\tat jdk.scripting.nashorn/jdk.nashorn.api.scripting.NashornScriptEngine.eval(NashornScriptEngine.java:162)\r\n\tat java.scripting/javax.script.AbstractScriptEngine.eval(AbstractScriptEngine.java:264)\r\n\tat org.getopentest.base.TestActor.evalScript(TestActor.java:1476)\r\n\t... 10 more\r\nCaused by: jdk.nashorn.internal.runtime.ParserException: <eval>:1:0 Expected an operand but found const\r\nconst locator = $data(\"DemoBlaze/ChooseCategory/locators\").homepage.category;\r\n^\r\n\tat jdk.scripting.nashorn/jdk.nashorn.internal.parser.AbstractParser.error(AbstractParser.java:297)\r\n\tat jdk.scripting.nashorn/jdk.nashorn.internal.parser.AbstractParser.error(AbstractParser.java:282)\r\n\tat jdk.scripting.nashorn/jdk.nashorn.internal.parser.Parser.unaryExpression(Parser.java:4462)\r\n\tat jdk.scripting.nashorn/jdk.nashorn.internal.parser.Parser.expression(Parser.java:4620)\r\n\tat jdk.scripting.nashorn/jdk.nashorn.internal.parser.Parser.conditionalExpression(Parser.java:4772)\r\n\tat jdk.scripting.nashorn/jdk.nashorn.internal.parser.Parser.assignmentExpression(Parser.java:4711)\r\n\tat jdk.scripting.nashorn/jdk.nashorn.internal.parser.Parser.expression(Parser.java:4589)\r\n\tat jdk.scripting.nashorn/jdk.nashorn.internal.parser.Parser.expression(Parser.java:4585)\r\n\tat jdk.scripting.nashorn/jdk.nashorn.internal.parser.Parser.expressionStatement(Parser.java:1854)\r\n\tat jdk.scripting.nashorn/jdk.nashorn.internal.parser.Parser.statement(Parser.java:1155)\r\n\tat jdk.scripting.nashorn/jdk.nashorn.internal.parser.Parser.sourceElements(Parser.java:909)\r\n\tat jdk.scripting.nashorn/jdk.nashorn.internal.parser.Parser.program(Parser.java:844)\r\n\tat jdk.scripting.nashorn/jdk.nashorn.internal.parser.Parser.parse(Parser.java:325)\r\n\tat jdk.scripting.nashorn/jdk.nashorn.internal.parser.Parser.parse(Parser.java:285)\r\n\tat jdk.scripting.nashorn/jdk.nashorn.internal.runtime.Context.compile(Context.java:1500)\r\n\tat jdk.scripting.nashorn/jdk.nashorn.internal.runtime.Context.compileScript(Context.java:1467)\r\n\tat jdk.scripting.nashorn/jdk.nashorn.internal.runtime.Context.compileScript(Context.java:750)\r\n\tat jdk.scripting.nashorn/jdk.nashorn.api.scripting.NashornScriptEngine.compileImpl(NashornScriptEngine.java:542)\r\n\t... 15 more\r\n","v":0}
{"name":"1741643400","hostname":"DESKTOP-ATRG469","pid":25244,"level":30,"actorType":"ACTOR1","actorId":"22256","time":"2025-03-10T21:50:11.6138579Z","msg":"Test session has completed","v":0}
{"name":"1741643400","hostname":"DESKTOP-ATRG469","pid":25244,"level":10,"actorType":"ACTOR1","actorId":"22256","time":"2025-03-10T21:50:11.6138579Z","msg":"TRACE: Firing TEST_COMPLETED event...","v":0}
{"name":"1741643400","hostname":"DESKTOP-ATRG469","pid":25244,"level":10,"actorType":"ACTOR1","actorId":"22256","time":"2025-03-10T21:50:11.7487313Z","msg":"TRACE: Firing SESSION_COMPLETED event...","v":0}
{"name":"1741643400","hostname":"DESKTOP-ATRG469","pid":25244,"level":30,"actorType":"ACTOR1","actorId":"22256","time":"2025-03-10T21:50:11.749738Z","msg":"Actor 22256 of type ACTOR1 with no tags is waiting to be acquired by a test session...","v":0}
{"name":"1741643400","hostname":"DESKTOP-ATRG469","pid":25244,"level":10,"actorType":"ACTOR1","actorId":"22256","time":"2025-03-10T22:32:46.174423Z","msg":"TRACE: Initializing test session information in the \"announce\" method...","v":0}
{"name":"1741643400","hostname":"DESKTOP-ATRG469","pid":25244,"level":10,"actorType":"ACTOR1","actorId":"22256","time":"2025-03-10T22:32:46.1760819Z","msg":"TRACE: Session ID in sync server response was 1741645962; actor session ID was null","v":0}
