{"name":"1741646175","hostname":"DESKTOP-ATRG469","pid":25244,"level":20,"msg":"Sync server version: 1.3.8 2022-02-25 10:58:11 -0600 50659ecda06a8b79a41f24c1fdff05187324402b","time":"2025-03-10T22:36:15.204Z","v":0}
{"name":"1741646175","hostname":"DESKTOP-ATRG469","pid":25244,"level":30,"msg":"Acquiring actors for session 1741646175: ACTOR1","time":"2025-03-10T22:36:15.205Z","v":0}
{"name":"1741646175","hostname":"DESKTOP-ATRG469","pid":25244,"level":30,"msg":"Session 1741646175 with label \"Session 1741645962 3\" started at 2025-03-10 22:36:15 UTC","time":"2025-03-10T22:36:15.207Z","v":0}
{"name":"1741646175","hostname":"DESKTOP-ATRG469","pid":25244,"level":30,"actorType":"ACTOR1","actorId":"22256","time":"2025-03-10T22:36:17.5754536Z","msg":"Actor 22256 of type ACTOR1 was acquired by test session 1741646175","v":0}
{"name":"1741646175","hostname":"DESKTOP-ATRG469","pid":25244,"level":20,"actorType":"ACTOR1","actorId":"22256","time":"2025-03-10T22:36:17.581458Z","msg":"DEBUG: Test actor JAR versions:","v":0}
{"name":"1741646175","hostname":"DESKTOP-ATRG469","pid":25244,"level":20,"actorType":"ACTOR1","actorId":"22256","time":"2025-03-10T22:36:17.581458Z","msg":"DEBUG:   opentest-appium-0.0.1.jar: 2022-02-25 10:58 -0600 0.0.1-50659ecda06a8b79a41f24c1fdff05187324402b-dirty","v":0}
{"name":"1741646175","hostname":"DESKTOP-ATRG469","pid":25244,"level":20,"actorType":"ACTOR1","actorId":"22256","time":"2025-03-10T22:36:17.5824601Z","msg":"DEBUG:   opentest-base-0.0.1.jar: 2022-02-25 10:58 -0600 0.0.1-50659ecda06a8b79a41f24c1fdff05187324402b-dirty","v":0}
{"name":"1741646175","hostname":"DESKTOP-ATRG469","pid":25244,"level":20,"actorType":"ACTOR1","actorId":"22256","time":"2025-03-10T22:36:17.5824601Z","msg":"DEBUG:   opentest-selenium-0.0.1.jar: 2022-02-25 10:58 -0600 0.0.1-50659ecda06a8b79a41f24c1fdff05187324402b-dirty","v":0}
{"name":"1741646175","hostname":"DESKTOP-ATRG469","pid":25244,"level":40,"actorType":"ACTOR1","actorId":"22256","time":"2025-03-10T22:36:17.5824601Z","msg":"WARN: Failed to log extension JARs","v":0}
{"name":"1741646175","hostname":"DESKTOP-ATRG469","pid":25244,"level":10,"actorType":"ACTOR1","actorId":"22256","time":"2025-03-10T22:36:17.5824601Z","msg":"TRACE: Firing SESSION_STARTED event...","v":0}
{"name":"1741646175","hostname":"DESKTOP-ATRG469","pid":25244,"level":30,"actorType":"ACTOR1","actorId":"22256","time":"2025-03-10T22:36:17.6094585Z","msg":"==================== ACTOR1: web/DemoBlaze/Caso3 ====================","v":0}
{"name":"1741646175","hostname":"DESKTOP-ATRG469","pid":25244,"level":30,"actorType":"ACTOR1","actorId":"22256","time":"2025-03-10T22:36:17.6104579Z","msg":"Actor ACTOR1 started executing test web/DemoBlaze/Caso3...","v":0}
{"name":"1741646175","hostname":"DESKTOP-ATRG469","pid":25244,"level":10,"actorType":"ACTOR1","actorId":"22256","time":"2025-03-10T22:36:17.6104579Z","msg":"TRACE: Firing TEST_STARTED event...","v":0}
{"name":"1741646175","hostname":"DESKTOP-ATRG469","pid":25244,"level":30,"actorType":"ACTOR1","actorId":"22256","time":"2025-03-10T22:36:17.6284574Z","msg":"Executing segment 1 of test web/DemoBlaze/Caso3...","v":0}
{"name":"1741646175","hostname":"DESKTOP-ATRG469","pid":25244,"level":30,"actorType":"ACTOR1","actorId":"22256","time":"2025-03-10T22:36:17.6284574Z","msg":"Evaluating action 1/9 (DemoBlaze.GoTo) in segment 1...","v":0}
{"name":"1741646175","hostname":"DESKTOP-ATRG469","pid":25244,"level":30,"actorType":"ACTOR1","actorId":"22256","time":"2025-03-10T22:36:17.6334606Z","msg":"Executing macro DemoBlaze/GoTo with arguments {\"website\":\"https://www.demoblaze.com/index.html\"}...","v":0}
{"name":"1741646175","hostname":"DESKTOP-ATRG469","pid":25244,"level":30,"actorType":"ACTOR1","actorId":"22256","time":"2025-03-10T22:36:17.6334606Z","msg":"Evaluating action 1/2 in macro DemoBlaze/GoTo (Navigate to the wiki page)...","v":0}
{"name":"1741646175","hostname":"DESKTOP-ATRG469","pid":25244,"level":10,"actorType":"ACTOR1","actorId":"22256","time":"2025-03-10T22:36:17.6354603Z","msg":"TRACE: Initializing action org.getopentest.selenium.NavigateTo...","v":0}
{"name":"1741646175","hostname":"DESKTOP-ATRG469","pid":25244,"level":30,"actorType":"ACTOR1","actorId":"22256","time":"2025-03-10T22:36:17.6354603Z","msg":"Using local Selenium server","v":0}
{"name":"1741646175","hostname":"DESKTOP-ATRG469","pid":25244,"level":10,"actorType":"ACTOR1","actorId":"22256","time":"2025-03-10T22:36:17.6354603Z","msg":"TRACE: Setting system property \"webdriver.chrome.driver\" to \"C:/Users/casa/Documents/opentest/forza/driver/chromedriver.exe\"","v":0}
{"name":"1741646175","hostname":"DESKTOP-ATRG469","pid":25244,"level":30,"actorType":"ACTOR1","actorId":"22256","time":"2025-03-10T22:36:18.2918977Z","msg":"Executing action org.getopentest.selenium.NavigateTo with arguments {\"url\":\"https://www.demoblaze.com/index.html\"}...","v":0}
{"name":"1741646175","hostname":"DESKTOP-ATRG469","pid":25244,"level":30,"actorType":"ACTOR1","actorId":"22256","time":"2025-03-10T22:36:20.5405954Z","msg":"Evaluating action 2/2 in macro DemoBlaze/GoTo...","v":0}
{"name":"1741646175","hostname":"DESKTOP-ATRG469","pid":25244,"level":10,"actorType":"ACTOR1","actorId":"22256","time":"2025-03-10T22:36:20.5405954Z","msg":"TRACE: Initializing action org.getopentest.base.ScriptAction...","v":0}
{"name":"1741646175","hostname":"DESKTOP-ATRG469","pid":25244,"level":30,"actorType":"ACTOR1","actorId":"22256","time":"2025-03-10T22:36:20.5405954Z","msg":"Executing action org.getopentest.base.ScriptAction (no arguments were provided)...","v":0}
{"name":"1741646175","hostname":"DESKTOP-ATRG469","pid":25244,"level":30,"actorType":"ACTOR1","actorId":"22256","time":"2025-03-10T22:36:25.5559777Z","msg":"Evaluating action 2/9 (DemoBlaze.ChooseCategory) in segment 1...","v":0}
{"name":"1741646175","hostname":"DESKTOP-ATRG469","pid":25244,"level":30,"actorType":"ACTOR1","actorId":"22256","time":"2025-03-10T22:36:25.5789771Z","msg":"Executing macro DemoBlaze/ChooseCategory with arguments {\"category\":\"Laptops\"}...","v":0}
{"name":"1741646175","hostname":"DESKTOP-ATRG469","pid":25244,"level":30,"actorType":"ACTOR1","actorId":"22256","time":"2025-03-10T22:36:25.5789771Z","msg":"Evaluating action 1/1 in macro DemoBlaze/ChooseCategory...","v":0}
{"name":"1741646175","hostname":"DESKTOP-ATRG469","pid":25244,"level":10,"actorType":"ACTOR1","actorId":"22256","time":"2025-03-10T22:36:25.5799895Z","msg":"TRACE: Initializing action org.getopentest.base.ScriptAction...","v":0}
{"name":"1741646175","hostname":"DESKTOP-ATRG469","pid":25244,"level":30,"actorType":"ACTOR1","actorId":"22256","time":"2025-03-10T22:36:25.5799895Z","msg":"Executing action org.getopentest.base.ScriptAction (no arguments were provided)...","v":0}
{"name":"1741646175","hostname":"DESKTOP-ATRG469","pid":25244,"level":10,"actorType":"ACTOR1","actorId":"22256","time":"2025-03-10T22:36:25.6039779Z","msg":"TRACE: Initializing action org.getopentest.selenium.Click...","v":0}
{"name":"1741646175","hostname":"DESKTOP-ATRG469","pid":25244,"level":30,"actorType":"ACTOR1","actorId":"22256","time":"2025-03-10T22:36:25.6039779Z","msg":"Executing action org.getopentest.selenium.Click with arguments {\"locator\":{\"xpath\":\"//div[a[text()='CATEGORIES']]/a[text()='Laptops']\"}}...","v":0}
{"name":"1741646175","hostname":"DESKTOP-ATRG469","pid":25244,"level":30,"actorType":"ACTOR1","actorId":"22256","time":"2025-03-10T22:36:25.7285233Z","msg":"Evaluating action 3/9 (DemoBlaze.AddToCart) in segment 1...","v":0}
{"name":"1741646175","hostname":"DESKTOP-ATRG469","pid":25244,"level":30,"actorType":"ACTOR1","actorId":"22256","time":"2025-03-10T22:36:25.7365229Z","msg":"Executing macro DemoBlaze/AddToCart with arguments {\"item\":\"Sony vaio i5\"}...","v":0}
{"name":"1741646175","hostname":"DESKTOP-ATRG469","pid":25244,"level":30,"actorType":"ACTOR1","actorId":"22256","time":"2025-03-10T22:36:25.7365229Z","msg":"Evaluating action 1/1 in macro DemoBlaze/AddToCart...","v":0}
{"name":"1741646175","hostname":"DESKTOP-ATRG469","pid":25244,"level":10,"actorType":"ACTOR1","actorId":"22256","time":"2025-03-10T22:36:25.7375267Z","msg":"TRACE: Initializing action org.getopentest.base.ScriptAction...","v":0}
{"name":"1741646175","hostname":"DESKTOP-ATRG469","pid":25244,"level":30,"actorType":"ACTOR1","actorId":"22256","time":"2025-03-10T22:36:25.7375267Z","msg":"Executing action org.getopentest.base.ScriptAction (no arguments were provided)...","v":0}
{"name":"1741646175","hostname":"DESKTOP-ATRG469","pid":25244,"level":10,"actorType":"ACTOR1","actorId":"22256","time":"2025-03-10T22:36:25.7585245Z","msg":"TRACE: Initializing action org.getopentest.selenium.Click...","v":0}
{"name":"1741646175","hostname":"DESKTOP-ATRG469","pid":25244,"level":30,"actorType":"ACTOR1","actorId":"22256","time":"2025-03-10T22:36:25.7585245Z","msg":"Executing action org.getopentest.selenium.Click with arguments {\"locator\":{\"xpath\":\"//h4/a[text()='Sony vaio i5']\"}}...","v":0}
{"name":"1741646175","hostname":"DESKTOP-ATRG469","pid":25244,"level":10,"actorType":"ACTOR1","actorId":"22256","time":"2025-03-10T22:36:26.2090643Z","msg":"TRACE: Initializing action org.getopentest.selenium.Click...","v":0}
{"name":"1741646175","hostname":"DESKTOP-ATRG469","pid":25244,"level":30,"actorType":"ACTOR1","actorId":"22256","time":"2025-03-10T22:36:26.2100701Z","msg":"Executing action org.getopentest.selenium.Click with arguments {\"locator\":{\"xpath\":\"//div/div/a[text()=\\\"Add to cart\\\"]\"}}...","v":0}
{"name":"1741646175","hostname":"DESKTOP-ATRG469","pid":25244,"level":10,"actorType":"ACTOR1","actorId":"22256","time":"2025-03-10T22:36:26.8517842Z","msg":"TRACE: Initializing action org.getopentest.selenium.HandleModal...","v":0}
{"name":"1741646175","hostname":"DESKTOP-ATRG469","pid":25244,"level":30,"actorType":"ACTOR1","actorId":"22256","time":"2025-03-10T22:36:26.8517842Z","msg":"Executing action org.getopentest.selenium.HandleModal with arguments {\"perform\":\"getText\"}...","v":0}
{"name":"1741646175","hostname":"DESKTOP-ATRG469","pid":25244,"level":20,"actorType":"ACTOR1","actorId":"22256","time":"2025-03-10T22:36:27.3648167Z","msg":"DEBUG: The output values from action org.getopentest.selenium.HandleModal were: \n\t>>>>> text = \"Product added\"","v":0}
{"name":"1741646175","hostname":"DESKTOP-ATRG469","pid":25244,"level":30,"actorType":"ACTOR1","actorId":"22256","time":"2025-03-10T22:36:27.3698162Z","msg":"The dialog box said: Product added","v":0}
{"name":"1741646175","hostname":"DESKTOP-ATRG469","pid":25244,"level":10,"actorType":"ACTOR1","actorId":"22256","time":"2025-03-10T22:36:27.3698162Z","msg":"TRACE: Initializing action org.getopentest.selenium.ExecuteScript...","v":0}
{"name":"1741646175","hostname":"DESKTOP-ATRG469","pid":25244,"level":30,"actorType":"ACTOR1","actorId":"22256","time":"2025-03-10T22:36:27.3698162Z","msg":"Executing action org.getopentest.selenium.ExecuteScript with arguments {\"script\":\"location.reload();\"}...","v":0}
{"name":"1741646175","hostname":"DESKTOP-ATRG469","pid":25244,"level":40,"actorType":"ACTOR1","actorId":"22256","time":"2025-03-10T22:36:27.3808191Z","msg":"WARN: The waitForAsyncCallsToFinish method failed.","v":0}
{"name":"1741646175","hostname":"DESKTOP-ATRG469","pid":25244,"level":40,"actorType":"ACTOR1","actorId":"22256","time":"2025-03-10T22:36:27.3808191Z","msg":"WARN: org.openqa.selenium.UnhandledAlertException: unexpected alert open: {Alert text : Product added}\n  (Session info: chrome=134.0.6998.36): Product added\nBuild info: version: '3.141.59', revision: 'e82be7d358', time: '2018-11-14T08:17:03'\nSystem info: host: 'DESKTOP-ATRG469', ip: '192.168.0.5', os.name: 'Windows 10', os.arch: 'amd64', os.version: '10.0', java.version: '11.0.26'\nDriver info: org.openqa.selenium.chrome.ChromeDriver\nCapabilities {acceptInsecureCerts: false, browserName: chrome, browserVersion: 134.0.6998.36, chrome: {chromedriverVersion: 134.0.6998.35 (ea6ef4c2ac15..., userDataDir: C:\\Users\\casa\\AppData\\Local...}, fedcm:accounts: true, goog:chromeOptions: {debuggerAddress: localhost:62840}, javascriptEnabled: true, networkConnectionEnabled: false, pageLoadStrategy: normal, platform: WINDOWS, platformName: WINDOWS, proxy: Proxy(), setWindowRect: true, strictFileInteractability: false, timeouts: {implicit: 0, pageLoad: 300000, script: 30000}, unhandledPromptBehavior: dismiss and notify, webauthn:extension:credBlob: true, webauthn:extension:largeBlob: true, webauthn:extension:minPinLength: true, webauthn:extension:prf: true, webauthn:virtualAuthenticators: true}\nSession ID: 5b51f8c18d5aa74f720436d6d04f6028\r\n\tat org.openqa.selenium.remote.http.W3CHttpResponseCodec.decode(W3CHttpResponseCodec.java:120)\r\n\tat org.openqa.selenium.remote.http.W3CHttpResponseCodec.decode(W3CHttpResponseCodec.java:49)\r\n\tat org.openqa.selenium.remote.HttpCommandExecutor.execute(HttpCommandExecutor.java:158)\r\n\tat org.openqa.selenium.remote.service.DriverCommandExecutor.execute(DriverCommandExecutor.java:83)\r\n\tat org.openqa.selenium.remote.RemoteWebDriver.execute(RemoteWebDriver.java:552)\r\n\tat org.openqa.selenium.remote.RemoteWebDriver.executeAsyncScript(RemoteWebDriver.java:506)\r\n\tat com.paulhammant.ngwebdriver.NgWebDriver.waitForAngularRequestsToFinish(NgWebDriver.java:68)\r\n\tat org.getopentest.selenium.core.SeleniumTestAction.waitForAsyncCallsToFinish(SeleniumTestAction.java:318)\r\n\tat org.getopentest.selenium.ExecuteScript.run(ExecuteScript.java:20)\r\n\tat org.getopentest.base.TestActor.executeAction(TestActor.java:1571)\r\n\tat org.getopentest.base.TestActor.executeActionByClassName(TestActor.java:1647)\r\n\tat org.getopentest.base.TestActor.executeActionByDef(TestActor.java:1749)\r\n\tat org.getopentest.base.TestActor.access$1200(TestActor.java:84)\r\n\tat org.getopentest.base.TestActor$23.call(TestActor.java:873)\r\n\tat jdk.scripting.nashorn/jdk.nashorn.internal.runtime.linker.JSObjectLinker.jsObjectScopeCall(JSObjectLinker.java:254)\r\n\tat jdk.scripting.nashorn.scripts/jdk.nashorn.internal.scripts.Script$Recompilation$173$\\^eval\\_$cu1$restOf.:program(<eval>:18)\r\n\tat jdk.scripting.nashorn/jdk.nashorn.internal.runtime.ScriptFunctionData.invoke(ScriptFunctionData.java:655)\r\n\tat jdk.scripting.nashorn/jdk.nashorn.internal.runtime.ScriptFunction.invoke(ScriptFunction.java:513)\r\n\tat jdk.scripting.nashorn/jdk.nashorn.internal.runtime.ScriptRuntime.apply(ScriptRuntime.java:527)\r\n\tat jdk.scripting.nashorn/jdk.nashorn.api.scripting.NashornScriptEngine.evalImpl(NashornScriptEngine.java:456)\r\n\tat jdk.scripting.nashorn/jdk.nashorn.api.scripting.NashornScriptEngine.evalImpl(NashornScriptEngine.java:413)\r\n\tat jdk.scripting.nashorn/jdk.nashorn.api.scripting.NashornScriptEngine.evalImpl(NashornScriptEngine.java:409)\r\n\tat jdk.scripting.nashorn/jdk.nashorn.api.scripting.NashornScriptEngine.eval(NashornScriptEngine.java:162)\r\n\tat java.scripting/javax.script.AbstractScriptEngine.eval(AbstractScriptEngine.java:264)\r\n\tat org.getopentest.base.TestActor.evalScript(TestActor.java:1476)\r\n\tat org.getopentest.base.ScriptAction.run(ScriptAction.java:32)\r\n\tat org.getopentest.base.TestActor.executeAction(TestActor.java:1571)\r\n\tat org.getopentest.base.TestActor.executeActionByDef(TestActor.java:1739)\r\n\tat org.getopentest.base.TestActor.executeMacroActionByDef(TestActor.java:1938)\r\n\tat org.getopentest.base.TestActor.executeMacroActionByName(TestActor.java:2013)\r\n\tat org.getopentest.base.TestActor.executeActionByDef(TestActor.java:1745)\r\n\tat org.getopentest.base.TestActor.executeTestSegment(TestActor.java:2092)\r\n\tat org.getopentest.base.TestActor.runOneSession(TestActor.java:3077)\r\n\tat org.getopentest.base.TestActor.runOneSession(TestActor.java:3113)\r\n\tat org.getopentest.Main.main(Main.java:20)\r\n","v":0}
{"name":"1741646175","hostname":"DESKTOP-ATRG469","pid":25244,"level":20,"actorType":"ACTOR1","actorId":"22256","time":"2025-03-10T22:36:27.5708142Z","msg":"DEBUG: The output values from action org.getopentest.selenium.ExecuteScript were: \n\t>>>>> result = null","v":0}
{"name":"1741646175","hostname":"DESKTOP-ATRG469","pid":25244,"level":30,"actorType":"ACTOR1","actorId":"22256","time":"2025-03-10T22:36:31.5807316Z","msg":"Evaluating action 4/9 (DemoBlaze.ChooseNavOption) in segment 1...","v":0}
{"name":"1741646175","hostname":"DESKTOP-ATRG469","pid":25244,"level":30,"actorType":"ACTOR1","actorId":"22256","time":"2025-03-10T22:36:31.5937136Z","msg":"Executing macro DemoBlaze/ChooseNavOption with arguments {\"item\":\"Home \"}...","v":0}
{"name":"1741646175","hostname":"DESKTOP-ATRG469","pid":25244,"level":30,"actorType":"ACTOR1","actorId":"22256","time":"2025-03-10T22:36:31.5937136Z","msg":"Evaluating action 1/1 in macro DemoBlaze/ChooseNavOption...","v":0}
{"name":"1741646175","hostname":"DESKTOP-ATRG469","pid":25244,"level":10,"actorType":"ACTOR1","actorId":"22256","time":"2025-03-10T22:36:31.5947125Z","msg":"TRACE: Initializing action org.getopentest.base.ScriptAction...","v":0}
{"name":"1741646175","hostname":"DESKTOP-ATRG469","pid":25244,"level":30,"actorType":"ACTOR1","actorId":"22256","time":"2025-03-10T22:36:31.5947125Z","msg":"Executing action org.getopentest.base.ScriptAction (no arguments were provided)...","v":0}
{"name":"1741646175","hostname":"DESKTOP-ATRG469","pid":25244,"level":10,"actorType":"ACTOR1","actorId":"22256","time":"2025-03-10T22:36:33.6383429Z","msg":"TRACE: Initializing action org.getopentest.selenium.ExecuteScript...","v":0}
{"name":"1741646175","hostname":"DESKTOP-ATRG469","pid":25244,"level":30,"actorType":"ACTOR1","actorId":"22256","time":"2025-03-10T22:36:33.639343Z","msg":"Executing action org.getopentest.selenium.ExecuteScript with arguments {\"script\":\"var element = document.evaluate('//ul/li/a[text()=\\\"Home \\\"]', document, null, XPathResult.FIRST_ORDERED_NODE_TYPE, null).singleNodeValue;if (element) {element.click();}\"}...","v":0}
{"name":"1741646175","hostname":"DESKTOP-ATRG469","pid":25244,"level":20,"actorType":"ACTOR1","actorId":"22256","time":"2025-03-10T22:36:33.9684242Z","msg":"DEBUG: The output values from action org.getopentest.selenium.ExecuteScript were: \n\t>>>>> result = null","v":0}
{"name":"1741646175","hostname":"DESKTOP-ATRG469","pid":25244,"level":30,"actorType":"ACTOR1","actorId":"22256","time":"2025-03-10T22:36:34.9784713Z","msg":"Evaluating action 5/9 (DemoBlaze.ChooseCategory) in segment 1...","v":0}
{"name":"1741646175","hostname":"DESKTOP-ATRG469","pid":25244,"level":30,"actorType":"ACTOR1","actorId":"22256","time":"2025-03-10T22:36:34.9844982Z","msg":"Executing macro DemoBlaze/ChooseCategory with arguments {\"category\":\"Phones\"}...","v":0}
{"name":"1741646175","hostname":"DESKTOP-ATRG469","pid":25244,"level":30,"actorType":"ACTOR1","actorId":"22256","time":"2025-03-10T22:36:34.9864888Z","msg":"Evaluating action 1/1 in macro DemoBlaze/ChooseCategory...","v":0}
{"name":"1741646175","hostname":"DESKTOP-ATRG469","pid":25244,"level":10,"actorType":"ACTOR1","actorId":"22256","time":"2025-03-10T22:36:34.9874857Z","msg":"TRACE: Initializing action org.getopentest.base.ScriptAction...","v":0}
{"name":"1741646175","hostname":"DESKTOP-ATRG469","pid":25244,"level":30,"actorType":"ACTOR1","actorId":"22256","time":"2025-03-10T22:36:34.9874857Z","msg":"Executing action org.getopentest.base.ScriptAction (no arguments were provided)...","v":0}
{"name":"1741646175","hostname":"DESKTOP-ATRG469","pid":25244,"level":10,"actorType":"ACTOR1","actorId":"22256","time":"2025-03-10T22:36:34.9964906Z","msg":"TRACE: Initializing action org.getopentest.selenium.Click...","v":0}
{"name":"1741646175","hostname":"DESKTOP-ATRG469","pid":25244,"level":30,"actorType":"ACTOR1","actorId":"22256","time":"2025-03-10T22:36:34.999486Z","msg":"Executing action org.getopentest.selenium.Click with arguments {\"locator\":{\"xpath\":\"//div[a[text()='CATEGORIES']]/a[text()='Laptops']\"}}...","v":0}
{"name":"1741646175","hostname":"DESKTOP-ATRG469","pid":25244,"level":30,"actorType":"ACTOR1","actorId":"22256","time":"2025-03-10T22:36:35.0884677Z","msg":"Evaluating action 6/9 (DemoBlaze.AddToCart) in segment 1...","v":0}
{"name":"1741646175","hostname":"DESKTOP-ATRG469","pid":25244,"level":30,"actorType":"ACTOR1","actorId":"22256","time":"2025-03-10T22:36:35.0894664Z","msg":"Executing macro DemoBlaze/AddToCart with arguments {\"item\":\"Samsung galaxy s6\"}...","v":0}
{"name":"1741646175","hostname":"DESKTOP-ATRG469","pid":25244,"level":30,"actorType":"ACTOR1","actorId":"22256","time":"2025-03-10T22:36:35.0894664Z","msg":"Evaluating action 1/1 in macro DemoBlaze/AddToCart...","v":0}
{"name":"1741646175","hostname":"DESKTOP-ATRG469","pid":25244,"level":10,"actorType":"ACTOR1","actorId":"22256","time":"2025-03-10T22:36:35.0894664Z","msg":"TRACE: Initializing action org.getopentest.base.ScriptAction...","v":0}
{"name":"1741646175","hostname":"DESKTOP-ATRG469","pid":25244,"level":30,"actorType":"ACTOR1","actorId":"22256","time":"2025-03-10T22:36:35.0894664Z","msg":"Executing action org.getopentest.base.ScriptAction (no arguments were provided)...","v":0}
{"name":"1741646175","hostname":"DESKTOP-ATRG469","pid":25244,"level":10,"actorType":"ACTOR1","actorId":"22256","time":"2025-03-10T22:36:35.0914669Z","msg":"TRACE: Initializing action org.getopentest.selenium.Click...","v":0}
{"name":"1741646175","hostname":"DESKTOP-ATRG469","pid":25244,"level":30,"actorType":"ACTOR1","actorId":"22256","time":"2025-03-10T22:36:35.092466Z","msg":"Executing action org.getopentest.selenium.Click with arguments {\"locator\":{\"xpath\":\"//h4/a[text()='Sony vaio i5']\"}}...","v":0}
{"name":"1741646175","hostname":"DESKTOP-ATRG469","pid":25244,"level":10,"actorType":"ACTOR1","actorId":"22256","time":"2025-03-10T22:36:35.3116439Z","msg":"TRACE: Initializing action org.getopentest.selenium.Click...","v":0}
{"name":"1741646175","hostname":"DESKTOP-ATRG469","pid":25244,"level":30,"actorType":"ACTOR1","actorId":"22256","time":"2025-03-10T22:36:35.3116439Z","msg":"Executing action org.getopentest.selenium.Click with arguments {\"locator\":{\"xpath\":\"//div/div/a[text()=\\\"Add to cart\\\"]\"}}...","v":0}
{"name":"1741646175","hostname":"DESKTOP-ATRG469","pid":25244,"level":10,"actorType":"ACTOR1","actorId":"22256","time":"2025-03-10T22:36:35.9357967Z","msg":"TRACE: Initializing action org.getopentest.selenium.HandleModal...","v":0}
{"name":"1741646175","hostname":"DESKTOP-ATRG469","pid":25244,"level":30,"actorType":"ACTOR1","actorId":"22256","time":"2025-03-10T22:36:35.9357967Z","msg":"Executing action org.getopentest.selenium.HandleModal with arguments {\"perform\":\"getText\"}...","v":0}
{"name":"1741646175","hostname":"DESKTOP-ATRG469","pid":25244,"level":20,"actorType":"ACTOR1","actorId":"22256","time":"2025-03-10T22:36:36.4658326Z","msg":"DEBUG: The output values from action org.getopentest.selenium.HandleModal were: \n\t>>>>> text = \"Product added\"","v":0}
{"name":"1741646175","hostname":"DESKTOP-ATRG469","pid":25244,"level":30,"actorType":"ACTOR1","actorId":"22256","time":"2025-03-10T22:36:36.471829Z","msg":"The dialog box said: Product added","v":0}
{"name":"1741646175","hostname":"DESKTOP-ATRG469","pid":25244,"level":10,"actorType":"ACTOR1","actorId":"22256","time":"2025-03-10T22:36:36.4778187Z","msg":"TRACE: Initializing action org.getopentest.selenium.ExecuteScript...","v":0}
{"name":"1741646175","hostname":"DESKTOP-ATRG469","pid":25244,"level":30,"actorType":"ACTOR1","actorId":"22256","time":"2025-03-10T22:36:36.4778187Z","msg":"Executing action org.getopentest.selenium.ExecuteScript with arguments {\"script\":\"location.reload();\"}...","v":0}
{"name":"1741646175","hostname":"DESKTOP-ATRG469","pid":25244,"level":40,"actorType":"ACTOR1","actorId":"22256","time":"2025-03-10T22:36:36.4898154Z","msg":"WARN: The waitForAsyncCallsToFinish method failed.","v":0}
{"name":"1741646175","hostname":"DESKTOP-ATRG469","pid":25244,"level":40,"actorType":"ACTOR1","actorId":"22256","time":"2025-03-10T22:36:36.4908167Z","msg":"WARN: org.openqa.selenium.UnhandledAlertException: unexpected alert open: {Alert text : Product added}\n  (Session info: chrome=134.0.6998.36): Product added\nBuild info: version: '3.141.59', revision: 'e82be7d358', time: '2018-11-14T08:17:03'\nSystem info: host: 'DESKTOP-ATRG469', ip: '192.168.0.5', os.name: 'Windows 10', os.arch: 'amd64', os.version: '10.0', java.version: '11.0.26'\nDriver info: org.openqa.selenium.chrome.ChromeDriver\nCapabilities {acceptInsecureCerts: false, browserName: chrome, browserVersion: 134.0.6998.36, chrome: {chromedriverVersion: 134.0.6998.35 (ea6ef4c2ac15..., userDataDir: C:\\Users\\casa\\AppData\\Local...}, fedcm:accounts: true, goog:chromeOptions: {debuggerAddress: localhost:62840}, javascriptEnabled: true, networkConnectionEnabled: false, pageLoadStrategy: normal, platform: WINDOWS, platformName: WINDOWS, proxy: Proxy(), setWindowRect: true, strictFileInteractability: false, timeouts: {implicit: 0, pageLoad: 300000, script: 30000}, unhandledPromptBehavior: dismiss and notify, webauthn:extension:credBlob: true, webauthn:extension:largeBlob: true, webauthn:extension:minPinLength: true, webauthn:extension:prf: true, webauthn:virtualAuthenticators: true}\nSession ID: 5b51f8c18d5aa74f720436d6d04f6028\r\n\tat org.openqa.selenium.remote.http.W3CHttpResponseCodec.decode(W3CHttpResponseCodec.java:120)\r\n\tat org.openqa.selenium.remote.http.W3CHttpResponseCodec.decode(W3CHttpResponseCodec.java:49)\r\n\tat org.openqa.selenium.remote.HttpCommandExecutor.execute(HttpCommandExecutor.java:158)\r\n\tat org.openqa.selenium.remote.service.DriverCommandExecutor.execute(DriverCommandExecutor.java:83)\r\n\tat org.openqa.selenium.remote.RemoteWebDriver.execute(RemoteWebDriver.java:552)\r\n\tat org.openqa.selenium.remote.RemoteWebDriver.executeAsyncScript(RemoteWebDriver.java:506)\r\n\tat com.paulhammant.ngwebdriver.NgWebDriver.waitForAngularRequestsToFinish(NgWebDriver.java:68)\r\n\tat org.getopentest.selenium.core.SeleniumTestAction.waitForAsyncCallsToFinish(SeleniumTestAction.java:318)\r\n\tat org.getopentest.selenium.ExecuteScript.run(ExecuteScript.java:20)\r\n\tat org.getopentest.base.TestActor.executeAction(TestActor.java:1571)\r\n\tat org.getopentest.base.TestActor.executeActionByClassName(TestActor.java:1647)\r\n\tat org.getopentest.base.TestActor.executeActionByDef(TestActor.java:1749)\r\n\tat org.getopentest.base.TestActor.access$1200(TestActor.java:84)\r\n\tat org.getopentest.base.TestActor$23.call(TestActor.java:873)\r\n\tat jdk.scripting.nashorn/jdk.nashorn.internal.runtime.linker.JSObjectLinker.jsObjectScopeCall(JSObjectLinker.java:254)\r\n\tat jdk.scripting.nashorn.scripts/jdk.nashorn.internal.scripts.Script$Recompilation$173$\\^eval\\_.:program(<eval>:18)\r\n\tat jdk.scripting.nashorn/jdk.nashorn.internal.runtime.ScriptFunctionData.invoke(ScriptFunctionData.java:655)\r\n\tat jdk.scripting.nashorn/jdk.nashorn.internal.runtime.ScriptFunction.invoke(ScriptFunction.java:513)\r\n\tat jdk.scripting.nashorn/jdk.nashorn.internal.runtime.ScriptRuntime.apply(ScriptRuntime.java:527)\r\n\tat jdk.scripting.nashorn/jdk.nashorn.api.scripting.NashornScriptEngine.evalImpl(NashornScriptEngine.java:456)\r\n\tat jdk.scripting.nashorn/jdk.nashorn.api.scripting.NashornScriptEngine.evalImpl(NashornScriptEngine.java:413)\r\n\tat jdk.scripting.nashorn/jdk.nashorn.api.scripting.NashornScriptEngine.evalImpl(NashornScriptEngine.java:409)\r\n\tat jdk.scripting.nashorn/jdk.nashorn.api.scripting.NashornScriptEngine.eval(NashornScriptEngine.java:162)\r\n\tat java.scripting/javax.script.AbstractScriptEngine.eval(AbstractScriptEngine.java:264)\r\n\tat org.getopentest.base.TestActor.evalScript(TestActor.java:1476)\r\n\tat org.getopentest.base.ScriptAction.run(ScriptAction.java:32)\r\n\tat org.getopentest.base.TestActor.executeAction(TestActor.java:1571)\r\n\tat org.getopentest.base.TestActor.executeActionByDef(TestActor.java:1739)\r\n\tat org.getopentest.base.TestActor.executeMacroActionByDef(TestActor.java:1938)\r\n\tat org.getopentest.base.TestActor.executeMacroActionByName(TestActor.java:2013)\r\n\tat org.getopentest.base.TestActor.executeActionByDef(TestActor.java:1745)\r\n\tat org.getopentest.base.TestActor.executeTestSegment(TestActor.java:2092)\r\n\tat org.getopentest.base.TestActor.runOneSession(TestActor.java:3077)\r\n\tat org.getopentest.base.TestActor.runOneSession(TestActor.java:3113)\r\n\tat org.getopentest.Main.main(Main.java:20)\r\n","v":0}
{"name":"1741646175","hostname":"DESKTOP-ATRG469","pid":25244,"level":20,"actorType":"ACTOR1","actorId":"22256","time":"2025-03-10T22:36:36.6794712Z","msg":"DEBUG: The output values from action org.getopentest.selenium.ExecuteScript were: \n\t>>>>> result = null","v":0}
{"name":"1741646175","hostname":"DESKTOP-ATRG469","pid":25244,"level":30,"actorType":"ACTOR1","actorId":"22256","time":"2025-03-10T22:36:40.6828664Z","msg":"Evaluating action 7/9 (DemoBlaze.ChooseNavOption) in segment 1...","v":0}
{"name":"1741646175","hostname":"DESKTOP-ATRG469","pid":25244,"level":30,"actorType":"ACTOR1","actorId":"22256","time":"2025-03-10T22:36:40.686849Z","msg":"Executing macro DemoBlaze/ChooseNavOption with arguments {\"item\":\"Cart\"}...","v":0}
{"name":"1741646175","hostname":"DESKTOP-ATRG469","pid":25244,"level":30,"actorType":"ACTOR1","actorId":"22256","time":"2025-03-10T22:36:40.6888482Z","msg":"Evaluating action 1/1 in macro DemoBlaze/ChooseNavOption...","v":0}
{"name":"1741646175","hostname":"DESKTOP-ATRG469","pid":25244,"level":10,"actorType":"ACTOR1","actorId":"22256","time":"2025-03-10T22:36:40.6908627Z","msg":"TRACE: Initializing action org.getopentest.base.ScriptAction...","v":0}
{"name":"1741646175","hostname":"DESKTOP-ATRG469","pid":25244,"level":30,"actorType":"ACTOR1","actorId":"22256","time":"2025-03-10T22:36:40.6908627Z","msg":"Executing action org.getopentest.base.ScriptAction (no arguments were provided)...","v":0}
{"name":"1741646175","hostname":"DESKTOP-ATRG469","pid":25244,"level":10,"actorType":"ACTOR1","actorId":"22256","time":"2025-03-10T22:36:42.7056699Z","msg":"TRACE: Initializing action org.getopentest.selenium.ExecuteScript...","v":0}
{"name":"1741646175","hostname":"DESKTOP-ATRG469","pid":25244,"level":30,"actorType":"ACTOR1","actorId":"22256","time":"2025-03-10T22:36:42.7066685Z","msg":"Executing action org.getopentest.selenium.ExecuteScript with arguments {\"script\":\"var element = document.evaluate('//ul/li/a[text()=\\\"Home \\\"]', document, null, XPathResult.FIRST_ORDERED_NODE_TYPE, null).singleNodeValue;if (element) {element.click();}\"}...","v":0}
{"name":"1741646175","hostname":"DESKTOP-ATRG469","pid":25244,"level":20,"actorType":"ACTOR1","actorId":"22256","time":"2025-03-10T22:36:42.9316398Z","msg":"DEBUG: The output values from action org.getopentest.selenium.ExecuteScript were: \n\t>>>>> result = null","v":0}
{"name":"1741646175","hostname":"DESKTOP-ATRG469","pid":25244,"level":30,"actorType":"ACTOR1","actorId":"22256","time":"2025-03-10T22:36:43.9435847Z","msg":"Evaluating action 8/9 (DemoBlaze.PlaceOrder) in segment 1...","v":0}
{"name":"1741646175","hostname":"DESKTOP-ATRG469","pid":25244,"level":30,"actorType":"ACTOR1","actorId":"22256","time":"2025-03-10T22:36:43.958584Z","msg":"Executing macro DemoBlaze/PlaceOrder (no arguments were provided)...","v":0}
{"name":"1741646175","hostname":"DESKTOP-ATRG469","pid":25244,"level":30,"actorType":"ACTOR1","actorId":"22256","time":"2025-03-10T22:36:43.958584Z","msg":"Evaluating action 1/1 in macro DemoBlaze/PlaceOrder...","v":0}
{"name":"1741646175","hostname":"DESKTOP-ATRG469","pid":25244,"level":10,"actorType":"ACTOR1","actorId":"22256","time":"2025-03-10T22:36:43.958584Z","msg":"TRACE: Initializing action org.getopentest.base.ScriptAction...","v":0}
{"name":"1741646175","hostname":"DESKTOP-ATRG469","pid":25244,"level":30,"actorType":"ACTOR1","actorId":"22256","time":"2025-03-10T22:36:43.9616015Z","msg":"Executing action org.getopentest.base.ScriptAction (no arguments were provided)...","v":0}
{"name":"1741646175","hostname":"DESKTOP-ATRG469","pid":25244,"level":10,"actorType":"ACTOR1","actorId":"22256","time":"2025-03-10T22:36:43.9971556Z","msg":"TRACE: Initializing action org.getopentest.selenium.Click...","v":0}
{"name":"1741646175","hostname":"DESKTOP-ATRG469","pid":25244,"level":30,"actorType":"ACTOR1","actorId":"22256","time":"2025-03-10T22:36:43.9971556Z","msg":"Executing action org.getopentest.selenium.Click with arguments {\"locator\":{\"xpath\":\"//div/div/button[text()=\\\"Place Order\\\"]\"}}...","v":0}
{"name":"1741646175","hostname":"DESKTOP-ATRG469","pid":25244,"level":30,"actorType":"ACTOR1","actorId":"22256","time":"2025-03-10T22:36:55.4393493Z","msg":"Captured screenshot at C:\\Users\\casa\\Documents\\opentest\\forza\\actor1\\out\\screenshots\\SID1741646175_ACTOR1_T01_SG01_ST08_error.png","v":0}
{"name":"1741646175","hostname":"DESKTOP-ATRG469","pid":25244,"level":50,"actorType":"ACTOR1","actorId":"22256","time":"2025-03-10T22:36:55.4463514Z","msg":"ERROR: java.lang.Exception: Failed executing test web/DemoBlaze/Caso3, segment 1\r\n\tat org.getopentest.base.TestActor.executeTestSegment(TestActor.java:2208)\r\n\tat org.getopentest.base.TestActor.runOneSession(TestActor.java:3077)\r\n\tat org.getopentest.base.TestActor.runOneSession(TestActor.java:3113)\r\n\tat org.getopentest.Main.main(Main.java:20)\r\nCaused by: java.lang.RuntimeException: There was an error while executing action no. 8 (DemoBlaze.PlaceOrder) in segment 1 of test web/DemoBlaze/Caso3.\nThe action definition was:\n{\n  \"action\": \"org.getopentest.base.MacroAction\",\n  \"macro\": \"DemoBlaze.PlaceOrder\"\n}\r\n\tat org.getopentest.base.TestActor.executeTestSegment(TestActor.java:2142)\r\n\t... 3 more\r\nCaused by: java.lang.RuntimeException: Failed executing action org.getopentest.base.MacroAction (no arguments were provided)\r\n\tat org.getopentest.base.TestActor.executeActionByDef(TestActor.java:1872)\r\n\tat org.getopentest.base.TestActor.executeTestSegment(TestActor.java:2092)\r\n\t... 3 more\r\nCaused by: java.lang.Exception: There was an error executing macro action DemoBlaze.PlaceOrder (no arguments were provided)\r\n\tat org.getopentest.base.TestActor.executeMacroActionByName(TestActor.java:2021)\r\n\tat org.getopentest.base.TestActor.executeActionByDef(TestActor.java:1745)\r\n\t... 4 more\r\nCaused by: java.lang.RuntimeException: There was an error while executing action no. 1 (org.getopentest.base.ScriptAction) in macro DemoBlaze/PlaceOrder.\nThe action definition was:\n{\n  \"action\": \"org.getopentest.base.ScriptAction\",\n  \"script\": \"$runAction(\\\"org.getopentest.selenium.Click\\\", {\\n  locator: $data(\\\"DemoBlaze/PlaceOrder/locators\\\").homepage.placeOrder\\n});\\n\\n$runAction(\\\"org.getopentest.selenium.AssertElementVisible\\\", {\\n  locator: $data(\\\"DemoBlaze/PlaceOrder/locators\\\").homepage.assertOrderPlace\\n});\\n\\n$delay(3000);\"\n}\r\n\tat org.getopentest.base.TestActor.executeMacroActionByDef(TestActor.java:1973)\r\n\tat org.getopentest.base.TestActor.executeMacroActionByName(TestActor.java:2013)\r\n\t... 5 more\r\nCaused by: java.lang.RuntimeException: Failed executing action org.getopentest.base.ScriptAction (no arguments were provided)\r\n\tat org.getopentest.base.TestActor.executeActionByDef(TestActor.java:1872)\r\n\tat org.getopentest.base.TestActor.executeMacroActionByDef(TestActor.java:1938)\r\n\t... 6 more\r\nCaused by: java.lang.RuntimeException: Failed to evaluate JavaScript code at line number 2. The script content was: \n$runAction(\"org.getopentest.selenium.Click\", {\n  locator: $data(\"DemoBlaze/PlaceOrder/locators\").homepage.placeOrder\n});\n\n$runAction(\"org.getopentest.selenium.AssertElementVisible\", {\n  locator: $data(\"DemoBlaze/PlaceOrder/locators\").homepage.assertOrderPlace\n});\n\n$delay(3000);\r\n\tat org.getopentest.base.TestActor.evalScript(TestActor.java:1490)\r\n\tat org.getopentest.base.ScriptAction.run(ScriptAction.java:32)\r\n\tat org.getopentest.base.TestActor.executeAction(TestActor.java:1571)\r\n\tat org.getopentest.base.TestActor.executeActionByDef(TestActor.java:1739)\r\n\t... 7 more\r\nCaused by: java.lang.RuntimeException: Failed executing action org.getopentest.selenium.Click with arguments {\"locator\":{\"xpath\":\"//div/div/button[text()=\\\"Place Order\\\"]\"}}\r\n\tat org.getopentest.base.TestActor$23.call(TestActor.java:901)\r\n\tat jdk.scripting.nashorn/jdk.nashorn.internal.runtime.linker.JSObjectLinker.jsObjectScopeCall(JSObjectLinker.java:254)\r\n\tat jdk.scripting.nashorn.scripts/jdk.nashorn.internal.scripts.Script$Recompilation$183$\\^eval\\_$cu1$restOf/0x000000080049f440.:program(<eval>:2)\r\n\tat jdk.scripting.nashorn/jdk.nashorn.internal.runtime.ScriptFunctionData.invoke(ScriptFunctionData.java:655)\r\n\tat jdk.scripting.nashorn/jdk.nashorn.internal.runtime.ScriptFunction.invoke(ScriptFunction.java:513)\r\n\tat jdk.scripting.nashorn/jdk.nashorn.internal.runtime.ScriptRuntime.apply(ScriptRuntime.java:527)\r\n\tat jdk.scripting.nashorn/jdk.nashorn.api.scripting.NashornScriptEngine.evalImpl(NashornScriptEngine.java:456)\r\n\tat jdk.scripting.nashorn/jdk.nashorn.api.scripting.NashornScriptEngine.evalImpl(NashornScriptEngine.java:413)\r\n\tat jdk.scripting.nashorn/jdk.nashorn.api.scripting.NashornScriptEngine.evalImpl(NashornScriptEngine.java:409)\r\n\tat jdk.scripting.nashorn/jdk.nashorn.api.scripting.NashornScriptEngine.eval(NashornScriptEngine.java:162)\r\n\tat java.scripting/javax.script.AbstractScriptEngine.eval(AbstractScriptEngine.java:264)\r\n\tat org.getopentest.base.TestActor.evalScript(TestActor.java:1476)\r\n\t... 10 more\r\nCaused by: java.lang.RuntimeException: Failed executing action org.getopentest.selenium.Click with arguments {\"locator\":{\"xpath\":\"//div/div/button[text()=\\\"Place Order\\\"]\"}}\r\n\tat org.getopentest.base.TestActor.executeActionByDef(TestActor.java:1872)\r\n\tat org.getopentest.base.TestActor.access$1200(TestActor.java:84)\r\n\tat org.getopentest.base.TestActor$23.call(TestActor.java:873)\r\n\t... 21 more\r\nCaused by: java.lang.RuntimeException: java.lang.RuntimeException: Failed clicking on element By.xpath: //div/div/button[text()=\"Place Order\"]\r\n\tat org.getopentest.base.TestActor.executeActionByClassName(TestActor.java:1670)\r\n\tat org.getopentest.base.TestActor.executeActionByDef(TestActor.java:1749)\r\n\t... 23 more\r\nCaused by: java.lang.RuntimeException: Failed clicking on element By.xpath: //div/div/button[text()=\"Place Order\"]\r\n\tat org.getopentest.selenium.Click.run(Click.java:34)\r\n\tat org.getopentest.base.TestActor.executeAction(TestActor.java:1571)\r\n\tat org.getopentest.base.TestActor.executeActionByClassName(TestActor.java:1647)\r\n\t... 24 more\r\nCaused by: org.openqa.selenium.TimeoutException: Expected condition failed: waiting for presence of element located by: By.xpath: //div/div/button[text()=\"Place Order\"] (tried for 10 second(s) with 500 milliseconds interval)\r\n\tat org.openqa.selenium.support.ui.WebDriverWait.timeoutException(WebDriverWait.java:95)\r\n\tat org.openqa.selenium.support.ui.FluentWait.until(FluentWait.java:272)\r\n\tat org.getopentest.selenium.core.SeleniumTestAction.getElement(SeleniumTestAction.java:58)\r\n\tat org.getopentest.selenium.core.SeleniumTestAction.getElement(SeleniumTestAction.java:50)\r\n\tat org.getopentest.selenium.Click.run(Click.java:29)\r\n\t... 26 more\r\nCaused by: org.openqa.selenium.NoSuchElementException: no such element: Unable to locate element: {\"method\":\"xpath\",\"selector\":\"//div/div/button[text()=\"Place Order\"]\"}\n  (Session info: chrome=134.0.6998.36)\nFor documentation on this error, please visit: https://www.seleniumhq.org/exceptions/no_such_element.html\nBuild info: version: '3.141.59', revision: 'e82be7d358', time: '2018-11-14T08:17:03'\nSystem info: host: 'DESKTOP-ATRG469', ip: '192.168.0.5', os.name: 'Windows 10', os.arch: 'amd64', os.version: '10.0', java.version: '11.0.26'\nDriver info: org.openqa.selenium.chrome.ChromeDriver\nCapabilities {acceptInsecureCerts: false, browserName: chrome, browserVersion: 134.0.6998.36, chrome: {chromedriverVersion: 134.0.6998.35 (ea6ef4c2ac15..., userDataDir: C:\\Users\\casa\\AppData\\Local...}, fedcm:accounts: true, goog:chromeOptions: {debuggerAddress: localhost:62840}, javascriptEnabled: true, networkConnectionEnabled: false, pageLoadStrategy: normal, platform: WINDOWS, platformName: WINDOWS, proxy: Proxy(), setWindowRect: true, strictFileInteractability: false, timeouts: {implicit: 0, pageLoad: 300000, script: 30000}, unhandledPromptBehavior: dismiss and notify, webauthn:extension:credBlob: true, webauthn:extension:largeBlob: true, webauthn:extension:minPinLength: true, webauthn:extension:prf: true, webauthn:virtualAuthenticators: true}\nSession ID: 5b51f8c18d5aa74f720436d6d04f6028\n*** Element info: {Using=xpath, value=//div/div/button[text()=\"Place Order\"]}\r\n\tat jdk.internal.reflect.GeneratedConstructorAccessor12.newInstance(Unknown Source)\r\n\tat java.base/jdk.internal.reflect.DelegatingConstructorAccessorImpl.newInstance(DelegatingConstructorAccessorImpl.java:45)\r\n\tat java.base/java.lang.reflect.Constructor.newInstance(Constructor.java:490)\r\n\tat org.openqa.selenium.remote.http.W3CHttpResponseCodec.createException(W3CHttpResponseCodec.java:187)\r\n\tat org.openqa.selenium.remote.http.W3CHttpResponseCodec.decode(W3CHttpResponseCodec.java:122)\r\n\tat org.openqa.selenium.remote.http.W3CHttpResponseCodec.decode(W3CHttpResponseCodec.java:49)\r\n\tat org.openqa.selenium.remote.HttpCommandExecutor.execute(HttpCommandExecutor.java:158)\r\n\tat org.openqa.selenium.remote.service.DriverCommandExecutor.execute(DriverCommandExecutor.java:83)\r\n\tat org.openqa.selenium.remote.RemoteWebDriver.execute(RemoteWebDriver.java:552)\r\n\tat org.openqa.selenium.remote.RemoteWebDriver.findElement(RemoteWebDriver.java:323)\r\n\tat org.openqa.selenium.remote.RemoteWebDriver.findElementByXPath(RemoteWebDriver.java:428)\r\n\tat org.openqa.selenium.By$ByXPath.findElement(By.java:353)\r\n\tat org.openqa.selenium.remote.RemoteWebDriver.findElement(RemoteWebDriver.java:315)\r\n\tat org.openqa.selenium.support.ui.ExpectedConditions$6.apply(ExpectedConditions.java:182)\r\n\tat org.openqa.selenium.support.ui.ExpectedConditions$6.apply(ExpectedConditions.java:179)\r\n\tat org.openqa.selenium.support.ui.FluentWait.until(FluentWait.java:249)\r\n\t... 29 more\r\n","v":0}
{"name":"1741646175","hostname":"DESKTOP-ATRG469","pid":25244,"level":30,"actorType":"ACTOR1","actorId":"22256","time":"2025-03-10T22:36:55.9583698Z","msg":"Test session has completed","v":0}
{"name":"1741646175","hostname":"DESKTOP-ATRG469","pid":25244,"level":10,"actorType":"ACTOR1","actorId":"22256","time":"2025-03-10T22:36:55.9583698Z","msg":"TRACE: Firing TEST_COMPLETED event...","v":0}
{"name":"1741646175","hostname":"DESKTOP-ATRG469","pid":25244,"level":10,"actorType":"ACTOR1","actorId":"22256","time":"2025-03-10T22:36:56.0803698Z","msg":"TRACE: Firing SESSION_COMPLETED event...","v":0}
{"name":"1741646175","hostname":"DESKTOP-ATRG469","pid":25244,"level":30,"actorType":"ACTOR1","actorId":"22256","time":"2025-03-10T22:36:56.0813713Z","msg":"Actor 22256 of type ACTOR1 with no tags is waiting to be acquired by a test session...","v":0}
