{"name":"1741542211","hostname":"DESKTOP-ATRG469","pid":2180,"level":20,"msg":"Sync server version: 1.3.8 2022-02-25 10:58:11 -0600 50659ecda06a8b79a41f24c1fdff05187324402b","time":"2025-03-09T17:43:31.468Z","v":0}
{"name":"1741542211","hostname":"DESKTOP-ATRG469","pid":2180,"level":30,"msg":"Acquiring actors for session 1741542211: ACTOR1","time":"2025-03-09T17:43:31.470Z","v":0}
{"name":"1741542211","hostname":"DESKTOP-ATRG469","pid":2180,"level":30,"msg":"Session 1741542211 with label \"Session 1741542053 3\" started at 2025-03-09 17:43:31 UTC","time":"2025-03-09T17:43:31.472Z","v":0}
{"name":"1741542211","hostname":"DESKTOP-ATRG469","pid":2180,"level":30,"actorType":"ACTOR1","actorId":"52885","time":"2025-03-09T17:43:32.588805Z","msg":"Actor 52885 of type ACTOR1 was acquired by test session 1741542211","v":0}
{"name":"1741542211","hostname":"DESKTOP-ATRG469","pid":2180,"level":20,"actorType":"ACTOR1","actorId":"52885","time":"2025-03-09T17:43:32.5968185Z","msg":"DEBUG: Test actor JAR versions:","v":0}
{"name":"1741542211","hostname":"DESKTOP-ATRG469","pid":2180,"level":20,"actorType":"ACTOR1","actorId":"52885","time":"2025-03-09T17:43:32.5988092Z","msg":"DEBUG:   opentest-appium-0.0.1.jar: 2022-02-25 10:58 -0600 0.0.1-50659ecda06a8b79a41f24c1fdff05187324402b-dirty","v":0}
{"name":"1741542211","hostname":"DESKTOP-ATRG469","pid":2180,"level":20,"actorType":"ACTOR1","actorId":"52885","time":"2025-03-09T17:43:32.5998045Z","msg":"DEBUG:   opentest-base-0.0.1.jar: 2022-02-25 10:58 -0600 0.0.1-50659ecda06a8b79a41f24c1fdff05187324402b-dirty","v":0}
{"name":"1741542211","hostname":"DESKTOP-ATRG469","pid":2180,"level":20,"actorType":"ACTOR1","actorId":"52885","time":"2025-03-09T17:43:32.6018124Z","msg":"DEBUG:   opentest-selenium-0.0.1.jar: 2022-02-25 10:58 -0600 0.0.1-50659ecda06a8b79a41f24c1fdff05187324402b-dirty","v":0}
{"name":"1741542211","hostname":"DESKTOP-ATRG469","pid":2180,"level":40,"actorType":"ACTOR1","actorId":"52885","time":"2025-03-09T17:43:32.6028121Z","msg":"WARN: Failed to log extension JARs","v":0}
{"name":"1741542211","hostname":"DESKTOP-ATRG469","pid":2180,"level":10,"actorType":"ACTOR1","actorId":"52885","time":"2025-03-09T17:43:32.6038185Z","msg":"TRACE: Firing SESSION_STARTED event...","v":0}
{"name":"1741542211","hostname":"DESKTOP-ATRG469","pid":2180,"level":30,"actorType":"ACTOR1","actorId":"52885","time":"2025-03-09T17:43:32.6598057Z","msg":"==================== ACTOR1: web/Find the React repo on GitHub's website ====================","v":0}
{"name":"1741542211","hostname":"DESKTOP-ATRG469","pid":2180,"level":30,"actorType":"ACTOR1","actorId":"52885","time":"2025-03-09T17:43:32.6598057Z","msg":"Actor ACTOR1 started executing test web/Find the React repo on GitHub's website...","v":0}
{"name":"1741542211","hostname":"DESKTOP-ATRG469","pid":2180,"level":10,"actorType":"ACTOR1","actorId":"52885","time":"2025-03-09T17:43:32.6608034Z","msg":"TRACE: Firing TEST_STARTED event...","v":0}
{"name":"1741542211","hostname":"DESKTOP-ATRG469","pid":2180,"level":30,"actorType":"ACTOR1","actorId":"52885","time":"2025-03-09T17:43:32.6808037Z","msg":"Executing segment 1 of test web/Find the React repo on GitHub's website...","v":0}
{"name":"1741542211","hostname":"DESKTOP-ATRG469","pid":2180,"level":30,"actorType":"ACTOR1","actorId":"52885","time":"2025-03-09T17:43:32.6808037Z","msg":"Evaluating action 1/4 (org.getopentest.selenium.NavigateTo) in segment 1 (Navigate to the GitHub homepage)...","v":0}
{"name":"1741542211","hostname":"DESKTOP-ATRG469","pid":2180,"level":10,"actorType":"ACTOR1","actorId":"52885","time":"2025-03-09T17:43:32.682804Z","msg":"TRACE: Initializing action org.getopentest.selenium.NavigateTo...","v":0}
{"name":"1741542211","hostname":"DESKTOP-ATRG469","pid":2180,"level":30,"actorType":"ACTOR1","actorId":"52885","time":"2025-03-09T17:43:32.6838046Z","msg":"Loading configuration from \"C:\\Users\\casa\\Documents\\opentest\\forza\\actor1\\actor.yaml\"","v":0}
{"name":"1741542211","hostname":"DESKTOP-ATRG469","pid":2180,"level":30,"actorType":"ACTOR1","actorId":"52885","time":"2025-03-09T17:43:32.6868054Z","msg":"Using local Selenium server","v":0}
{"name":"1741542211","hostname":"DESKTOP-ATRG469","pid":2180,"level":10,"actorType":"ACTOR1","actorId":"52885","time":"2025-03-09T17:43:32.6868054Z","msg":"TRACE: Setting system property \"webdriver.chrome.driver\" to \"C:/Users/casa/Documents/opentest/forza/driver/chromedriver.exe\"","v":0}
{"name":"1741542211","hostname":"DESKTOP-ATRG469","pid":2180,"level":30,"actorType":"ACTOR1","actorId":"52885","time":"2025-03-09T17:43:33.965825Z","msg":"Executing action org.getopentest.selenium.NavigateTo with arguments {\"url\":\"https://github.com/\"}...","v":0}
{"name":"1741542211","hostname":"DESKTOP-ATRG469","pid":2180,"level":30,"actorType":"ACTOR1","actorId":"52885","time":"2025-03-09T17:43:35.2189429Z","msg":"Evaluating action 2/4 (org.getopentest.selenium.SendKeys) in segment 1 (Enter \"react\" in the search box)...","v":0}
{"name":"1741542211","hostname":"DESKTOP-ATRG469","pid":2180,"level":10,"actorType":"ACTOR1","actorId":"52885","time":"2025-03-09T17:43:35.2189429Z","msg":"TRACE: Initializing action org.getopentest.selenium.SendKeys...","v":0}
{"name":"1741542211","hostname":"DESKTOP-ATRG469","pid":2180,"level":30,"actorType":"ACTOR1","actorId":"52885","time":"2025-03-09T17:43:35.2199445Z","msg":"Executing action org.getopentest.selenium.SendKeys with arguments {\"text\":\"react\",\"locator\":{\"css\":\"input[name='q']\"},\"sendEnter\":true}...","v":0}
{"name":"1741542211","hostname":"DESKTOP-ATRG469","pid":2180,"level":30,"actorType":"ACTOR1","actorId":"52885","time":"2025-03-09T17:43:46.8925222Z","msg":"Captured screenshot at C:\\Users\\casa\\Documents\\opentest\\forza\\actor1\\out\\screenshots\\SID1741542211_ACTOR1_T01_SG01_ST02_error.png","v":0}
{"name":"1741542211","hostname":"DESKTOP-ATRG469","pid":2180,"level":50,"actorType":"ACTOR1","actorId":"52885","time":"2025-03-09T17:43:46.901483Z","msg":"ERROR: java.lang.Exception: Failed executing test web/Find the React repo on GitHub's website, segment 1\r\n\tat org.getopentest.base.TestActor.executeTestSegment(TestActor.java:2208)\r\n\tat org.getopentest.base.TestActor.runOneSession(TestActor.java:3077)\r\n\tat org.getopentest.base.TestActor.runOneSession(TestActor.java:3113)\r\n\tat org.getopentest.Main.main(Main.java:20)\r\nCaused by: java.lang.RuntimeException: There was an error while executing action no. 2 (org.getopentest.selenium.SendKeys) in segment 1 of test web/Find the React repo on GitHub's website.\nThe action definition was:\n{\n  \"action\": \"org.getopentest.selenium.SendKeys\",\n  \"args\": {\n    \"locator\": {\n      \"css\": \"input[name='q']\"\n    },\n    \"text\": \"react\",\n    \"sendEnter\": true\n  },\n  \"description\": \"Enter \\\"react\\\" in the search box\"\n}\r\n\tat org.getopentest.base.TestActor.executeTestSegment(TestActor.java:2142)\r\n\t... 3 more\r\nCaused by: java.lang.RuntimeException: Failed executing action org.getopentest.selenium.SendKeys with arguments {\"text\":\"react\",\"locator\":{\"css\":\"input[name='q']\"},\"sendEnter\":true}\r\n\tat org.getopentest.base.TestActor.executeActionByDef(TestActor.java:1872)\r\n\tat org.getopentest.base.TestActor.executeTestSegment(TestActor.java:2092)\r\n\t... 3 more\r\nCaused by: java.lang.RuntimeException: java.lang.RuntimeException: Failed sending keys to element By.cssSelector: input[name='q']\r\n\tat org.getopentest.base.TestActor.executeActionByClassName(TestActor.java:1670)\r\n\tat org.getopentest.base.TestActor.executeActionByDef(TestActor.java:1749)\r\n\t... 4 more\r\nCaused by: java.lang.RuntimeException: Failed sending keys to element By.cssSelector: input[name='q']\r\n\tat org.getopentest.selenium.SendKeys.run(SendKeys.java:45)\r\n\tat org.getopentest.base.TestActor.executeAction(TestActor.java:1571)\r\n\tat org.getopentest.base.TestActor.executeActionByClassName(TestActor.java:1647)\r\n\t... 5 more\r\nCaused by: org.openqa.selenium.TimeoutException: Expected condition failed: waiting for presence of element located by: By.cssSelector: input[name='q'] (tried for 10 second(s) with 500 milliseconds interval)\r\n\tat org.openqa.selenium.support.ui.WebDriverWait.timeoutException(WebDriverWait.java:95)\r\n\tat org.openqa.selenium.support.ui.FluentWait.until(FluentWait.java:272)\r\n\tat org.getopentest.selenium.core.SeleniumTestAction.getElement(SeleniumTestAction.java:58)\r\n\tat org.getopentest.selenium.core.SeleniumTestAction.getElement(SeleniumTestAction.java:50)\r\n\tat org.getopentest.selenium.SendKeys.run(SendKeys.java:25)\r\n\t... 7 more\r\nCaused by: org.openqa.selenium.NoSuchElementException: no such element: Unable to locate element: {\"method\":\"css selector\",\"selector\":\"input[name='q']\"}\n  (Session info: chrome=134.0.6998.36)\nFor documentation on this error, please visit: https://www.seleniumhq.org/exceptions/no_such_element.html\nBuild info: version: '3.141.59', revision: 'e82be7d358', time: '2018-11-14T08:17:03'\nSystem info: host: 'DESKTOP-ATRG469', ip: '192.168.0.5', os.name: 'Windows 10', os.arch: 'amd64', os.version: '10.0', java.version: '11.0.26'\nDriver info: org.openqa.selenium.chrome.ChromeDriver\nCapabilities {acceptInsecureCerts: false, browserName: chrome, browserVersion: 134.0.6998.36, chrome: {chromedriverVersion: 134.0.6998.35 (ea6ef4c2ac15..., userDataDir: C:\\Users\\casa\\AppData\\Local...}, fedcm:accounts: true, goog:chromeOptions: {debuggerAddress: localhost:50955}, javascriptEnabled: true, networkConnectionEnabled: false, pageLoadStrategy: normal, platform: WINDOWS, platformName: WINDOWS, proxy: Proxy(), setWindowRect: true, strictFileInteractability: false, timeouts: {implicit: 0, pageLoad: 300000, script: 30000}, unhandledPromptBehavior: dismiss and notify, webauthn:extension:credBlob: true, webauthn:extension:largeBlob: true, webauthn:extension:minPinLength: true, webauthn:extension:prf: true, webauthn:virtualAuthenticators: true}\nSession ID: 4573078fbd51e76a91c24b712e0dca01\n*** Element info: {Using=css selector, value=input[name='q']}\r\n\tat jdk.internal.reflect.GeneratedConstructorAccessor11.newInstance(Unknown Source)\r\n\tat java.base/jdk.internal.reflect.DelegatingConstructorAccessorImpl.newInstance(DelegatingConstructorAccessorImpl.java:45)\r\n\tat java.base/java.lang.reflect.Constructor.newInstance(Constructor.java:490)\r\n\tat org.openqa.selenium.remote.http.W3CHttpResponseCodec.createException(W3CHttpResponseCodec.java:187)\r\n\tat org.openqa.selenium.remote.http.W3CHttpResponseCodec.decode(W3CHttpResponseCodec.java:122)\r\n\tat org.openqa.selenium.remote.http.W3CHttpResponseCodec.decode(W3CHttpResponseCodec.java:49)\r\n\tat org.openqa.selenium.remote.HttpCommandExecutor.execute(HttpCommandExecutor.java:158)\r\n\tat org.openqa.selenium.remote.service.DriverCommandExecutor.execute(DriverCommandExecutor.java:83)\r\n\tat org.openqa.selenium.remote.RemoteWebDriver.execute(RemoteWebDriver.java:552)\r\n\tat org.openqa.selenium.remote.RemoteWebDriver.findElement(RemoteWebDriver.java:323)\r\n\tat org.openqa.selenium.remote.RemoteWebDriver.findElementByCssSelector(RemoteWebDriver.java:420)\r\n\tat org.openqa.selenium.By$ByCssSelector.findElement(By.java:431)\r\n\tat org.openqa.selenium.remote.RemoteWebDriver.findElement(RemoteWebDriver.java:315)\r\n\tat org.openqa.selenium.support.ui.ExpectedConditions$6.apply(ExpectedConditions.java:182)\r\n\tat org.openqa.selenium.support.ui.ExpectedConditions$6.apply(ExpectedConditions.java:179)\r\n\tat org.openqa.selenium.support.ui.FluentWait.until(FluentWait.java:249)\r\n\t... 10 more\r\n","v":0}
{"name":"1741542211","hostname":"DESKTOP-ATRG469","pid":2180,"level":30,"actorType":"ACTOR1","actorId":"52885","time":"2025-03-09T17:43:47.4206924Z","msg":"Test session has completed","v":0}
{"name":"1741542211","hostname":"DESKTOP-ATRG469","pid":2180,"level":10,"actorType":"ACTOR1","actorId":"52885","time":"2025-03-09T17:43:47.4217045Z","msg":"TRACE: Firing TEST_COMPLETED event...","v":0}
{"name":"1741542211","hostname":"DESKTOP-ATRG469","pid":2180,"level":30,"actorType":"ACTOR1","actorId":"52885","time":"2025-03-09T17:43:47.440705Z","msg":"There were no entries in the browser log. ","v":0}
{"name":"1741542211","hostname":"DESKTOP-ATRG469","pid":2180,"level":10,"actorType":"ACTOR1","actorId":"52885","time":"2025-03-09T17:43:47.5465891Z","msg":"TRACE: Firing SESSION_COMPLETED event...","v":0}
{"name":"1741542211","hostname":"DESKTOP-ATRG469","pid":2180,"level":30,"actorType":"ACTOR1","actorId":"52885","time":"2025-03-09T17:43:47.5476014Z","msg":"Actor 52885 of type ACTOR1 with no tags is waiting to be acquired by a test session...","v":0}
