{"name":"1741651000","hostname":"DESKTOP-ATRG469","pid":24684,"level":20,"msg":"Sync server version: 1.3.8 2022-02-25 10:58:11 -0600 50659ecda06a8b79a41f24c1fdff05187324402b","time":"2025-03-10T23:56:39.732Z","v":0}
{"name":"1741651000","hostname":"DESKTOP-ATRG469","pid":24684,"level":30,"msg":"Acquiring actors for session 1741651000: ACTOR1","time":"2025-03-10T23:56:39.734Z","v":0}
{"name":"1741651000","hostname":"DESKTOP-ATRG469","pid":24684,"level":30,"msg":"Session 1741651000 with label \"Session 1741646357 11\" started at 2025-03-10 23:56:39 UTC","time":"2025-03-10T23:56:39.735Z","v":0}
{"name":"1741651000","hostname":"DESKTOP-ATRG469","pid":24684,"level":30,"actorType":"ACTOR1","actorId":"25007","time":"2025-03-10T23:56:43.5664549Z","msg":"Actor 25007 of type ACTOR1 was acquired by test session 1741651000","v":0}
{"name":"1741651000","hostname":"DESKTOP-ATRG469","pid":24684,"level":20,"actorType":"ACTOR1","actorId":"25007","time":"2025-03-10T23:56:43.5784427Z","msg":"DEBUG: Test actor JAR versions:","v":0}
{"name":"1741651000","hostname":"DESKTOP-ATRG469","pid":24684,"level":20,"actorType":"ACTOR1","actorId":"25007","time":"2025-03-10T23:56:43.5792324Z","msg":"DEBUG:   opentest-appium-0.0.1.jar: 2022-02-25 10:58 -0600 0.0.1-50659ecda06a8b79a41f24c1fdff05187324402b-dirty","v":0}
{"name":"1741651000","hostname":"DESKTOP-ATRG469","pid":24684,"level":20,"actorType":"ACTOR1","actorId":"25007","time":"2025-03-10T23:56:43.5792324Z","msg":"DEBUG:   opentest-base-0.0.1.jar: 2022-02-25 10:58 -0600 0.0.1-50659ecda06a8b79a41f24c1fdff05187324402b-dirty","v":0}
{"name":"1741651000","hostname":"DESKTOP-ATRG469","pid":24684,"level":20,"actorType":"ACTOR1","actorId":"25007","time":"2025-03-10T23:56:43.5802402Z","msg":"DEBUG:   opentest-selenium-0.0.1.jar: 2022-02-25 10:58 -0600 0.0.1-50659ecda06a8b79a41f24c1fdff05187324402b-dirty","v":0}
{"name":"1741651000","hostname":"DESKTOP-ATRG469","pid":24684,"level":40,"actorType":"ACTOR1","actorId":"25007","time":"2025-03-10T23:56:43.5802402Z","msg":"WARN: Failed to log extension JARs","v":0}
{"name":"1741651000","hostname":"DESKTOP-ATRG469","pid":24684,"level":10,"actorType":"ACTOR1","actorId":"25007","time":"2025-03-10T23:56:43.5802402Z","msg":"TRACE: Firing SESSION_STARTED event...","v":0}
{"name":"1741651000","hostname":"DESKTOP-ATRG469","pid":24684,"level":30,"actorType":"ACTOR1","actorId":"25007","time":"2025-03-10T23:56:43.601239Z","msg":"==================== ACTOR1: web/DemoBlaze/Caso3 ====================","v":0}
{"name":"1741651000","hostname":"DESKTOP-ATRG469","pid":24684,"level":30,"actorType":"ACTOR1","actorId":"25007","time":"2025-03-10T23:56:43.601239Z","msg":"Actor ACTOR1 started executing test web/DemoBlaze/Caso3...","v":0}
{"name":"1741651000","hostname":"DESKTOP-ATRG469","pid":24684,"level":10,"actorType":"ACTOR1","actorId":"25007","time":"2025-03-10T23:56:43.601239Z","msg":"TRACE: Firing TEST_STARTED event...","v":0}
{"name":"1741651000","hostname":"DESKTOP-ATRG469","pid":24684,"level":30,"actorType":"ACTOR1","actorId":"25007","time":"2025-03-10T23:56:43.6182389Z","msg":"Executing segment 1 of test web/DemoBlaze/Caso3...","v":0}
{"name":"1741651000","hostname":"DESKTOP-ATRG469","pid":24684,"level":30,"actorType":"ACTOR1","actorId":"25007","time":"2025-03-10T23:56:43.619239Z","msg":"Evaluating action 1/9 (DemoBlaze.GoTo) in segment 1...","v":0}
{"name":"1741651000","hostname":"DESKTOP-ATRG469","pid":24684,"level":30,"actorType":"ACTOR1","actorId":"25007","time":"2025-03-10T23:56:43.6242393Z","msg":"Executing macro DemoBlaze/GoTo with arguments {\"website\":\"https://www.demoblaze.com/index.html\"}...","v":0}
{"name":"1741651000","hostname":"DESKTOP-ATRG469","pid":24684,"level":30,"actorType":"ACTOR1","actorId":"25007","time":"2025-03-10T23:56:43.6242393Z","msg":"Evaluating action 1/2 in macro DemoBlaze/GoTo (Navigate to the wiki page)...","v":0}
{"name":"1741651000","hostname":"DESKTOP-ATRG469","pid":24684,"level":10,"actorType":"ACTOR1","actorId":"25007","time":"2025-03-10T23:56:43.6252397Z","msg":"TRACE: Initializing action org.getopentest.selenium.NavigateTo...","v":0}
{"name":"1741651000","hostname":"DESKTOP-ATRG469","pid":24684,"level":30,"actorType":"ACTOR1","actorId":"25007","time":"2025-03-10T23:56:43.6262396Z","msg":"Using local Selenium server","v":0}
{"name":"1741651000","hostname":"DESKTOP-ATRG469","pid":24684,"level":10,"actorType":"ACTOR1","actorId":"25007","time":"2025-03-10T23:56:43.6262396Z","msg":"TRACE: Setting system property \"webdriver.chrome.driver\" to \"C:/Users/casa/Documents/opentest/forza/driver/chromedriver.exe\"","v":0}
{"name":"1741651000","hostname":"DESKTOP-ATRG469","pid":24684,"level":30,"actorType":"ACTOR1","actorId":"25007","time":"2025-03-10T23:56:44.2454336Z","msg":"Executing action org.getopentest.selenium.NavigateTo with arguments {\"url\":\"https://www.demoblaze.com/index.html\"}...","v":0}
{"name":"1741651000","hostname":"DESKTOP-ATRG469","pid":24684,"level":30,"actorType":"ACTOR1","actorId":"25007","time":"2025-03-10T23:56:46.5392962Z","msg":"Evaluating action 2/2 in macro DemoBlaze/GoTo...","v":0}
{"name":"1741651000","hostname":"DESKTOP-ATRG469","pid":24684,"level":10,"actorType":"ACTOR1","actorId":"25007","time":"2025-03-10T23:56:46.5392962Z","msg":"TRACE: Initializing action org.getopentest.base.ScriptAction...","v":0}
{"name":"1741651000","hostname":"DESKTOP-ATRG469","pid":24684,"level":30,"actorType":"ACTOR1","actorId":"25007","time":"2025-03-10T23:56:46.5392962Z","msg":"Executing action org.getopentest.base.ScriptAction (no arguments were provided)...","v":0}
{"name":"1741651000","hostname":"DESKTOP-ATRG469","pid":24684,"level":30,"actorType":"ACTOR1","actorId":"25007","time":"2025-03-10T23:56:51.5479689Z","msg":"Evaluating action 2/9 (DemoBlaze.ChooseCategory) in segment 1...","v":0}
{"name":"1741651000","hostname":"DESKTOP-ATRG469","pid":24684,"level":30,"actorType":"ACTOR1","actorId":"25007","time":"2025-03-10T23:56:51.5629814Z","msg":"Executing macro DemoBlaze/ChooseCategory with arguments {\"category\":\"Laptops\"}...","v":0}
{"name":"1741651000","hostname":"DESKTOP-ATRG469","pid":24684,"level":30,"actorType":"ACTOR1","actorId":"25007","time":"2025-03-10T23:56:51.5639688Z","msg":"Evaluating action 1/1 in macro DemoBlaze/ChooseCategory...","v":0}
{"name":"1741651000","hostname":"DESKTOP-ATRG469","pid":24684,"level":10,"actorType":"ACTOR1","actorId":"25007","time":"2025-03-10T23:56:51.5639688Z","msg":"TRACE: Initializing action org.getopentest.base.ScriptAction...","v":0}
{"name":"1741651000","hostname":"DESKTOP-ATRG469","pid":24684,"level":30,"actorType":"ACTOR1","actorId":"25007","time":"2025-03-10T23:56:51.5649907Z","msg":"Executing action org.getopentest.base.ScriptAction (no arguments were provided)...","v":0}
{"name":"1741651000","hostname":"DESKTOP-ATRG469","pid":24684,"level":10,"actorType":"ACTOR1","actorId":"25007","time":"2025-03-10T23:56:51.595966Z","msg":"TRACE: Initializing action org.getopentest.selenium.Click...","v":0}
{"name":"1741651000","hostname":"DESKTOP-ATRG469","pid":24684,"level":30,"actorType":"ACTOR1","actorId":"25007","time":"2025-03-10T23:56:51.595966Z","msg":"Executing action org.getopentest.selenium.Click with arguments {\"locator\":{\"xpath\":\"//div[a[text()='CATEGORIES']]/a[text()='Laptops']\"}}...","v":0}
{"name":"1741651000","hostname":"DESKTOP-ATRG469","pid":24684,"level":30,"actorType":"ACTOR1","actorId":"25007","time":"2025-03-10T23:56:51.7177605Z","msg":"Evaluating action 3/9 (DemoBlaze.AddToCart) in segment 1...","v":0}
{"name":"1741651000","hostname":"DESKTOP-ATRG469","pid":24684,"level":30,"actorType":"ACTOR1","actorId":"25007","time":"2025-03-10T23:56:51.7359118Z","msg":"Executing macro DemoBlaze/AddToCart with arguments {\"item\":\"Sony vaio i5\"}...","v":0}
{"name":"1741651000","hostname":"DESKTOP-ATRG469","pid":24684,"level":30,"actorType":"ACTOR1","actorId":"25007","time":"2025-03-10T23:56:51.7359118Z","msg":"Evaluating action 1/1 in macro DemoBlaze/AddToCart...","v":0}
{"name":"1741651000","hostname":"DESKTOP-ATRG469","pid":24684,"level":10,"actorType":"ACTOR1","actorId":"25007","time":"2025-03-10T23:56:51.7359118Z","msg":"TRACE: Initializing action org.getopentest.base.ScriptAction...","v":0}
{"name":"1741651000","hostname":"DESKTOP-ATRG469","pid":24684,"level":30,"actorType":"ACTOR1","actorId":"25007","time":"2025-03-10T23:56:51.7359118Z","msg":"Executing action org.getopentest.base.ScriptAction (no arguments were provided)...","v":0}
{"name":"1741651000","hostname":"DESKTOP-ATRG469","pid":24684,"level":30,"actorType":"ACTOR1","actorId":"25007","time":"2025-03-10T23:56:51.7509124Z","msg":"TTT: ","v":0}
{"name":"1741651000","hostname":"DESKTOP-ATRG469","pid":24684,"level":30,"actorType":"ACTOR1","actorId":"25007","time":"2025-03-10T23:56:51.7519116Z","msg":"{xpath=//h4/a[text()='##item##']}","v":0}
{"name":"1741651000","hostname":"DESKTOP-ATRG469","pid":24684,"level":50,"actorType":"ACTOR1","actorId":"25007","time":"2025-03-10T23:56:51.7649124Z","msg":"ERROR: java.lang.Exception: Failed executing test web/DemoBlaze/Caso3, segment 1\r\n\tat org.getopentest.base.TestActor.executeTestSegment(TestActor.java:2208)\r\n\tat org.getopentest.base.TestActor.runOneSession(TestActor.java:3077)\r\n\tat org.getopentest.base.TestActor.runOneSession(TestActor.java:3113)\r\n\tat org.getopentest.Main.main(Main.java:20)\r\nCaused by: java.lang.RuntimeException: There was an error while executing action no. 3 (DemoBlaze.AddToCart) in segment 1 of test web/DemoBlaze/Caso3.\nThe action definition was:\n{\n  \"action\": \"org.getopentest.base.MacroAction\",\n  \"args\": {\n    \"item\": \"Sony vaio i5\"\n  },\n  \"macro\": \"DemoBlaze.AddToCart\"\n}\r\n\tat org.getopentest.base.TestActor.executeTestSegment(TestActor.java:2142)\r\n\t... 3 more\r\nCaused by: java.lang.RuntimeException: Failed executing action org.getopentest.base.MacroAction with arguments {\"item\":\"Sony vaio i5\"}\r\n\tat org.getopentest.base.TestActor.executeActionByDef(TestActor.java:1872)\r\n\tat org.getopentest.base.TestActor.executeTestSegment(TestActor.java:2092)\r\n\t... 3 more\r\nCaused by: java.lang.Exception: There was an error executing macro action DemoBlaze.AddToCart with arguments {\"item\":\"Sony vaio i5\"}\r\n\tat org.getopentest.base.TestActor.executeMacroActionByName(TestActor.java:2021)\r\n\tat org.getopentest.base.TestActor.executeActionByDef(TestActor.java:1745)\r\n\t... 4 more\r\nCaused by: java.lang.RuntimeException: There was an error while executing action no. 1 (org.getopentest.base.ScriptAction) in macro DemoBlaze/AddToCart.\nThe action definition was:\n{\n  \"action\": \"org.getopentest.base.ScriptAction\",\n  \"script\": \"var locator = $data(\\\"DemoBlaze/AddToCart/locators\\\").homepage.item;\\n\\n$log(\\\"TTT: \\\");\\n$log(locator);\\nvar temp = {};\\ntemp.xpath = locator.xpath.replace(\\\"##item##\\\", $macroArgs.item);\\n$log(tmp);\\n$runAction(\\\"org.getopentest.selenium.Click\\\", {\\n    locator: tmp\\n});\\n$runAction(\\\"org.getopentest.selenium.Click\\\", {\\n    locator: $data(\\\"DemoBlaze/AddToCart/locators\\\").homepage.addToCart\\n});\\n$runAction(\\\"org.getopentest.selenium.HandleModal\\\", {\\n    perform: \\\"getText\\\"\\n});\\n$localData.dialogText = $output.text;\\n$log(\\\"The dialog box said: \\\" + $localData.dialogText);\\n\\nif ($localData.dialogText === null || \\\"product added\\\".toLowerCase() !== $localData.dialogText.toLowerCase()) {\\n    $fail(\\\"El producto no se agrego al carrito o el mensaje cambio\\\");\\n}\\n$runAction(\\\"org.getopentest.selenium.ExecuteScript\\\", {\\n  script: \\\"location.reload();\\\"\\n});\\n\\n$delay(4000);\\n\"\n}\r\n\tat org.getopentest.base.TestActor.executeMacroActionByDef(TestActor.java:1973)\r\n\tat org.getopentest.base.TestActor.executeMacroActionByName(TestActor.java:2013)\r\n\t... 5 more\r\nCaused by: java.lang.RuntimeException: Failed executing action org.getopentest.base.ScriptAction (no arguments were provided)\r\n\tat org.getopentest.base.TestActor.executeActionByDef(TestActor.java:1872)\r\n\tat org.getopentest.base.TestActor.executeMacroActionByDef(TestActor.java:1938)\r\n\t... 6 more\r\nCaused by: java.lang.RuntimeException: Failed to evaluate JavaScript code at line number ?. The script content was: \nvar locator = $data(\"DemoBlaze/AddToCart/locators\").homepage.item;\n\n$log(\"TTT: \");\n$log(locator);\nvar temp = {};\ntemp.xpath = locator.xpath.replace(\"##item##\", $macroArgs.item);\n$log(tmp);\n$runAction(\"org.getopentest.selenium.Click\", {\n    locator: tmp\n});\n$runAction(\"org.getopentest.selenium.Click\", {\n    locator: $data(\"DemoBlaze/AddToCart/locators\").homepage.addToCart\n});\n$runAction(\"org.getopentest.selenium.HandleModal\", {\n    perform: \"getText\"\n});\n$localData.dialogText = $output.text;\n$log(\"The dialog box said: \" + $localData.dialogText);\n\nif ($localData.dialogText === null || \"product added\".toLowerCase() !== $localData.dialogText.toLowerCase()) {\n    $fail(\"El producto no se agrego al carrito o el mensaje cambio\");\n}\n$runAction(\"org.getopentest.selenium.ExecuteScript\", {\n  script: \"location.reload();\"\n});\n\n$delay(4000);\n\r\n\tat org.getopentest.base.TestActor.evalScript(TestActor.java:1490)\r\n\tat org.getopentest.base.ScriptAction.run(ScriptAction.java:32)\r\n\tat org.getopentest.base.TestActor.executeAction(TestActor.java:1571)\r\n\tat org.getopentest.base.TestActor.executeActionByDef(TestActor.java:1739)\r\n\t... 7 more\r\nCaused by: javax.script.ScriptException: ReferenceError: \"tmp\" is not defined in <eval> at line number 7\r\n\tat jdk.scripting.nashorn/jdk.nashorn.api.scripting.NashornScriptEngine.throwAsScriptException(NashornScriptEngine.java:477)\r\n\tat jdk.scripting.nashorn/jdk.nashorn.api.scripting.NashornScriptEngine.evalImpl(NashornScriptEngine.java:461)\r\n\tat jdk.scripting.nashorn/jdk.nashorn.api.scripting.NashornScriptEngine.evalImpl(NashornScriptEngine.java:413)\r\n\tat jdk.scripting.nashorn/jdk.nashorn.api.scripting.NashornScriptEngine.evalImpl(NashornScriptEngine.java:409)\r\n\tat jdk.scripting.nashorn/jdk.nashorn.api.scripting.NashornScriptEngine.eval(NashornScriptEngine.java:162)\r\n\tat java.scripting/javax.script.AbstractScriptEngine.eval(AbstractScriptEngine.java:264)\r\n\tat org.getopentest.base.TestActor.evalScript(TestActor.java:1476)\r\n\t... 10 more\r\nCaused by: <eval>:7 ReferenceError: \"tmp\" is not defined\r\n\tat jdk.scripting.nashorn/jdk.nashorn.internal.runtime.ECMAErrors.error(ECMAErrors.java:57)\r\n\tat jdk.scripting.nashorn/jdk.nashorn.internal.runtime.ECMAErrors.referenceError(ECMAErrors.java:319)\r\n\tat jdk.scripting.nashorn/jdk.nashorn.internal.runtime.ECMAErrors.referenceError(ECMAErrors.java:291)\r\n\tat jdk.scripting.nashorn/jdk.nashorn.internal.objects.Global.__noSuchProperty__(Global.java:1621)\r\n\tat jdk.scripting.nashorn.scripts/jdk.nashorn.internal.scripts.Script$Recompilation$286$\\^eval\\_$cu1$restOf.:program(<eval>:7)\r\n\tat jdk.scripting.nashorn/jdk.nashorn.internal.runtime.ScriptFunctionData.invoke(ScriptFunctionData.java:655)\r\n\tat jdk.scripting.nashorn/jdk.nashorn.internal.runtime.ScriptFunction.invoke(ScriptFunction.java:513)\r\n\tat jdk.scripting.nashorn/jdk.nashorn.internal.runtime.ScriptRuntime.apply(ScriptRuntime.java:527)\r\n\tat jdk.scripting.nashorn/jdk.nashorn.api.scripting.NashornScriptEngine.evalImpl(NashornScriptEngine.java:456)\r\n\t... 15 more\r\n","v":0}
{"name":"1741651000","hostname":"DESKTOP-ATRG469","pid":24684,"level":30,"actorType":"ACTOR1","actorId":"25007","time":"2025-03-10T23:56:52.276449Z","msg":"Test session has completed","v":0}
{"name":"1741651000","hostname":"DESKTOP-ATRG469","pid":24684,"level":10,"actorType":"ACTOR1","actorId":"25007","time":"2025-03-10T23:56:52.276449Z","msg":"TRACE: Firing TEST_COMPLETED event...","v":0}
{"name":"1741651000","hostname":"DESKTOP-ATRG469","pid":24684,"level":10,"actorType":"ACTOR1","actorId":"25007","time":"2025-03-10T23:56:52.4155504Z","msg":"TRACE: Firing SESSION_COMPLETED event...","v":0}
{"name":"1741651000","hostname":"DESKTOP-ATRG469","pid":24684,"level":30,"actorType":"ACTOR1","actorId":"25007","time":"2025-03-10T23:56:52.4155504Z","msg":"Actor 25007 of type ACTOR1 with no tags is waiting to be acquired by a test session...","v":0}
{"name":"1741651000","hostname":"DESKTOP-ATRG469","pid":24684,"level":10,"actorType":"ACTOR1","actorId":"25007","time":"2025-03-10T23:57:18.2440072Z","msg":"TRACE: Initializing test session information in the \"announce\" method...","v":0}
{"name":"1741651000","hostname":"DESKTOP-ATRG469","pid":24684,"level":10,"actorType":"ACTOR1","actorId":"25007","time":"2025-03-10T23:57:18.2446276Z","msg":"TRACE: Session ID in sync server response was 1741651036; actor session ID was null","v":0}
