{"name":"1741650875","hostname":"DESKTOP-ATRG469","pid":24684,"level":20,"msg":"Sync server version: 1.3.8 2022-02-25 10:58:11 -0600 50659ecda06a8b79a41f24c1fdff05187324402b","time":"2025-03-10T23:54:35.451Z","v":0}
{"name":"1741650875","hostname":"DESKTOP-ATRG469","pid":24684,"level":30,"msg":"Acquiring actors for session 1741650875: ACTOR1","time":"2025-03-10T23:54:35.452Z","v":0}
{"name":"1741650875","hostname":"DESKTOP-ATRG469","pid":24684,"level":30,"msg":"Session 1741650875 with label \"Session 1741646357 9\" started at 2025-03-10 23:54:35 UTC","time":"2025-03-10T23:54:35.453Z","v":0}
{"name":"1741650875","hostname":"DESKTOP-ATRG469","pid":24684,"level":30,"actorType":"ACTOR1","actorId":"25007","time":"2025-03-10T23:54:38.4639375Z","msg":"Actor 25007 of type ACTOR1 was acquired by test session 1741650875","v":0}
{"name":"1741650875","hostname":"DESKTOP-ATRG469","pid":24684,"level":20,"actorType":"ACTOR1","actorId":"25007","time":"2025-03-10T23:54:38.4669379Z","msg":"DEBUG: Test actor JAR versions:","v":0}
{"name":"1741650875","hostname":"DESKTOP-ATRG469","pid":24684,"level":20,"actorType":"ACTOR1","actorId":"25007","time":"2025-03-10T23:54:38.4669379Z","msg":"DEBUG:   opentest-appium-0.0.1.jar: 2022-02-25 10:58 -0600 0.0.1-50659ecda06a8b79a41f24c1fdff05187324402b-dirty","v":0}
{"name":"1741650875","hostname":"DESKTOP-ATRG469","pid":24684,"level":20,"actorType":"ACTOR1","actorId":"25007","time":"2025-03-10T23:54:38.4679392Z","msg":"DEBUG:   opentest-base-0.0.1.jar: 2022-02-25 10:58 -0600 0.0.1-50659ecda06a8b79a41f24c1fdff05187324402b-dirty","v":0}
{"name":"1741650875","hostname":"DESKTOP-ATRG469","pid":24684,"level":20,"actorType":"ACTOR1","actorId":"25007","time":"2025-03-10T23:54:38.4679392Z","msg":"DEBUG:   opentest-selenium-0.0.1.jar: 2022-02-25 10:58 -0600 0.0.1-50659ecda06a8b79a41f24c1fdff05187324402b-dirty","v":0}
{"name":"1741650875","hostname":"DESKTOP-ATRG469","pid":24684,"level":40,"actorType":"ACTOR1","actorId":"25007","time":"2025-03-10T23:54:38.4679392Z","msg":"WARN: Failed to log extension JARs","v":0}
{"name":"1741650875","hostname":"DESKTOP-ATRG469","pid":24684,"level":10,"actorType":"ACTOR1","actorId":"25007","time":"2025-03-10T23:54:38.4679392Z","msg":"TRACE: Firing SESSION_STARTED event...","v":0}
{"name":"1741650875","hostname":"DESKTOP-ATRG469","pid":24684,"level":30,"actorType":"ACTOR1","actorId":"25007","time":"2025-03-10T23:54:38.491941Z","msg":"==================== ACTOR1: web/DemoBlaze/Caso3 ====================","v":0}
{"name":"1741650875","hostname":"DESKTOP-ATRG469","pid":24684,"level":30,"actorType":"ACTOR1","actorId":"25007","time":"2025-03-10T23:54:38.491941Z","msg":"Actor ACTOR1 started executing test web/DemoBlaze/Caso3...","v":0}
{"name":"1741650875","hostname":"DESKTOP-ATRG469","pid":24684,"level":10,"actorType":"ACTOR1","actorId":"25007","time":"2025-03-10T23:54:38.491941Z","msg":"TRACE: Firing TEST_STARTED event...","v":0}
{"name":"1741650875","hostname":"DESKTOP-ATRG469","pid":24684,"level":30,"actorType":"ACTOR1","actorId":"25007","time":"2025-03-10T23:54:38.5129422Z","msg":"Executing segment 1 of test web/DemoBlaze/Caso3...","v":0}
{"name":"1741650875","hostname":"DESKTOP-ATRG469","pid":24684,"level":30,"actorType":"ACTOR1","actorId":"25007","time":"2025-03-10T23:54:38.5129422Z","msg":"Evaluating action 1/9 (DemoBlaze.GoTo) in segment 1...","v":0}
{"name":"1741650875","hostname":"DESKTOP-ATRG469","pid":24684,"level":30,"actorType":"ACTOR1","actorId":"25007","time":"2025-03-10T23:54:38.5209417Z","msg":"Executing macro DemoBlaze/GoTo with arguments {\"website\":\"https://www.demoblaze.com/index.html\"}...","v":0}
{"name":"1741650875","hostname":"DESKTOP-ATRG469","pid":24684,"level":30,"actorType":"ACTOR1","actorId":"25007","time":"2025-03-10T23:54:38.5219413Z","msg":"Evaluating action 1/2 in macro DemoBlaze/GoTo (Navigate to the wiki page)...","v":0}
{"name":"1741650875","hostname":"DESKTOP-ATRG469","pid":24684,"level":10,"actorType":"ACTOR1","actorId":"25007","time":"2025-03-10T23:54:38.5239397Z","msg":"TRACE: Initializing action org.getopentest.selenium.NavigateTo...","v":0}
{"name":"1741650875","hostname":"DESKTOP-ATRG469","pid":24684,"level":30,"actorType":"ACTOR1","actorId":"25007","time":"2025-03-10T23:54:38.5239397Z","msg":"Using local Selenium server","v":0}
{"name":"1741650875","hostname":"DESKTOP-ATRG469","pid":24684,"level":10,"actorType":"ACTOR1","actorId":"25007","time":"2025-03-10T23:54:38.5239397Z","msg":"TRACE: Setting system property \"webdriver.chrome.driver\" to \"C:/Users/casa/Documents/opentest/forza/driver/chromedriver.exe\"","v":0}
{"name":"1741650875","hostname":"DESKTOP-ATRG469","pid":24684,"level":30,"actorType":"ACTOR1","actorId":"25007","time":"2025-03-10T23:54:39.1329389Z","msg":"Executing action org.getopentest.selenium.NavigateTo with arguments {\"url\":\"https://www.demoblaze.com/index.html\"}...","v":0}
{"name":"1741650875","hostname":"DESKTOP-ATRG469","pid":24684,"level":30,"actorType":"ACTOR1","actorId":"25007","time":"2025-03-10T23:54:41.1827128Z","msg":"Evaluating action 2/2 in macro DemoBlaze/GoTo...","v":0}
{"name":"1741650875","hostname":"DESKTOP-ATRG469","pid":24684,"level":10,"actorType":"ACTOR1","actorId":"25007","time":"2025-03-10T23:54:41.1827128Z","msg":"TRACE: Initializing action org.getopentest.base.ScriptAction...","v":0}
{"name":"1741650875","hostname":"DESKTOP-ATRG469","pid":24684,"level":30,"actorType":"ACTOR1","actorId":"25007","time":"2025-03-10T23:54:41.1827128Z","msg":"Executing action org.getopentest.base.ScriptAction (no arguments were provided)...","v":0}
{"name":"1741650875","hostname":"DESKTOP-ATRG469","pid":24684,"level":30,"actorType":"ACTOR1","actorId":"25007","time":"2025-03-10T23:54:46.188811Z","msg":"Evaluating action 2/9 (DemoBlaze.ChooseCategory) in segment 1...","v":0}
{"name":"1741650875","hostname":"DESKTOP-ATRG469","pid":24684,"level":30,"actorType":"ACTOR1","actorId":"25007","time":"2025-03-10T23:54:46.1948151Z","msg":"Executing macro DemoBlaze/ChooseCategory with arguments {\"category\":\"Laptops\"}...","v":0}
{"name":"1741650875","hostname":"DESKTOP-ATRG469","pid":24684,"level":30,"actorType":"ACTOR1","actorId":"25007","time":"2025-03-10T23:54:46.1948151Z","msg":"Evaluating action 1/1 in macro DemoBlaze/ChooseCategory...","v":0}
{"name":"1741650875","hostname":"DESKTOP-ATRG469","pid":24684,"level":10,"actorType":"ACTOR1","actorId":"25007","time":"2025-03-10T23:54:46.1948151Z","msg":"TRACE: Initializing action org.getopentest.base.ScriptAction...","v":0}
{"name":"1741650875","hostname":"DESKTOP-ATRG469","pid":24684,"level":30,"actorType":"ACTOR1","actorId":"25007","time":"2025-03-10T23:54:46.1948151Z","msg":"Executing action org.getopentest.base.ScriptAction (no arguments were provided)...","v":0}
{"name":"1741650875","hostname":"DESKTOP-ATRG469","pid":24684,"level":10,"actorType":"ACTOR1","actorId":"25007","time":"2025-03-10T23:54:46.2138206Z","msg":"TRACE: Initializing action org.getopentest.selenium.Click...","v":0}
{"name":"1741650875","hostname":"DESKTOP-ATRG469","pid":24684,"level":30,"actorType":"ACTOR1","actorId":"25007","time":"2025-03-10T23:54:46.2148155Z","msg":"Executing action org.getopentest.selenium.Click with arguments {\"locator\":{\"xpath\":\"//div[a[text()='CATEGORIES']]/a[text()='Laptops']\"}}...","v":0}
{"name":"1741650875","hostname":"DESKTOP-ATRG469","pid":24684,"level":30,"actorType":"ACTOR1","actorId":"25007","time":"2025-03-10T23:54:46.3298197Z","msg":"Evaluating action 3/9 (DemoBlaze.AddToCart) in segment 1...","v":0}
{"name":"1741650875","hostname":"DESKTOP-ATRG469","pid":24684,"level":30,"actorType":"ACTOR1","actorId":"25007","time":"2025-03-10T23:54:46.3348248Z","msg":"Executing macro DemoBlaze/AddToCart with arguments {\"item\":\"Sony vaio i5\"}...","v":0}
{"name":"1741650875","hostname":"DESKTOP-ATRG469","pid":24684,"level":30,"actorType":"ACTOR1","actorId":"25007","time":"2025-03-10T23:54:46.3348248Z","msg":"Evaluating action 1/1 in macro DemoBlaze/AddToCart...","v":0}
{"name":"1741650875","hostname":"DESKTOP-ATRG469","pid":24684,"level":10,"actorType":"ACTOR1","actorId":"25007","time":"2025-03-10T23:54:46.3348248Z","msg":"TRACE: Initializing action org.getopentest.base.ScriptAction...","v":0}
{"name":"1741650875","hostname":"DESKTOP-ATRG469","pid":24684,"level":30,"actorType":"ACTOR1","actorId":"25007","time":"2025-03-10T23:54:46.3348248Z","msg":"Executing action org.getopentest.base.ScriptAction (no arguments were provided)...","v":0}
{"name":"1741650875","hostname":"DESKTOP-ATRG469","pid":24684,"level":50,"actorType":"ACTOR1","actorId":"25007","time":"2025-03-10T23:54:46.3418217Z","msg":"ERROR: java.lang.Exception: Failed executing test web/DemoBlaze/Caso3, segment 1\r\n\tat org.getopentest.base.TestActor.executeTestSegment(TestActor.java:2208)\r\n\tat org.getopentest.base.TestActor.runOneSession(TestActor.java:3077)\r\n\tat org.getopentest.base.TestActor.runOneSession(TestActor.java:3113)\r\n\tat org.getopentest.Main.main(Main.java:20)\r\nCaused by: java.lang.RuntimeException: There was an error while executing action no. 3 (DemoBlaze.AddToCart) in segment 1 of test web/DemoBlaze/Caso3.\nThe action definition was:\n{\n  \"action\": \"org.getopentest.base.MacroAction\",\n  \"args\": {\n    \"item\": \"Sony vaio i5\"\n  },\n  \"macro\": \"DemoBlaze.AddToCart\"\n}\r\n\tat org.getopentest.base.TestActor.executeTestSegment(TestActor.java:2142)\r\n\t... 3 more\r\nCaused by: java.lang.RuntimeException: Failed executing action org.getopentest.base.MacroAction with arguments {\"item\":\"Sony vaio i5\"}\r\n\tat org.getopentest.base.TestActor.executeActionByDef(TestActor.java:1872)\r\n\tat org.getopentest.base.TestActor.executeTestSegment(TestActor.java:2092)\r\n\t... 3 more\r\nCaused by: java.lang.Exception: There was an error executing macro action DemoBlaze.AddToCart with arguments {\"item\":\"Sony vaio i5\"}\r\n\tat org.getopentest.base.TestActor.executeMacroActionByName(TestActor.java:2021)\r\n\tat org.getopentest.base.TestActor.executeActionByDef(TestActor.java:1745)\r\n\t... 4 more\r\nCaused by: java.lang.RuntimeException: There was an error while executing action no. 1 (org.getopentest.base.ScriptAction) in macro DemoBlaze/AddToCart.\nThe action definition was:\n{\n  \"action\": \"org.getopentest.base.ScriptAction\",\n  \"script\": \"var locator = $data(\\\"DemoBlaze/AddToCart/locators\\\").homepage.item;\\n\\n$log(\\\"TTT: \\\");\\n$log(locator);\\nvar temp = {\\n    xpath: tmp.xpath.replace(\\\"##item##\\\", $macroArgs.item);\\n}\\n$log(tmp);\\n$runAction(\\\"org.getopentest.selenium.Click\\\", {\\n    locator: tmp\\n});\\n$runAction(\\\"org.getopentest.selenium.Click\\\", {\\n    locator: $data(\\\"DemoBlaze/AddToCart/locators\\\").homepage.addToCart\\n});\\n$runAction(\\\"org.getopentest.selenium.HandleModal\\\", {\\n    perform: \\\"getText\\\"\\n});\\n$localData.dialogText = $output.text;\\n$log(\\\"The dialog box said: \\\" + $localData.dialogText);\\n\\nif ($localData.dialogText === null || \\\"product added\\\".toLowerCase() !== $localData.dialogText.toLowerCase()) {\\n    $fail(\\\"El producto no se agrego al carrito o el mensaje cambio\\\");\\n}\\n$runAction(\\\"org.getopentest.selenium.ExecuteScript\\\", {\\n  script: \\\"location.reload();\\\"\\n});\\n\\n$delay(4000);\\n\"\n}\r\n\tat org.getopentest.base.TestActor.executeMacroActionByDef(TestActor.java:1973)\r\n\tat org.getopentest.base.TestActor.executeMacroActionByName(TestActor.java:2013)\r\n\t... 5 more\r\nCaused by: java.lang.RuntimeException: Failed executing action org.getopentest.base.ScriptAction (no arguments were provided)\r\n\tat org.getopentest.base.TestActor.executeActionByDef(TestActor.java:1872)\r\n\tat org.getopentest.base.TestActor.executeMacroActionByDef(TestActor.java:1938)\r\n\t... 6 more\r\nCaused by: java.lang.RuntimeException: Failed to evaluate JavaScript code at line number ?. The script content was: \nvar locator = $data(\"DemoBlaze/AddToCart/locators\").homepage.item;\n\n$log(\"TTT: \");\n$log(locator);\nvar temp = {\n    xpath: tmp.xpath.replace(\"##item##\", $macroArgs.item);\n}\n$log(tmp);\n$runAction(\"org.getopentest.selenium.Click\", {\n    locator: tmp\n});\n$runAction(\"org.getopentest.selenium.Click\", {\n    locator: $data(\"DemoBlaze/AddToCart/locators\").homepage.addToCart\n});\n$runAction(\"org.getopentest.selenium.HandleModal\", {\n    perform: \"getText\"\n});\n$localData.dialogText = $output.text;\n$log(\"The dialog box said: \" + $localData.dialogText);\n\nif ($localData.dialogText === null || \"product added\".toLowerCase() !== $localData.dialogText.toLowerCase()) {\n    $fail(\"El producto no se agrego al carrito o el mensaje cambio\");\n}\n$runAction(\"org.getopentest.selenium.ExecuteScript\", {\n  script: \"location.reload();\"\n});\n\n$delay(4000);\n\r\n\tat org.getopentest.base.TestActor.evalScript(TestActor.java:1490)\r\n\tat org.getopentest.base.ScriptAction.run(ScriptAction.java:32)\r\n\tat org.getopentest.base.TestActor.executeAction(TestActor.java:1571)\r\n\tat org.getopentest.base.TestActor.executeActionByDef(TestActor.java:1739)\r\n\t... 7 more\r\nCaused by: javax.script.ScriptException: <eval>:6:57 Expected comma but found ;\r\n    xpath: tmp.xpath.replace(\"##item##\", $macroArgs.item);\r\n                                                         ^ in <eval> at line number 6 at column number 57\r\n\tat jdk.scripting.nashorn/jdk.nashorn.api.scripting.NashornScriptEngine.throwAsScriptException(NashornScriptEngine.java:477)\r\n\tat jdk.scripting.nashorn/jdk.nashorn.api.scripting.NashornScriptEngine.compileImpl(NashornScriptEngine.java:544)\r\n\tat jdk.scripting.nashorn/jdk.nashorn.api.scripting.NashornScriptEngine.compileImpl(NashornScriptEngine.java:531)\r\n\tat jdk.scripting.nashorn/jdk.nashorn.api.scripting.NashornScriptEngine.evalImpl(NashornScriptEngine.java:409)\r\n\tat jdk.scripting.nashorn/jdk.nashorn.api.scripting.NashornScriptEngine.eval(NashornScriptEngine.java:162)\r\n\tat java.scripting/javax.script.AbstractScriptEngine.eval(AbstractScriptEngine.java:264)\r\n\tat org.getopentest.base.TestActor.evalScript(TestActor.java:1476)\r\n\t... 10 more\r\nCaused by: jdk.nashorn.internal.runtime.ParserException: <eval>:6:57 Expected comma but found ;\r\n    xpath: tmp.xpath.replace(\"##item##\", $macroArgs.item);\r\n                                                         ^\r\n\tat jdk.scripting.nashorn/jdk.nashorn.internal.parser.AbstractParser.error(AbstractParser.java:297)\r\n\tat jdk.scripting.nashorn/jdk.nashorn.internal.parser.AbstractParser.error(AbstractParser.java:282)\r\n\tat jdk.scripting.nashorn/jdk.nashorn.internal.parser.Parser.objectLiteral(Parser.java:2996)\r\n\tat jdk.scripting.nashorn/jdk.nashorn.internal.parser.Parser.primaryExpression(Parser.java:2801)\r\n\tat jdk.scripting.nashorn/jdk.nashorn.internal.parser.Parser.memberExpression(Parser.java:3623)\r\n\tat jdk.scripting.nashorn/jdk.nashorn.internal.parser.Parser.leftHandSideExpression(Parser.java:3407)\r\n\tat jdk.scripting.nashorn/jdk.nashorn.internal.parser.Parser.unaryExpression(Parser.java:4440)\r\n\tat jdk.scripting.nashorn/jdk.nashorn.internal.parser.Parser.expression(Parser.java:4620)\r\n\tat jdk.scripting.nashorn/jdk.nashorn.internal.parser.Parser.conditionalExpression(Parser.java:4772)\r\n\tat jdk.scripting.nashorn/jdk.nashorn.internal.parser.Parser.assignmentExpression(Parser.java:4711)\r\n\tat jdk.scripting.nashorn/jdk.nashorn.internal.parser.Parser.variableDeclarationList(Parser.java:1633)\r\n\tat jdk.scripting.nashorn/jdk.nashorn.internal.parser.Parser.variableStatement(Parser.java:1532)\r\n\tat jdk.scripting.nashorn/jdk.nashorn.internal.parser.Parser.statement(Parser.java:1042)\r\n\tat jdk.scripting.nashorn/jdk.nashorn.internal.parser.Parser.sourceElements(Parser.java:909)\r\n\tat jdk.scripting.nashorn/jdk.nashorn.internal.parser.Parser.program(Parser.java:844)\r\n\tat jdk.scripting.nashorn/jdk.nashorn.internal.parser.Parser.parse(Parser.java:325)\r\n\tat jdk.scripting.nashorn/jdk.nashorn.internal.parser.Parser.parse(Parser.java:285)\r\n\tat jdk.scripting.nashorn/jdk.nashorn.internal.runtime.Context.compile(Context.java:1500)\r\n\tat jdk.scripting.nashorn/jdk.nashorn.internal.runtime.Context.compileScript(Context.java:1467)\r\n\tat jdk.scripting.nashorn/jdk.nashorn.internal.runtime.Context.compileScript(Context.java:750)\r\n\tat jdk.scripting.nashorn/jdk.nashorn.api.scripting.NashornScriptEngine.compileImpl(NashornScriptEngine.java:542)\r\n\t... 15 more\r\n","v":0}
{"name":"1741650875","hostname":"DESKTOP-ATRG469","pid":24684,"level":30,"actorType":"ACTOR1","actorId":"25007","time":"2025-03-10T23:54:46.8639128Z","msg":"Test session has completed","v":0}
{"name":"1741650875","hostname":"DESKTOP-ATRG469","pid":24684,"level":10,"actorType":"ACTOR1","actorId":"25007","time":"2025-03-10T23:54:46.8651791Z","msg":"TRACE: Firing TEST_COMPLETED event...","v":0}
{"name":"1741650875","hostname":"DESKTOP-ATRG469","pid":24684,"level":10,"actorType":"ACTOR1","actorId":"25007","time":"2025-03-10T23:54:46.9827837Z","msg":"TRACE: Firing SESSION_COMPLETED event...","v":0}
{"name":"1741650875","hostname":"DESKTOP-ATRG469","pid":24684,"level":30,"actorType":"ACTOR1","actorId":"25007","time":"2025-03-10T23:54:46.9827837Z","msg":"Actor 25007 of type ACTOR1 with no tags is waiting to be acquired by a test session...","v":0}
{"name":"1741650875","hostname":"DESKTOP-ATRG469","pid":24684,"level":10,"actorType":"ACTOR1","actorId":"25007","time":"2025-03-10T23:55:07.8168459Z","msg":"TRACE: Initializing test session information in the \"announce\" method...","v":0}
{"name":"1741650875","hostname":"DESKTOP-ATRG469","pid":24684,"level":10,"actorType":"ACTOR1","actorId":"25007","time":"2025-03-10T23:55:07.8175592Z","msg":"TRACE: Session ID in sync server response was 1741650907; actor session ID was null","v":0}
