{"name":"1741542053","hostname":"DESKTOP-ATRG469","pid":19016,"level":20,"msg":"Sync server version: 1.3.8 2022-02-25 10:58:11 -0600 50659ecda06a8b79a41f24c1fdff05187324402b","time":"2025-03-09T17:40:53.208Z","v":0}
{"name":"1741542053","hostname":"DESKTOP-ATRG469","pid":19016,"level":30,"msg":"Acquiring actors for session 1741542053: ACTOR1","time":"2025-03-09T17:40:53.209Z","v":0}
{"name":"1741542053","hostname":"DESKTOP-ATRG469","pid":19016,"level":30,"msg":"Session 1741542053 with label \"null\" started at 2025-03-09 17:40:53 UTC","time":"2025-03-09T17:40:53.210Z","v":0}
{"name":"1741542053","hostname":"DESKTOP-ATRG469","pid":19016,"level":30,"actorType":"ACTOR1","actorId":"27666","time":"2025-03-09T17:40:57.7684175Z","msg":"Actor 27666 of type ACTOR1 was acquired by test session 1741542053","v":0}
{"name":"1741542053","hostname":"DESKTOP-ATRG469","pid":19016,"level":20,"actorType":"ACTOR1","actorId":"27666","time":"2025-03-09T17:40:57.7764138Z","msg":"DEBUG: Test actor JAR versions:","v":0}
{"name":"1741542053","hostname":"DESKTOP-ATRG469","pid":19016,"level":20,"actorType":"ACTOR1","actorId":"27666","time":"2025-03-09T17:40:57.7773997Z","msg":"DEBUG:   opentest-appium-0.0.1.jar: 2022-02-25 10:58 -0600 0.0.1-50659ecda06a8b79a41f24c1fdff05187324402b-dirty","v":0}
{"name":"1741542053","hostname":"DESKTOP-ATRG469","pid":19016,"level":20,"actorType":"ACTOR1","actorId":"27666","time":"2025-03-09T17:40:57.7804165Z","msg":"DEBUG:   opentest-base-0.0.1.jar: 2022-02-25 10:58 -0600 0.0.1-50659ecda06a8b79a41f24c1fdff05187324402b-dirty","v":0}
{"name":"1741542053","hostname":"DESKTOP-ATRG469","pid":19016,"level":20,"actorType":"ACTOR1","actorId":"27666","time":"2025-03-09T17:40:57.7824146Z","msg":"DEBUG:   opentest-selenium-0.0.1.jar: 2022-02-25 10:58 -0600 0.0.1-50659ecda06a8b79a41f24c1fdff05187324402b-dirty","v":0}
{"name":"1741542053","hostname":"DESKTOP-ATRG469","pid":19016,"level":40,"actorType":"ACTOR1","actorId":"27666","time":"2025-03-09T17:40:57.7854209Z","msg":"WARN: Failed to log extension JARs","v":0}
{"name":"1741542053","hostname":"DESKTOP-ATRG469","pid":19016,"level":10,"actorType":"ACTOR1","actorId":"27666","time":"2025-03-09T17:40:57.7864141Z","msg":"TRACE: Firing SESSION_STARTED event...","v":0}
{"name":"1741542053","hostname":"DESKTOP-ATRG469","pid":19016,"level":30,"actorType":"ACTOR1","actorId":"27666","time":"2025-03-09T17:40:57.8303985Z","msg":"==================== ACTOR1: web/Find the React repo on GitHub's website ====================","v":0}
{"name":"1741542053","hostname":"DESKTOP-ATRG469","pid":19016,"level":30,"actorType":"ACTOR1","actorId":"27666","time":"2025-03-09T17:40:57.8303985Z","msg":"Actor ACTOR1 started executing test web/Find the React repo on GitHub's website...","v":0}
{"name":"1741542053","hostname":"DESKTOP-ATRG469","pid":19016,"level":10,"actorType":"ACTOR1","actorId":"27666","time":"2025-03-09T17:40:57.8303985Z","msg":"TRACE: Firing TEST_STARTED event...","v":0}
{"name":"1741542053","hostname":"DESKTOP-ATRG469","pid":19016,"level":30,"actorType":"ACTOR1","actorId":"27666","time":"2025-03-09T17:40:57.8484021Z","msg":"Executing segment 1 of test web/Find the React repo on GitHub's website...","v":0}
{"name":"1741542053","hostname":"DESKTOP-ATRG469","pid":19016,"level":30,"actorType":"ACTOR1","actorId":"27666","time":"2025-03-09T17:40:57.8494023Z","msg":"Evaluating action 1/4 (org.getopentest.selenium.NavigateTo) in segment 1 (Navigate to the GitHub homepage)...","v":0}
{"name":"1741542053","hostname":"DESKTOP-ATRG469","pid":19016,"level":10,"actorType":"ACTOR1","actorId":"27666","time":"2025-03-09T17:40:57.8504019Z","msg":"TRACE: Initializing action org.getopentest.selenium.NavigateTo...","v":0}
{"name":"1741542053","hostname":"DESKTOP-ATRG469","pid":19016,"level":30,"actorType":"ACTOR1","actorId":"27666","time":"2025-03-09T17:40:57.8514013Z","msg":"Loading configuration from \"C:\\Users\\casa\\Documents\\opentest\\forza\\actor1\\actor.yaml\"","v":0}
{"name":"1741542053","hostname":"DESKTOP-ATRG469","pid":19016,"level":30,"actorType":"ACTOR1","actorId":"27666","time":"2025-03-09T17:40:57.8544012Z","msg":"Using local Selenium server","v":0}
{"name":"1741542053","hostname":"DESKTOP-ATRG469","pid":19016,"level":50,"actorType":"ACTOR1","actorId":"27666","time":"2025-03-09T17:40:57.8643994Z","msg":"ERROR: java.lang.Exception: Failed executing test web/Find the React repo on GitHub's website, segment 1\r\n\tat org.getopentest.base.TestActor.executeTestSegment(TestActor.java:2208)\r\n\tat org.getopentest.base.TestActor.runOneSession(TestActor.java:3077)\r\n\tat org.getopentest.base.TestActor.runOneSession(TestActor.java:3113)\r\n\tat org.getopentest.Main.main(Main.java:20)\r\nCaused by: java.lang.RuntimeException: There was an error while executing action no. 1 (org.getopentest.selenium.NavigateTo) in segment 1 of test web/Find the React repo on GitHub's website.\nThe action definition was:\n{\n  \"action\": \"org.getopentest.selenium.NavigateTo\",\n  \"args\": {\n    \"url\": \"https://github.com/\"\n  },\n  \"description\": \"Navigate to the GitHub homepage\"\n}\r\n\tat org.getopentest.base.TestActor.executeTestSegment(TestActor.java:2142)\r\n\t... 3 more\r\nCaused by: java.lang.RuntimeException: Failed executing action org.getopentest.selenium.NavigateTo with arguments {\"url\":\"https://github.com/\"}\r\n\tat org.getopentest.base.TestActor.executeActionByDef(TestActor.java:1872)\r\n\tat org.getopentest.base.TestActor.executeTestSegment(TestActor.java:2092)\r\n\t... 3 more\r\nCaused by: java.lang.RuntimeException: java.lang.RuntimeException: Failed to find the Selenium driver executable for browser \"chrome\". File \"/driver/chromedriver.exe\" does not exist. You can provide the correct path to the driver in the test actor's configuration file.\r\n\tat org.getopentest.base.TestActor.executeActionByClassName(TestActor.java:1670)\r\n\tat org.getopentest.base.TestActor.executeActionByDef(TestActor.java:1749)\r\n\t... 4 more\r\nCaused by: java.lang.RuntimeException: Failed to find the Selenium driver executable for browser \"chrome\". File \"/driver/chromedriver.exe\" does not exist. You can provide the correct path to the driver in the test actor's configuration file.\r\n\tat org.getopentest.selenium.core.SeleniumHelper.setDriverExecutable(SeleniumHelper.java:306)\r\n\tat org.getopentest.selenium.core.SeleniumHelper.createDriver(SeleniumHelper.java:67)\r\n\tat org.getopentest.selenium.core.SeleniumHelper.getDriver(SeleniumHelper.java:237)\r\n\tat org.getopentest.selenium.core.SeleniumTestAction.initialize(SeleniumTestAction.java:203)\r\n\tat org.getopentest.base.TestActor.executeAction(TestActor.java:1553)\r\n\tat org.getopentest.base.TestActor.executeActionByClassName(TestActor.java:1647)\r\n\t... 5 more\r\n","v":0}
{"name":"1741542053","hostname":"DESKTOP-ATRG469","pid":19016,"level":30,"actorType":"ACTOR1","actorId":"27666","time":"2025-03-09T17:40:58.3838748Z","msg":"Test session has completed","v":0}
{"name":"1741542053","hostname":"DESKTOP-ATRG469","pid":19016,"level":10,"actorType":"ACTOR1","actorId":"27666","time":"2025-03-09T17:40:58.3857999Z","msg":"TRACE: Firing TEST_COMPLETED event...","v":0}
{"name":"1741542053","hostname":"DESKTOP-ATRG469","pid":19016,"level":30,"actorType":"ACTOR1","actorId":"27666","time":"2025-03-09T17:40:58.3867994Z","msg":"Using local Selenium server","v":0}
{"name":"1741542053","hostname":"DESKTOP-ATRG469","pid":19016,"level":50,"actorType":"ACTOR1","actorId":"27666","time":"2025-03-09T17:40:58.3878005Z","msg":"ERROR: The \"runOneSession\" method failed","v":0}
{"name":"1741542053","hostname":"DESKTOP-ATRG469","pid":19016,"level":50,"actorType":"ACTOR1","actorId":"27666","time":"2025-03-09T17:40:58.389811Z","msg":"ERROR: java.lang.NullPointerException\r\n\tat org.getopentest.selenium.core.SeleniumTestAction$1.update(SeleniumTestAction.java:190)\r\n\tat java.base/java.util.Observable.notifyObservers(Observable.java:173)\r\n\tat org.getopentest.base.TestActor.runOneSession(TestActor.java:3102)\r\n\tat org.getopentest.base.TestActor.runOneSession(TestActor.java:3113)\r\n\tat org.getopentest.Main.main(Main.java:20)\r\n","v":0}
{"name":"1741542053","hostname":"DESKTOP-ATRG469","pid":19016,"level":30,"actorType":"ACTOR1","actorId":"27666","time":"2025-03-09T17:40:58.3918088Z","msg":"Actor 27666 of type ACTOR1 with no tags is waiting to be acquired by a test session...","v":0}
