{"name":"1741646075","hostname":"DESKTOP-ATRG469","pid":25244,"level":20,"msg":"Sync server version: 1.3.8 2022-02-25 10:58:11 -0600 50659ecda06a8b79a41f24c1fdff05187324402b","time":"2025-03-10T22:34:34.524Z","v":0}
{"name":"1741646075","hostname":"DESKTOP-ATRG469","pid":25244,"level":30,"msg":"Acquiring actors for session 1741646075: ACTOR1","time":"2025-03-10T22:34:34.526Z","v":0}
{"name":"1741646075","hostname":"DESKTOP-ATRG469","pid":25244,"level":30,"msg":"Session 1741646075 with label \"Session 1741645962 2\" started at 2025-03-10 22:34:34 UTC","time":"2025-03-10T22:34:34.528Z","v":0}
{"name":"1741646075","hostname":"DESKTOP-ATRG469","pid":25244,"level":30,"actorType":"ACTOR1","actorId":"22256","time":"2025-03-10T22:34:37.0016342Z","msg":"Actor 22256 of type ACTOR1 was acquired by test session 1741646075","v":0}
{"name":"1741646075","hostname":"DESKTOP-ATRG469","pid":25244,"level":20,"actorType":"ACTOR1","actorId":"22256","time":"2025-03-10T22:34:37.0076249Z","msg":"DEBUG: Test actor JAR versions:","v":0}
{"name":"1741646075","hostname":"DESKTOP-ATRG469","pid":25244,"level":20,"actorType":"ACTOR1","actorId":"22256","time":"2025-03-10T22:34:37.0086236Z","msg":"DEBUG:   opentest-appium-0.0.1.jar: 2022-02-25 10:58 -0600 0.0.1-50659ecda06a8b79a41f24c1fdff05187324402b-dirty","v":0}
{"name":"1741646075","hostname":"DESKTOP-ATRG469","pid":25244,"level":20,"actorType":"ACTOR1","actorId":"22256","time":"2025-03-10T22:34:37.0086236Z","msg":"DEBUG:   opentest-base-0.0.1.jar: 2022-02-25 10:58 -0600 0.0.1-50659ecda06a8b79a41f24c1fdff05187324402b-dirty","v":0}
{"name":"1741646075","hostname":"DESKTOP-ATRG469","pid":25244,"level":20,"actorType":"ACTOR1","actorId":"22256","time":"2025-03-10T22:34:37.0086236Z","msg":"DEBUG:   opentest-selenium-0.0.1.jar: 2022-02-25 10:58 -0600 0.0.1-50659ecda06a8b79a41f24c1fdff05187324402b-dirty","v":0}
{"name":"1741646075","hostname":"DESKTOP-ATRG469","pid":25244,"level":40,"actorType":"ACTOR1","actorId":"22256","time":"2025-03-10T22:34:37.0086236Z","msg":"WARN: Failed to log extension JARs","v":0}
{"name":"1741646075","hostname":"DESKTOP-ATRG469","pid":25244,"level":10,"actorType":"ACTOR1","actorId":"22256","time":"2025-03-10T22:34:37.0096249Z","msg":"TRACE: Firing SESSION_STARTED event...","v":0}
{"name":"1741646075","hostname":"DESKTOP-ATRG469","pid":25244,"level":30,"actorType":"ACTOR1","actorId":"22256","time":"2025-03-10T22:34:37.0336302Z","msg":"==================== ACTOR1: web/DemoBlaze/Caso3 ====================","v":0}
{"name":"1741646075","hostname":"DESKTOP-ATRG469","pid":25244,"level":30,"actorType":"ACTOR1","actorId":"22256","time":"2025-03-10T22:34:37.0336302Z","msg":"Actor ACTOR1 started executing test web/DemoBlaze/Caso3...","v":0}
{"name":"1741646075","hostname":"DESKTOP-ATRG469","pid":25244,"level":10,"actorType":"ACTOR1","actorId":"22256","time":"2025-03-10T22:34:37.0336302Z","msg":"TRACE: Firing TEST_STARTED event...","v":0}
{"name":"1741646075","hostname":"DESKTOP-ATRG469","pid":25244,"level":30,"actorType":"ACTOR1","actorId":"22256","time":"2025-03-10T22:34:37.0506251Z","msg":"Executing segment 1 of test web/DemoBlaze/Caso3...","v":0}
{"name":"1741646075","hostname":"DESKTOP-ATRG469","pid":25244,"level":30,"actorType":"ACTOR1","actorId":"22256","time":"2025-03-10T22:34:37.0516244Z","msg":"Evaluating action 1/9 (DemoBlaze.GoTo) in segment 1...","v":0}
{"name":"1741646075","hostname":"DESKTOP-ATRG469","pid":25244,"level":30,"actorType":"ACTOR1","actorId":"22256","time":"2025-03-10T22:34:37.0566256Z","msg":"Executing macro DemoBlaze/GoTo with arguments {\"website\":\"https://www.demoblaze.com/index.html\"}...","v":0}
{"name":"1741646075","hostname":"DESKTOP-ATRG469","pid":25244,"level":30,"actorType":"ACTOR1","actorId":"22256","time":"2025-03-10T22:34:37.0566256Z","msg":"Evaluating action 1/2 in macro DemoBlaze/GoTo (Navigate to the wiki page)...","v":0}
{"name":"1741646075","hostname":"DESKTOP-ATRG469","pid":25244,"level":10,"actorType":"ACTOR1","actorId":"22256","time":"2025-03-10T22:34:37.058624Z","msg":"TRACE: Initializing action org.getopentest.selenium.NavigateTo...","v":0}
{"name":"1741646075","hostname":"DESKTOP-ATRG469","pid":25244,"level":30,"actorType":"ACTOR1","actorId":"22256","time":"2025-03-10T22:34:37.058624Z","msg":"Using local Selenium server","v":0}
{"name":"1741646075","hostname":"DESKTOP-ATRG469","pid":25244,"level":10,"actorType":"ACTOR1","actorId":"22256","time":"2025-03-10T22:34:37.0596234Z","msg":"TRACE: Setting system property \"webdriver.chrome.driver\" to \"C:/Users/casa/Documents/opentest/forza/driver/chromedriver.exe\"","v":0}
{"name":"1741646075","hostname":"DESKTOP-ATRG469","pid":25244,"level":30,"actorType":"ACTOR1","actorId":"22256","time":"2025-03-10T22:34:37.7038426Z","msg":"Executing action org.getopentest.selenium.NavigateTo with arguments {\"url\":\"https://www.demoblaze.com/index.html\"}...","v":0}
{"name":"1741646075","hostname":"DESKTOP-ATRG469","pid":25244,"level":30,"actorType":"ACTOR1","actorId":"22256","time":"2025-03-10T22:34:40.2245513Z","msg":"Evaluating action 2/2 in macro DemoBlaze/GoTo...","v":0}
{"name":"1741646075","hostname":"DESKTOP-ATRG469","pid":25244,"level":10,"actorType":"ACTOR1","actorId":"22256","time":"2025-03-10T22:34:40.2245513Z","msg":"TRACE: Initializing action org.getopentest.base.ScriptAction...","v":0}
{"name":"1741646075","hostname":"DESKTOP-ATRG469","pid":25244,"level":30,"actorType":"ACTOR1","actorId":"22256","time":"2025-03-10T22:34:40.2255522Z","msg":"Executing action org.getopentest.base.ScriptAction (no arguments were provided)...","v":0}
{"name":"1741646075","hostname":"DESKTOP-ATRG469","pid":25244,"level":30,"actorType":"ACTOR1","actorId":"22256","time":"2025-03-10T22:34:45.2368334Z","msg":"Evaluating action 2/9 (DemoBlaze.ChooseCategory) in segment 1...","v":0}
{"name":"1741646075","hostname":"DESKTOP-ATRG469","pid":25244,"level":30,"actorType":"ACTOR1","actorId":"22256","time":"2025-03-10T22:34:45.2548319Z","msg":"Executing macro DemoBlaze/ChooseCategory with arguments {\"category\":\"Laptops\"}...","v":0}
{"name":"1741646075","hostname":"DESKTOP-ATRG469","pid":25244,"level":30,"actorType":"ACTOR1","actorId":"22256","time":"2025-03-10T22:34:45.2558302Z","msg":"Evaluating action 1/1 in macro DemoBlaze/ChooseCategory...","v":0}
{"name":"1741646075","hostname":"DESKTOP-ATRG469","pid":25244,"level":10,"actorType":"ACTOR1","actorId":"22256","time":"2025-03-10T22:34:45.2558302Z","msg":"TRACE: Initializing action org.getopentest.base.ScriptAction...","v":0}
{"name":"1741646075","hostname":"DESKTOP-ATRG469","pid":25244,"level":30,"actorType":"ACTOR1","actorId":"22256","time":"2025-03-10T22:34:45.2558302Z","msg":"Executing action org.getopentest.base.ScriptAction (no arguments were provided)...","v":0}
{"name":"1741646075","hostname":"DESKTOP-ATRG469","pid":25244,"level":10,"actorType":"ACTOR1","actorId":"22256","time":"2025-03-10T22:34:45.2758191Z","msg":"TRACE: Initializing action org.getopentest.selenium.Click...","v":0}
{"name":"1741646075","hostname":"DESKTOP-ATRG469","pid":25244,"level":30,"actorType":"ACTOR1","actorId":"22256","time":"2025-03-10T22:34:45.2768191Z","msg":"Executing action org.getopentest.selenium.Click with arguments {\"locator\":{\"xpath\":\"//div[a[text()='CATEGORIES']]/a[text()='Laptops']\"}}...","v":0}
{"name":"1741646075","hostname":"DESKTOP-ATRG469","pid":25244,"level":30,"actorType":"ACTOR1","actorId":"22256","time":"2025-03-10T22:34:45.4008246Z","msg":"Evaluating action 3/9 (DemoBlaze.AddToCart) in segment 1...","v":0}
{"name":"1741646075","hostname":"DESKTOP-ATRG469","pid":25244,"level":30,"actorType":"ACTOR1","actorId":"22256","time":"2025-03-10T22:34:45.4068205Z","msg":"Executing macro DemoBlaze/AddToCart with arguments {\"item\":\"Sony vaio i5\"}...","v":0}
{"name":"1741646075","hostname":"DESKTOP-ATRG469","pid":25244,"level":30,"actorType":"ACTOR1","actorId":"22256","time":"2025-03-10T22:34:45.4068205Z","msg":"Evaluating action 1/1 in macro DemoBlaze/AddToCart...","v":0}
{"name":"1741646075","hostname":"DESKTOP-ATRG469","pid":25244,"level":10,"actorType":"ACTOR1","actorId":"22256","time":"2025-03-10T22:34:45.4078209Z","msg":"TRACE: Initializing action org.getopentest.base.ScriptAction...","v":0}
{"name":"1741646075","hostname":"DESKTOP-ATRG469","pid":25244,"level":30,"actorType":"ACTOR1","actorId":"22256","time":"2025-03-10T22:34:45.4078209Z","msg":"Executing action org.getopentest.base.ScriptAction (no arguments were provided)...","v":0}
{"name":"1741646075","hostname":"DESKTOP-ATRG469","pid":25244,"level":10,"actorType":"ACTOR1","actorId":"22256","time":"2025-03-10T22:34:45.4268204Z","msg":"TRACE: Initializing action org.getopentest.selenium.Click...","v":0}
{"name":"1741646075","hostname":"DESKTOP-ATRG469","pid":25244,"level":30,"actorType":"ACTOR1","actorId":"22256","time":"2025-03-10T22:34:45.4268204Z","msg":"Executing action org.getopentest.selenium.Click with arguments {\"locator\":{\"xpath\":\"//h4/a[text()='Sony vaio i5']\"}}...","v":0}
{"name":"1741646075","hostname":"DESKTOP-ATRG469","pid":25244,"level":10,"actorType":"ACTOR1","actorId":"22256","time":"2025-03-10T22:34:45.7998999Z","msg":"TRACE: Initializing action org.getopentest.selenium.Click...","v":0}
{"name":"1741646075","hostname":"DESKTOP-ATRG469","pid":25244,"level":30,"actorType":"ACTOR1","actorId":"22256","time":"2025-03-10T22:34:45.7998999Z","msg":"Executing action org.getopentest.selenium.Click with arguments {\"locator\":{\"xpath\":\"//div/div/a[text()=\\\"Add to cart\\\"]\"}}...","v":0}
{"name":"1741646075","hostname":"DESKTOP-ATRG469","pid":25244,"level":10,"actorType":"ACTOR1","actorId":"22256","time":"2025-03-10T22:34:46.4195035Z","msg":"TRACE: Initializing action org.getopentest.selenium.HandleModal...","v":0}
{"name":"1741646075","hostname":"DESKTOP-ATRG469","pid":25244,"level":30,"actorType":"ACTOR1","actorId":"22256","time":"2025-03-10T22:34:46.4195035Z","msg":"Executing action org.getopentest.selenium.HandleModal with arguments {\"perform\":\"getText\"}...","v":0}
{"name":"1741646075","hostname":"DESKTOP-ATRG469","pid":25244,"level":20,"actorType":"ACTOR1","actorId":"22256","time":"2025-03-10T22:34:46.9432016Z","msg":"DEBUG: The output values from action org.getopentest.selenium.HandleModal were: \n\t>>>>> text = \"Product added\"","v":0}
{"name":"1741646075","hostname":"DESKTOP-ATRG469","pid":25244,"level":30,"actorType":"ACTOR1","actorId":"22256","time":"2025-03-10T22:34:46.9552015Z","msg":"The dialog box said: Product added","v":0}
{"name":"1741646075","hostname":"DESKTOP-ATRG469","pid":25244,"level":10,"actorType":"ACTOR1","actorId":"22256","time":"2025-03-10T22:34:46.9562004Z","msg":"TRACE: Initializing action org.getopentest.selenium.ExecuteScript...","v":0}
{"name":"1741646075","hostname":"DESKTOP-ATRG469","pid":25244,"level":30,"actorType":"ACTOR1","actorId":"22256","time":"2025-03-10T22:34:46.9562004Z","msg":"Executing action org.getopentest.selenium.ExecuteScript with arguments {\"script\":\"location.reload();\"}...","v":0}
{"name":"1741646075","hostname":"DESKTOP-ATRG469","pid":25244,"level":40,"actorType":"ACTOR1","actorId":"22256","time":"2025-03-10T22:34:46.9712007Z","msg":"WARN: The waitForAsyncCallsToFinish method failed.","v":0}
{"name":"1741646075","hostname":"DESKTOP-ATRG469","pid":25244,"level":40,"actorType":"ACTOR1","actorId":"22256","time":"2025-03-10T22:34:46.9712007Z","msg":"WARN: org.openqa.selenium.UnhandledAlertException: unexpected alert open: {Alert text : Product added}\n  (Session info: chrome=134.0.6998.36): Product added\nBuild info: version: '3.141.59', revision: 'e82be7d358', time: '2018-11-14T08:17:03'\nSystem info: host: 'DESKTOP-ATRG469', ip: '192.168.0.5', os.name: 'Windows 10', os.arch: 'amd64', os.version: '10.0', java.version: '11.0.26'\nDriver info: org.openqa.selenium.chrome.ChromeDriver\nCapabilities {acceptInsecureCerts: false, browserName: chrome, browserVersion: 134.0.6998.36, chrome: {chromedriverVersion: 134.0.6998.35 (ea6ef4c2ac15..., userDataDir: C:\\Users\\casa\\AppData\\Local...}, fedcm:accounts: true, goog:chromeOptions: {debuggerAddress: localhost:62613}, javascriptEnabled: true, networkConnectionEnabled: false, pageLoadStrategy: normal, platform: WINDOWS, platformName: WINDOWS, proxy: Proxy(), setWindowRect: true, strictFileInteractability: false, timeouts: {implicit: 0, pageLoad: 300000, script: 30000}, unhandledPromptBehavior: dismiss and notify, webauthn:extension:credBlob: true, webauthn:extension:largeBlob: true, webauthn:extension:minPinLength: true, webauthn:extension:prf: true, webauthn:virtualAuthenticators: true}\nSession ID: d2feb94fc5770c44e189e3da673f9e26\r\n\tat org.openqa.selenium.remote.http.W3CHttpResponseCodec.decode(W3CHttpResponseCodec.java:120)\r\n\tat org.openqa.selenium.remote.http.W3CHttpResponseCodec.decode(W3CHttpResponseCodec.java:49)\r\n\tat org.openqa.selenium.remote.HttpCommandExecutor.execute(HttpCommandExecutor.java:158)\r\n\tat org.openqa.selenium.remote.service.DriverCommandExecutor.execute(DriverCommandExecutor.java:83)\r\n\tat org.openqa.selenium.remote.RemoteWebDriver.execute(RemoteWebDriver.java:552)\r\n\tat org.openqa.selenium.remote.RemoteWebDriver.executeAsyncScript(RemoteWebDriver.java:506)\r\n\tat com.paulhammant.ngwebdriver.NgWebDriver.waitForAngularRequestsToFinish(NgWebDriver.java:68)\r\n\tat org.getopentest.selenium.core.SeleniumTestAction.waitForAsyncCallsToFinish(SeleniumTestAction.java:318)\r\n\tat org.getopentest.selenium.ExecuteScript.run(ExecuteScript.java:20)\r\n\tat org.getopentest.base.TestActor.executeAction(TestActor.java:1571)\r\n\tat org.getopentest.base.TestActor.executeActionByClassName(TestActor.java:1647)\r\n\tat org.getopentest.base.TestActor.executeActionByDef(TestActor.java:1749)\r\n\tat org.getopentest.base.TestActor.access$1200(TestActor.java:84)\r\n\tat org.getopentest.base.TestActor$23.call(TestActor.java:873)\r\n\tat jdk.scripting.nashorn/jdk.nashorn.internal.runtime.linker.JSObjectLinker.jsObjectScopeCall(JSObjectLinker.java:254)\r\n\tat jdk.scripting.nashorn.scripts/jdk.nashorn.internal.scripts.Script$Recompilation$144$\\^eval\\_$cu1$restOf.:program(<eval>:18)\r\n\tat jdk.scripting.nashorn/jdk.nashorn.internal.runtime.ScriptFunctionData.invoke(ScriptFunctionData.java:655)\r\n\tat jdk.scripting.nashorn/jdk.nashorn.internal.runtime.ScriptFunction.invoke(ScriptFunction.java:513)\r\n\tat jdk.scripting.nashorn/jdk.nashorn.internal.runtime.ScriptRuntime.apply(ScriptRuntime.java:527)\r\n\tat jdk.scripting.nashorn/jdk.nashorn.api.scripting.NashornScriptEngine.evalImpl(NashornScriptEngine.java:456)\r\n\tat jdk.scripting.nashorn/jdk.nashorn.api.scripting.NashornScriptEngine.evalImpl(NashornScriptEngine.java:413)\r\n\tat jdk.scripting.nashorn/jdk.nashorn.api.scripting.NashornScriptEngine.evalImpl(NashornScriptEngine.java:409)\r\n\tat jdk.scripting.nashorn/jdk.nashorn.api.scripting.NashornScriptEngine.eval(NashornScriptEngine.java:162)\r\n\tat java.scripting/javax.script.AbstractScriptEngine.eval(AbstractScriptEngine.java:264)\r\n\tat org.getopentest.base.TestActor.evalScript(TestActor.java:1476)\r\n\tat org.getopentest.base.ScriptAction.run(ScriptAction.java:32)\r\n\tat org.getopentest.base.TestActor.executeAction(TestActor.java:1571)\r\n\tat org.getopentest.base.TestActor.executeActionByDef(TestActor.java:1739)\r\n\tat org.getopentest.base.TestActor.executeMacroActionByDef(TestActor.java:1938)\r\n\tat org.getopentest.base.TestActor.executeMacroActionByName(TestActor.java:2013)\r\n\tat org.getopentest.base.TestActor.executeActionByDef(TestActor.java:1745)\r\n\tat org.getopentest.base.TestActor.executeTestSegment(TestActor.java:2092)\r\n\tat org.getopentest.base.TestActor.runOneSession(TestActor.java:3077)\r\n\tat org.getopentest.base.TestActor.runOneSession(TestActor.java:3113)\r\n\tat org.getopentest.Main.main(Main.java:20)\r\n","v":0}
{"name":"1741646075","hostname":"DESKTOP-ATRG469","pid":25244,"level":20,"actorType":"ACTOR1","actorId":"22256","time":"2025-03-10T22:34:47.1619351Z","msg":"DEBUG: The output values from action org.getopentest.selenium.ExecuteScript were: \n\t>>>>> result = null","v":0}
{"name":"1741646075","hostname":"DESKTOP-ATRG469","pid":25244,"level":30,"actorType":"ACTOR1","actorId":"22256","time":"2025-03-10T22:34:51.1744416Z","msg":"Evaluating action 4/9 (DemoBlaze.ChooseNavOption) in segment 1...","v":0}
{"name":"1741646075","hostname":"DESKTOP-ATRG469","pid":25244,"level":30,"actorType":"ACTOR1","actorId":"22256","time":"2025-03-10T22:34:51.1919866Z","msg":"Executing macro DemoBlaze/ChooseNavOption with arguments {\"item\":\"Home \"}...","v":0}
{"name":"1741646075","hostname":"DESKTOP-ATRG469","pid":25244,"level":30,"actorType":"ACTOR1","actorId":"22256","time":"2025-03-10T22:34:51.1919866Z","msg":"Evaluating action 1/1 in macro DemoBlaze/ChooseNavOption...","v":0}
{"name":"1741646075","hostname":"DESKTOP-ATRG469","pid":25244,"level":10,"actorType":"ACTOR1","actorId":"22256","time":"2025-03-10T22:34:51.1919866Z","msg":"TRACE: Initializing action org.getopentest.base.ScriptAction...","v":0}
{"name":"1741646075","hostname":"DESKTOP-ATRG469","pid":25244,"level":30,"actorType":"ACTOR1","actorId":"22256","time":"2025-03-10T22:34:51.1919866Z","msg":"Executing action org.getopentest.base.ScriptAction (no arguments were provided)...","v":0}
{"name":"1741646075","hostname":"DESKTOP-ATRG469","pid":25244,"level":50,"actorType":"ACTOR1","actorId":"22256","time":"2025-03-10T22:34:53.2529707Z","msg":"ERROR: java.lang.Exception: Failed executing test web/DemoBlaze/Caso3, segment 1\r\n\tat org.getopentest.base.TestActor.executeTestSegment(TestActor.java:2208)\r\n\tat org.getopentest.base.TestActor.runOneSession(TestActor.java:3077)\r\n\tat org.getopentest.base.TestActor.runOneSession(TestActor.java:3113)\r\n\tat org.getopentest.Main.main(Main.java:20)\r\nCaused by: java.lang.RuntimeException: There was an error while executing action no. 4 (DemoBlaze.ChooseNavOption) in segment 1 of test web/DemoBlaze/Caso3.\nThe action definition was:\n{\n  \"action\": \"org.getopentest.base.MacroAction\",\n  \"args\": {\n    \"item\": \"Home \"\n  },\n  \"macro\": \"DemoBlaze.ChooseNavOption\"\n}\r\n\tat org.getopentest.base.TestActor.executeTestSegment(TestActor.java:2142)\r\n\t... 3 more\r\nCaused by: java.lang.RuntimeException: Failed executing action org.getopentest.base.MacroAction with arguments {\"item\":\"Home \"}\r\n\tat org.getopentest.base.TestActor.executeActionByDef(TestActor.java:1872)\r\n\tat org.getopentest.base.TestActor.executeTestSegment(TestActor.java:2092)\r\n\t... 3 more\r\nCaused by: java.lang.Exception: There was an error executing macro action DemoBlaze.ChooseNavOption with arguments {\"item\":\"Home \"}\r\n\tat org.getopentest.base.TestActor.executeMacroActionByName(TestActor.java:2021)\r\n\tat org.getopentest.base.TestActor.executeActionByDef(TestActor.java:1745)\r\n\t... 4 more\r\nCaused by: java.lang.RuntimeException: There was an error while executing action no. 1 (org.getopentest.base.ScriptAction) in macro DemoBlaze/ChooseNavOption.\nThe action definition was:\n{\n  \"action\": \"org.getopentest.base.ScriptAction\",\n  \"script\": \"$delay(2000);\\n// var locator = $data(\\\"DemoBlaze/ChooseNavOption/locators\\\").homepage.item;\\nvar tmp = JSON.stringify($data(\\\"DemoBlaze/ChooseNavOption/locators\\\").homepage.item);\\nvar locatorTmp = JSON.parse(tmp);\\nlocatorTmp.xpath = locatorTmp.xpath.replace(\\\"##item##\\\", $macroArgs.item);\\n$runAction(\\\"org.getopentest.selenium.ExecuteScript\\\", {\\n  script: \\\"var element = document.evaluate('\\\" + locatorTmp.xpath +\\\"', document, null, XPathResult.FIRST_ORDERED_NODE_TYPE, null).singleNodeValue;\\\" +\\n    \\\"if (element) {\\\"+\\n        \\\"element.click();\\\"+\\n    \\\"}\\\"\\n});\\n$delay(1000);\"\n}\r\n\tat org.getopentest.base.TestActor.executeMacroActionByDef(TestActor.java:1973)\r\n\tat org.getopentest.base.TestActor.executeMacroActionByName(TestActor.java:2013)\r\n\t... 5 more\r\nCaused by: java.lang.RuntimeException: Failed executing action org.getopentest.base.ScriptAction (no arguments were provided)\r\n\tat org.getopentest.base.TestActor.executeActionByDef(TestActor.java:1872)\r\n\tat org.getopentest.base.TestActor.executeMacroActionByDef(TestActor.java:1938)\r\n\t... 6 more\r\nCaused by: java.lang.RuntimeException: Failed to evaluate JavaScript code at line number ?. The script content was: \n$delay(2000);\n// var locator = $data(\"DemoBlaze/ChooseNavOption/locators\").homepage.item;\nvar tmp = JSON.stringify($data(\"DemoBlaze/ChooseNavOption/locators\").homepage.item);\nvar locatorTmp = JSON.parse(tmp);\nlocatorTmp.xpath = locatorTmp.xpath.replace(\"##item##\", $macroArgs.item);\n$runAction(\"org.getopentest.selenium.ExecuteScript\", {\n  script: \"var element = document.evaluate('\" + locatorTmp.xpath +\"', document, null, XPathResult.FIRST_ORDERED_NODE_TYPE, null).singleNodeValue;\" +\n    \"if (element) {\"+\n        \"element.click();\"+\n    \"}\"\n});\n$delay(1000);\r\n\tat org.getopentest.base.TestActor.evalScript(TestActor.java:1490)\r\n\tat org.getopentest.base.ScriptAction.run(ScriptAction.java:32)\r\n\tat org.getopentest.base.TestActor.executeAction(TestActor.java:1571)\r\n\tat org.getopentest.base.TestActor.executeActionByDef(TestActor.java:1739)\r\n\t... 7 more\r\nCaused by: javax.script.ScriptException: SyntaxError: Invalid JSON: <json>:1:0 Expected json literal but found u\r\nundefined\r\n^ in <eval> at line number 4\r\n\tat jdk.scripting.nashorn/jdk.nashorn.api.scripting.NashornScriptEngine.throwAsScriptException(NashornScriptEngine.java:477)\r\n\tat jdk.scripting.nashorn/jdk.nashorn.api.scripting.NashornScriptEngine.evalImpl(NashornScriptEngine.java:461)\r\n\tat jdk.scripting.nashorn/jdk.nashorn.api.scripting.NashornScriptEngine.evalImpl(NashornScriptEngine.java:413)\r\n\tat jdk.scripting.nashorn/jdk.nashorn.api.scripting.NashornScriptEngine.evalImpl(NashornScriptEngine.java:409)\r\n\tat jdk.scripting.nashorn/jdk.nashorn.api.scripting.NashornScriptEngine.eval(NashornScriptEngine.java:162)\r\n\tat java.scripting/javax.script.AbstractScriptEngine.eval(AbstractScriptEngine.java:264)\r\n\tat org.getopentest.base.TestActor.evalScript(TestActor.java:1476)\r\n\t... 10 more\r\nCaused by: <eval>:4 SyntaxError: Invalid JSON: <json>:1:0 Expected json literal but found u\r\nundefined\r\n^\r\n\tat jdk.scripting.nashorn/jdk.nashorn.internal.runtime.ECMAErrors.error(ECMAErrors.java:57)\r\n\tat jdk.scripting.nashorn/jdk.nashorn.internal.runtime.ECMAErrors.syntaxError(ECMAErrors.java:160)\r\n\tat jdk.scripting.nashorn/jdk.nashorn.internal.runtime.ECMAErrors.syntaxError(ECMAErrors.java:145)\r\n\tat jdk.scripting.nashorn/jdk.nashorn.internal.runtime.JSONFunctions.parse(JSONFunctions.java:81)\r\n\tat jdk.scripting.nashorn/jdk.nashorn.internal.objects.NativeJSON.parse(NativeJSON.java:118)\r\n\tat jdk.scripting.nashorn.scripts/jdk.nashorn.internal.scripts.Script$Recompilation$150$\\^eval\\_$cu1$restOf.:program(<eval>:4)\r\n\tat jdk.scripting.nashorn/jdk.nashorn.internal.runtime.ScriptFunctionData.invoke(ScriptFunctionData.java:655)\r\n\tat jdk.scripting.nashorn/jdk.nashorn.internal.runtime.ScriptFunction.invoke(ScriptFunction.java:513)\r\n\tat jdk.scripting.nashorn/jdk.nashorn.internal.runtime.ScriptRuntime.apply(ScriptRuntime.java:527)\r\n\tat jdk.scripting.nashorn/jdk.nashorn.api.scripting.NashornScriptEngine.evalImpl(NashornScriptEngine.java:456)\r\n\t... 15 more\r\nCaused by: jdk.nashorn.internal.runtime.ParserException: <json>:1:0 Expected json literal but found u\r\nundefined\r\n^\r\n\tat jdk.scripting.nashorn/jdk.nashorn.internal.parser.JSONParser.error(JSONParser.java:529)\r\n\tat jdk.scripting.nashorn/jdk.nashorn.internal.parser.JSONParser.error(JSONParser.java:533)\r\n\tat jdk.scripting.nashorn/jdk.nashorn.internal.parser.JSONParser.expectedError(JSONParser.java:541)\r\n\tat jdk.scripting.nashorn/jdk.nashorn.internal.parser.JSONParser.parseLiteral(JSONParser.java:182)\r\n\tat jdk.scripting.nashorn/jdk.nashorn.internal.parser.JSONParser.parse(JSONParser.java:148)\r\n\tat jdk.scripting.nashorn/jdk.nashorn.internal.runtime.JSONFunctions.parse(JSONFunctions.java:79)\r\n\t... 21 more\r\n","v":0}
{"name":"1741646075","hostname":"DESKTOP-ATRG469","pid":25244,"level":30,"actorType":"ACTOR1","actorId":"22256","time":"2025-03-10T22:34:53.7714842Z","msg":"Test session has completed","v":0}
{"name":"1741646075","hostname":"DESKTOP-ATRG469","pid":25244,"level":10,"actorType":"ACTOR1","actorId":"22256","time":"2025-03-10T22:34:53.7726697Z","msg":"TRACE: Firing TEST_COMPLETED event...","v":0}
{"name":"1741646075","hostname":"DESKTOP-ATRG469","pid":25244,"level":10,"actorType":"ACTOR1","actorId":"22256","time":"2025-03-10T22:34:53.9209349Z","msg":"TRACE: Firing SESSION_COMPLETED event...","v":0}
{"name":"1741646075","hostname":"DESKTOP-ATRG469","pid":25244,"level":30,"actorType":"ACTOR1","actorId":"22256","time":"2025-03-10T22:34:53.9219362Z","msg":"Actor 22256 of type ACTOR1 with no tags is waiting to be acquired by a test session...","v":0}
{"name":"1741646075","hostname":"DESKTOP-ATRG469","pid":25244,"level":10,"actorType":"ACTOR1","actorId":"22256","time":"2025-03-10T22:36:16.8560984Z","msg":"TRACE: Initializing test session information in the \"announce\" method...","v":0}
{"name":"1741646075","hostname":"DESKTOP-ATRG469","pid":25244,"level":10,"actorType":"ACTOR1","actorId":"22256","time":"2025-03-10T22:36:16.8571Z","msg":"TRACE: Session ID in sync server response was 1741646175; actor session ID was null","v":0}
